2026-04-17 22:36:14,881 INFO   WildDocBench hashes: 596
2026-04-17 22:36:14,882 INFO Loaded 596 total known hashes

2026-04-17 22:36:14,882 INFO Output:  /home/ubuntu/projects/ScanGap/data/wildscans_candidates/loc_letters
2026-04-17 22:36:14,882 INFO Period:  1900–1969 (pre1950s · 1950s · 1960s)
2026-04-17 22:36:14,882 INFO Quota:   150 per decade

2026-04-17 22:36:14,882 INFO 
── pre1950s (1900–1949) ──
2026-04-17 22:36:14,882 INFO   [pre1950s] query: 'handwritten letter' + ['original-format:manuscript/mixed material', 'online-format:image']
2026-04-17 22:36:23,977 INFO   + [pre1950s] loc_letters_pre1950s_996783f68f50_p01.jpg  (p1, 1/150)
2026-04-17 22:36:25,498 INFO   + [pre1950s] loc_letters_pre1950s_547cdcaadb8b_p02.jpg  (p2, 2/150)
2026-04-17 22:36:27,076 INFO   + [pre1950s] loc_letters_pre1950s_cc6554c5bf5b_p03.jpg  (p3, 3/150)
2026-04-17 22:36:28,306 INFO   + [pre1950s] loc_letters_pre1950s_9a64ec3822bc_p01.jpg  (p1, 4/150)
2026-04-17 22:37:00,799 INFO   + [pre1950s] loc_letters_pre1950s_b1d1badffc2b_p01.jpg  (p1, 5/150)
2026-04-17 22:37:04,007 INFO   + [pre1950s] loc_letters_pre1950s_626ea80f39bd_p01.jpg  (p1, 6/150)
2026-04-17 22:37:04,368 INFO   + [pre1950s] loc_letters_pre1950s_ddcc2b4e48ab_p02.jpg  (p2, 7/150)
2026-04-17 22:38:42,196 INFO   + [pre1950s] loc_letters_pre1950s_7a288b3af358_p03.jpg  (p3, 8/150)
2026-04-17 22:39:26,480 INFO   + [pre1950s] loc_letters_pre1950s_83c4f75db21a_p01.jpg  (p1, 9/150)
2026-04-17 22:39:27,282 INFO   + [pre1950s] loc_letters_pre1950s_500d160a61a3_p01.jpg  (p1, 10/150)
2026-04-17 22:40:50,477 INFO   + [pre1950s] loc_letters_pre1950s_f5e0b1ca6a6b_p01.jpg  (p1, 11/150)
2026-04-17 22:40:53,539 INFO   + [pre1950s] loc_letters_pre1950s_465f229c655b_p01.jpg  (p1, 12/150)
2026-04-17 22:40:54,888 INFO   + [pre1950s] loc_letters_pre1950s_fe1fa35e2fc1_p02.jpg  (p2, 13/150)
2026-04-17 22:40:56,030 INFO   + [pre1950s] loc_letters_pre1950s_77acd2e25fc8_p01.jpg  (p1, 14/150)
2026-04-17 22:41:49,597 INFO   + [pre1950s] loc_letters_pre1950s_8d997b69f381_p02.jpg  (p2, 15/150)
2026-04-17 22:41:50,371 INFO   + [pre1950s] loc_letters_pre1950s_e43d0c6b6e16_p03.jpg  (p3, 16/150)
2026-04-17 22:41:53,443 INFO   + [pre1950s] loc_letters_pre1950s_aa23d4c533bb_p01.jpg  (p1, 17/150)
2026-04-17 22:42:45,074 INFO   + [pre1950s] loc_letters_pre1950s_0815be50a8c7_p03.jpg  (p3, 18/150)
2026-04-17 22:42:47,445 INFO   + [pre1950s] loc_letters_pre1950s_9c29d0e8fa16_p01.jpg  (p1, 19/150)
2026-04-17 22:42:48,322 INFO   + [pre1950s] loc_letters_pre1950s_b2900fa3a7e2_p02.jpg  (p2, 20/150)
2026-04-17 22:42:48,871 INFO   + [pre1950s] loc_letters_pre1950s_05bf94e41c3b_p03.jpg  (p3, 21/150)
2026-04-17 22:43:27,056 INFO   + [pre1950s] loc_letters_pre1950s_4f4cc9b3e489_p01.jpg  (p1, 22/150)
2026-04-17 22:43:31,925 INFO   + [pre1950s] loc_letters_pre1950s_30bfdf0f933e_p01.jpg  (p1, 23/150)
2026-04-17 22:44:23,600 INFO   + [pre1950s] loc_letters_pre1950s_06f1533642c6_p01.jpg  (p1, 24/150)
2026-04-17 22:44:26,418 INFO   + [pre1950s] loc_letters_pre1950s_2f59a6a7f3af_p01.jpg  (p1, 25/150)
2026-04-17 22:44:27,326 INFO   + [pre1950s] loc_letters_pre1950s_649c300371fe_p02.jpg  (p2, 26/150)
2026-04-17 22:44:30,307 INFO   + [pre1950s] loc_letters_pre1950s_6a4aea7736dd_p01.jpg  (p1, 27/150)
2026-04-17 22:44:31,276 INFO   + [pre1950s] loc_letters_pre1950s_9bffcd977752_p02.jpg  (p2, 28/150)
2026-04-17 22:44:31,820 INFO   + [pre1950s] loc_letters_pre1950s_471cff6483f6_p03.jpg  (p3, 29/150)
2026-04-17 22:44:32,182 INFO   + [pre1950s] loc_letters_pre1950s_2c9ee2bbc001_p01.jpg  (p1, 30/150)
2026-04-17 22:45:48,856 INFO   + [pre1950s] loc_letters_pre1950s_78f633baf6a1_p01.jpg  (p1, 31/150)
2026-04-17 22:47:33,789 INFO   + [pre1950s] loc_letters_pre1950s_289dd5b47b5d_p03.jpg  (p3, 32/150)
2026-04-17 22:47:39,929 INFO   + [pre1950s] loc_letters_pre1950s_4cb4ca93b269_p01.jpg  (p1, 33/150)
2026-04-17 22:47:41,538 INFO   + [pre1950s] loc_letters_pre1950s_9a69849a9f96_p03.jpg  (p3, 34/150)
2026-04-17 22:47:46,100 INFO   + [pre1950s] loc_letters_pre1950s_09f30dfc5d4b_p02.jpg  (p2, 35/150)
2026-04-17 22:47:46,688 INFO   + [pre1950s] loc_letters_pre1950s_5d4127889a81_p03.jpg  (p3, 36/150)
2026-04-17 22:50:40,485 INFO   + [pre1950s] loc_letters_pre1950s_40cc380cc701_p01.jpg  (p1, 37/150)
2026-04-17 22:50:44,324 INFO   + [pre1950s] loc_letters_pre1950s_67bde2c28a0f_p01.jpg  (p1, 38/150)
2026-04-17 22:50:45,087 INFO   + [pre1950s] loc_letters_pre1950s_6992cc2c3a33_p02.jpg  (p2, 39/150)
2026-04-17 22:50:46,851 INFO   + [pre1950s] loc_letters_pre1950s_1d3bb5aee538_p03.jpg  (p3, 40/150)
2026-04-17 22:50:51,205 INFO   + [pre1950s] loc_letters_pre1950s_bfe25df51c55_p01.jpg  (p1, 41/150)
2026-04-17 22:50:52,067 INFO   + [pre1950s] loc_letters_pre1950s_3c9429fd4cc2_p02.jpg  (p2, 42/150)
2026-04-17 22:50:53,240 INFO   + [pre1950s] loc_letters_pre1950s_c3e9409ce441_p03.jpg  (p3, 43/150)
2026-04-17 22:51:50,169 INFO   + [pre1950s] loc_letters_pre1950s_3c5f08f6a6cf_p02.jpg  (p2, 44/150)
2026-04-17 22:51:51,076 INFO   + [pre1950s] loc_letters_pre1950s_c8e89aa7890e_p03.jpg  (p3, 45/150)
2026-04-17 22:52:43,493 INFO   + [pre1950s] loc_letters_pre1950s_ab79473a4674_p01.jpg  (p1, 46/150)
2026-04-17 22:53:33,113 INFO   + [pre1950s] loc_letters_pre1950s_6e2687c50386_p02.jpg  (p2, 47/150)
2026-04-17 22:53:34,809 INFO   + [pre1950s] loc_letters_pre1950s_b3aed62bbf1b_p03.jpg  (p3, 48/150)
2026-04-17 22:54:15,698 INFO   + [pre1950s] loc_letters_pre1950s_02d6fd67be69_p01.jpg  (p1, 49/150)
2026-04-17 22:54:20,103 INFO   + [pre1950s] loc_letters_pre1950s_e03b240cb2d9_p01.jpg  (p1, 50/150)
2026-04-17 22:55:14,094 INFO   + [pre1950s] loc_letters_pre1950s_c0b1f4bea184_p03.jpg  (p3, 51/150)
2026-04-17 22:55:20,456 INFO   + [pre1950s] loc_letters_pre1950s_3c73922d31fe_p01.jpg  (p1, 52/150)
2026-04-17 22:55:22,523 INFO   + [pre1950s] loc_letters_pre1950s_658ada0c5af6_p02.jpg  (p2, 53/150)
2026-04-17 22:55:23,608 INFO   + [pre1950s] loc_letters_pre1950s_84befdc891ce_p03.jpg  (p3, 54/150)
2026-04-17 22:55:29,087 INFO   + [pre1950s] loc_letters_pre1950s_880ee7fb8125_p01.jpg  (p1, 55/150)
2026-04-17 22:55:30,594 INFO   + [pre1950s] loc_letters_pre1950s_da5376a275ed_p02.jpg  (p2, 56/150)
2026-04-17 22:55:31,760 INFO   + [pre1950s] loc_letters_pre1950s_4a3502ddf03e_p03.jpg  (p3, 57/150)
2026-04-17 22:55:35,843 INFO   + [pre1950s] loc_letters_pre1950s_df3b45582fc4_p01.jpg  (p1, 58/150)
2026-04-17 22:55:36,969 INFO   + [pre1950s] loc_letters_pre1950s_35b6cd65f637_p02.jpg  (p2, 59/150)
2026-04-17 22:55:37,875 INFO   + [pre1950s] loc_letters_pre1950s_bf78a32ea857_p03.jpg  (p3, 60/150)
2026-04-17 22:55:42,158 INFO   + [pre1950s] loc_letters_pre1950s_9a9a36bede4a_p01.jpg  (p1, 61/150)
2026-04-17 22:55:44,286 INFO   + [pre1950s] loc_letters_pre1950s_19fc8e6392ed_p02.jpg  (p2, 62/150)
2026-04-17 22:55:45,903 INFO   + [pre1950s] loc_letters_pre1950s_87ae2b68ea03_p03.jpg  (p3, 63/150)
2026-04-17 22:55:50,428 INFO   + [pre1950s] loc_letters_pre1950s_348cb4d9ac8e_p01.jpg  (p1, 64/150)
2026-04-17 22:55:51,287 INFO   + [pre1950s] loc_letters_pre1950s_9bd356385626_p02.jpg  (p2, 65/150)
2026-04-17 22:55:51,728 INFO   + [pre1950s] loc_letters_pre1950s_2916d93cfa4c_p03.jpg  (p3, 66/150)
2026-04-17 22:55:54,764 INFO   + [pre1950s] loc_letters_pre1950s_b956aced63d2_p01.jpg  (p1, 67/150)
2026-04-17 22:56:59,124 INFO   + [pre1950s] loc_letters_pre1950s_c810675dca03_p03.jpg  (p3, 68/150)
2026-04-17 22:57:04,014 INFO   + [pre1950s] loc_letters_pre1950s_2f293891f743_p01.jpg  (p1, 69/150)
2026-04-17 22:57:08,620 INFO   + [pre1950s] loc_letters_pre1950s_8f611829edb5_p01.jpg  (p1, 70/150)
2026-04-17 22:57:09,574 INFO   + [pre1950s] loc_letters_pre1950s_e38be6cabaa7_p02.jpg  (p2, 71/150)
2026-04-17 23:01:47,862 INFO   + [pre1950s] loc_letters_pre1950s_566e272dfd18_p01.jpg  (p1, 72/150)
2026-04-17 23:02:36,360 INFO   + [pre1950s] loc_letters_pre1950s_ec4e9104ade3_p02.jpg  (p2, 73/150)
2026-04-17 23:03:45,123 INFO   + [pre1950s] loc_letters_pre1950s_a800d9b990ad_p01.jpg  (p1, 74/150)
2026-04-17 23:03:47,896 INFO   + [pre1950s] loc_letters_pre1950s_ce66b3f6ba0b_p02.jpg  (p2, 75/150)
2026-04-17 23:03:48,779 INFO   + [pre1950s] loc_letters_pre1950s_2c78ad8c6f4a_p03.jpg  (p3, 76/150)
2026-04-17 23:03:53,387 INFO   + [pre1950s] loc_letters_pre1950s_c8ff303c7f52_p01.jpg  (p1, 77/150)
2026-04-17 23:03:54,352 INFO   + [pre1950s] loc_letters_pre1950s_36314e90b279_p02.jpg  (p2, 78/150)
2026-04-17 23:03:59,836 INFO   + [pre1950s] loc_letters_pre1950s_e285f8a00e21_p01.jpg  (p1, 79/150)
2026-04-17 23:04:00,729 INFO   + [pre1950s] loc_letters_pre1950s_d4c3be288b03_p02.jpg  (p2, 80/150)
2026-04-17 23:04:48,974 INFO   + [pre1950s] loc_letters_pre1950s_b7ea3220d771_p02.jpg  (p2, 81/150)
2026-04-17 23:04:51,162 INFO   + [pre1950s] loc_letters_pre1950s_967286dc0b58_p03.jpg  (p3, 82/150)
2026-04-17 23:04:54,632 INFO   + [pre1950s] loc_letters_pre1950s_f8db3c137692_p01.jpg  (p1, 83/150)
2026-04-17 23:04:56,081 INFO   + [pre1950s] loc_letters_pre1950s_9acb0c0f835a_p02.jpg  (p2, 84/150)
2026-04-17 23:04:56,614 INFO   + [pre1950s] loc_letters_pre1950s_a4f10721c499_p03.jpg  (p3, 85/150)
2026-04-17 23:05:37,813 INFO   + [pre1950s] loc_letters_pre1950s_05d23e8d2d21_p01.jpg  (p1, 86/150)
2026-04-17 23:05:41,964 INFO   + [pre1950s] loc_letters_pre1950s_ca224d507d86_p01.jpg  (p1, 87/150)
2026-04-17 23:05:43,195 INFO   + [pre1950s] loc_letters_pre1950s_7c4cc3620711_p02.jpg  (p2, 88/150)
2026-04-17 23:05:44,039 INFO   + [pre1950s] loc_letters_pre1950s_36a4e1360b60_p03.jpg  (p3, 89/150)
2026-04-17 23:05:47,251 INFO   + [pre1950s] loc_letters_pre1950s_525795e40e07_p01.jpg  (p1, 90/150)
2026-04-17 23:05:48,369 INFO   + [pre1950s] loc_letters_pre1950s_0f9af6d065dc_p02.jpg  (p2, 91/150)
2026-04-17 23:05:49,959 INFO   + [pre1950s] loc_letters_pre1950s_d4db3900eb89_p03.jpg  (p3, 92/150)
2026-04-17 23:05:54,983 INFO   + [pre1950s] loc_letters_pre1950s_3a73713b1fff_p01.jpg  (p1, 93/150)
2026-04-17 23:05:55,905 INFO   + [pre1950s] loc_letters_pre1950s_f799d4cd8431_p02.jpg  (p2, 94/150)
2026-04-17 23:05:56,797 INFO   + [pre1950s] loc_letters_pre1950s_8c6b0a3a6e8c_p03.jpg  (p3, 95/150)
2026-04-17 23:06:04,699 INFO   + [pre1950s] loc_letters_pre1950s_0e8ca8347317_p01.jpg  (p1, 96/150)
2026-04-17 23:06:53,358 INFO   + [pre1950s] loc_letters_pre1950s_afd4d8e104d1_p03.jpg  (p3, 97/150)
2026-04-17 23:07:29,370 INFO   + [pre1950s] loc_letters_pre1950s_7c583a640f46_p01.jpg  (p1, 98/150)
2026-04-17 23:09:54,306 INFO   + [pre1950s] loc_letters_pre1950s_10f2b8eeb170_p02.jpg  (p2, 99/150)
2026-04-17 23:09:55,164 INFO   + [pre1950s] loc_letters_pre1950s_ce27e314744c_p03.jpg  (p3, 100/150)
2026-04-17 23:09:58,267 INFO   + [pre1950s] loc_letters_pre1950s_9ff522e8f31a_p01.jpg  (p1, 101/150)
2026-04-17 23:09:59,055 INFO   + [pre1950s] loc_letters_pre1950s_72e425d1bc21_p02.jpg  (p2, 102/150)
2026-04-17 23:10:45,690 INFO   + [pre1950s] loc_letters_pre1950s_b4de2cf0238e_p01.jpg  (p1, 103/150)
2026-04-17 23:10:46,793 INFO   + [pre1950s] loc_letters_pre1950s_273fa3b3a287_p02.jpg  (p2, 104/150)
2026-04-17 23:10:47,953 INFO   + [pre1950s] loc_letters_pre1950s_242909cad48d_p03.jpg  (p3, 105/150)
2026-04-17 23:11:23,539 INFO   + [pre1950s] loc_letters_pre1950s_74b98aa80ae1_p01.jpg  (p1, 106/150)
2026-04-17 23:11:27,671 INFO   + [pre1950s] loc_letters_pre1950s_cd2181267d35_p01.jpg  (p1, 107/150)
2026-04-17 23:11:28,474 INFO   + [pre1950s] loc_letters_pre1950s_e304c00061a9_p02.jpg  (p2, 108/150)
2026-04-17 23:12:21,506 INFO   + [pre1950s] loc_letters_pre1950s_ac0f2a613e0c_p01.jpg  (p1, 109/150)
2026-04-17 23:12:22,316 INFO   + [pre1950s] loc_letters_pre1950s_6bf6463d6901_p02.jpg  (p2, 110/150)
2026-04-17 23:12:23,248 INFO   + [pre1950s] loc_letters_pre1950s_3f8131c7a65f_p03.jpg  (p3, 111/150)
2026-04-17 23:13:52,444 INFO   + [pre1950s] loc_letters_pre1950s_c5921b8ae19a_p01.jpg  (p1, 112/150)
2026-04-17 23:13:53,274 INFO   + [pre1950s] loc_letters_pre1950s_35d3726192d0_p02.jpg  (p2, 113/150)
2026-04-17 23:13:54,198 INFO   + [pre1950s] loc_letters_pre1950s_1b31c89977dc_p03.jpg  (p3, 114/150)
2026-04-17 23:13:57,994 INFO   + [pre1950s] loc_letters_pre1950s_79d58695ff05_p01.jpg  (p1, 115/150)
2026-04-17 23:13:59,040 INFO   + [pre1950s] loc_letters_pre1950s_b429a52426a7_p02.jpg  (p2, 116/150)
2026-04-17 23:13:59,806 INFO   + [pre1950s] loc_letters_pre1950s_377bbc1c578b_p03.jpg  (p3, 117/150)
2026-04-17 23:15:45,710 INFO   + [pre1950s] loc_letters_pre1950s_4c6a6df97202_p03.jpg  (p3, 118/150)
2026-04-17 23:15:50,268 INFO   + [pre1950s] loc_letters_pre1950s_2060e0c42fc1_p01.jpg  (p1, 119/150)
2026-04-17 23:15:50,660 INFO   + [pre1950s] loc_letters_pre1950s_fc8dbdf252f1_p02.jpg  (p2, 120/150)
2026-04-17 23:15:51,264 INFO   + [pre1950s] loc_letters_pre1950s_18ab73adc1d6_p03.jpg  (p3, 121/150)
2026-04-17 23:15:55,637 INFO   + [pre1950s] loc_letters_pre1950s_dbc60bccc1a3_p01.jpg  (p1, 122/150)
2026-04-17 23:16:38,634 INFO   + [pre1950s] loc_letters_pre1950s_d6643d6dff60_p03.jpg  (p3, 123/150)
2026-04-17 23:17:14,772 INFO   + [pre1950s] loc_letters_pre1950s_dbce624732be_p01.jpg  (p1, 124/150)
2026-04-17 23:17:17,924 INFO   + [pre1950s] loc_letters_pre1950s_6b1df36f6f9d_p01.jpg  (p1, 125/150)
2026-04-17 23:17:18,874 INFO   + [pre1950s] loc_letters_pre1950s_09a4048dfd1f_p02.jpg  (p2, 126/150)
2026-04-17 23:17:19,997 INFO   + [pre1950s] loc_letters_pre1950s_f81023f783b1_p03.jpg  (p3, 127/150)
2026-04-17 23:17:24,769 INFO   + [pre1950s] loc_letters_pre1950s_9ab0a3fcf4f7_p01.jpg  (p1, 128/150)
2026-04-17 23:19:20,285 INFO   + [pre1950s] loc_letters_pre1950s_819b75fbd3ac_p02.jpg  (p2, 129/150)
2026-04-17 23:19:21,737 INFO   + [pre1950s] loc_letters_pre1950s_a6494b3f56c5_p03.jpg  (p3, 130/150)
2026-04-17 23:19:26,083 INFO   + [pre1950s] loc_letters_pre1950s_966fbeec5aa5_p01.jpg  (p1, 131/150)
2026-04-17 23:20:07,433 INFO   + [pre1950s] loc_letters_pre1950s_99aa0d418013_p03.jpg  (p3, 132/150)
2026-04-17 23:21:25,419 INFO   + [pre1950s] loc_letters_pre1950s_4348533448ac_p02.jpg  (p2, 133/150)
2026-04-17 23:21:26,186 INFO   + [pre1950s] loc_letters_pre1950s_985b8bfb95b5_p03.jpg  (p3, 134/150)
2026-04-17 23:21:31,111 INFO   + [pre1950s] loc_letters_pre1950s_fd2eebf777d9_p01.jpg  (p1, 135/150)
2026-04-17 23:22:14,223 INFO   + [pre1950s] loc_letters_pre1950s_ef0a282257fe_p03.jpg  (p3, 136/150)
2026-04-17 23:22:27,274 INFO   + [pre1950s] loc_letters_pre1950s_60896d735250_p01.jpg  (p1, 137/150)
2026-04-17 23:23:32,807 INFO   + [pre1950s] loc_letters_pre1950s_6c20b7a3cc82_p03.jpg  (p3, 138/150)
2026-04-17 23:23:36,630 INFO   + [pre1950s] loc_letters_pre1950s_662c882261fc_p01.jpg  (p1, 139/150)
2026-04-17 23:23:37,126 INFO   + [pre1950s] loc_letters_pre1950s_aae5cb5ab317_p02.jpg  (p2, 140/150)
2026-04-17 23:23:37,618 INFO   + [pre1950s] loc_letters_pre1950s_88326225d933_p03.jpg  (p3, 141/150)
2026-04-17 23:24:34,677 INFO   + [pre1950s] loc_letters_pre1950s_7c3cce395d39_p01.jpg  (p1, 142/150)
2026-04-17 23:24:39,595 INFO   + [pre1950s] loc_letters_pre1950s_7853cfee75d9_p01.jpg  (p1, 143/150)
2026-04-17 23:24:40,465 INFO   + [pre1950s] loc_letters_pre1950s_e8e60356b3c7_p02.jpg  (p2, 144/150)
2026-04-17 23:24:40,798 INFO   + [pre1950s] loc_letters_pre1950s_395b928c6de5_p03.jpg  (p3, 145/150)
2026-04-17 23:25:24,771 INFO   + [pre1950s] loc_letters_pre1950s_2e087963cc07_p01.jpg  (p1, 146/150)
2026-04-17 23:25:28,180 INFO   + [pre1950s] loc_letters_pre1950s_9aa21e47ca5d_p01.jpg  (p1, 147/150)
2026-04-17 23:25:29,141 INFO   + [pre1950s] loc_letters_pre1950s_80954cb9acb6_p02.jpg  (p2, 148/150)
2026-04-17 23:25:30,007 INFO   + [pre1950s] loc_letters_pre1950s_0e4b3b9b2f42_p03.jpg  (p3, 149/150)
2026-04-17 23:26:16,929 INFO   + [pre1950s] loc_letters_pre1950s_b891314e612d_p02.jpg  (p2, 150/150)
2026-04-17 23:26:16,929 INFO 
── 1950s (1950–1959) ──
2026-04-17 23:26:16,930 INFO   [1950s] query: 'handwritten letter' + ['original-format:manuscript/mixed material', 'online-format:image']
2026-04-17 23:26:56,993 WARNING   LOC search error: HTTPSConnectionPool(host='www.loc.gov', port=443): Read timed out. (read timeout=40)
2026-04-17 23:26:56,994 INFO   [1950s] query: 'personal correspondence' + ['original-format:manuscript/mixed material', 'online-format:image']
2026-04-17 23:28:53,706 INFO   + [1950s] loc_letters_1950s_ed55e1394579_p01.jpg  (p1, 1/150)
2026-04-17 23:28:57,497 INFO   + [1950s] loc_letters_1950s_73fb07d4fa26_p01.jpg  (p1, 2/150)
2026-04-17 23:28:58,552 INFO   + [1950s] loc_letters_1950s_f17198c750f4_p02.jpg  (p2, 3/150)
2026-04-17 23:28:59,428 INFO   + [1950s] loc_letters_1950s_b363c2a65912_p03.jpg  (p3, 4/150)
2026-04-17 23:29:03,598 INFO   + [1950s] loc_letters_1950s_4084229b13e7_p01.jpg  (p1, 5/150)
2026-04-17 23:29:45,840 INFO   + [1950s] loc_letters_1950s_1c317b26b527_p03.jpg  (p3, 6/150)
2026-04-17 23:29:49,798 INFO   + [1950s] loc_letters_1950s_a9ec2dc52e51_p01.jpg  (p1, 7/150)
2026-04-17 23:29:52,198 INFO   + [1950s] loc_letters_1950s_bba062527e21_p03.jpg  (p3, 8/150)
2026-04-17 23:30:24,162 INFO   + [1950s] loc_letters_1950s_6104792e3811_p01.jpg  (p1, 9/150)
2026-04-17 23:31:58,517 INFO   + [1950s] loc_letters_1950s_2caa07301347_p01.jpg  (p1, 10/150)
2026-04-17 23:32:34,854 INFO   + [1950s] loc_letters_1950s_a3d7f5162c16_p01.jpg  (p1, 11/150)
2026-04-17 23:32:39,236 INFO   + [1950s] loc_letters_1950s_ba42c6869b4b_p01.jpg  (p1, 12/150)
2026-04-17 23:32:41,315 INFO   + [1950s] loc_letters_1950s_845e1b376bde_p03.jpg  (p3, 13/150)
2026-04-17 23:33:25,802 INFO   + [1950s] loc_letters_1950s_a2451bdec10c_p03.jpg  (p3, 14/150)
2026-04-17 23:33:29,515 INFO   + [1950s] loc_letters_1950s_e3582e4abb10_p01.jpg  (p1, 15/150)
2026-04-17 23:33:32,848 INFO   + [1950s] loc_letters_1950s_6eb8851defa8_p03.jpg  (p3, 16/150)
2026-04-17 23:33:35,904 INFO   + [1950s] loc_letters_1950s_f1ddc917ec4c_p01.jpg  (p1, 17/150)
2026-04-17 23:38:11,346 INFO   + [1950s] loc_letters_1950s_00d67924076e_p03.jpg  (p3, 18/150)
2026-04-17 23:38:18,167 INFO   + [1950s] loc_letters_1950s_2a0ceb411d52_p03.jpg  (p3, 19/150)
2026-04-17 23:39:47,390 INFO   + [1950s] loc_letters_1950s_3840910b932d_p03.jpg  (p3, 20/150)
2026-04-17 23:39:51,177 INFO   + [1950s] loc_letters_1950s_0117d4a0fcbd_p01.jpg  (p1, 21/150)
2026-04-17 23:39:53,279 INFO   + [1950s] loc_letters_1950s_be560c0976fa_p03.jpg  (p3, 22/150)
2026-04-17 23:40:42,529 INFO   + [1950s] loc_letters_1950s_41b53743793d_p03.jpg  (p3, 23/150)
2026-04-17 23:40:48,523 INFO   + [1950s] loc_letters_1950s_dab681028aeb_p03.jpg  (p3, 24/150)
2026-04-17 23:40:54,329 INFO   + [1950s] loc_letters_1950s_6bf42be48c64_p03.jpg  (p3, 25/150)
2026-04-17 23:41:00,424 INFO   + [1950s] loc_letters_1950s_086f21035b2b_p03.jpg  (p3, 26/150)
2026-04-17 23:41:48,133 INFO   + [1950s] loc_letters_1950s_58e63616a616_p03.jpg  (p3, 27/150)
2026-04-17 23:42:34,756 INFO   + [1950s] loc_letters_1950s_65972e8472c3_p03.jpg  (p3, 28/150)
2026-04-17 23:43:29,850 INFO   + [1950s] loc_letters_1950s_9aea5569a23f_p03.jpg  (p3, 29/150)
2026-04-17 23:44:19,116 INFO   + [1950s] loc_letters_1950s_5197cadec8e1_p03.jpg  (p3, 30/150)
2026-04-17 23:45:24,960 INFO   + [1950s] loc_letters_1950s_de658e0b6bcc_p03.jpg  (p3, 31/150)
2026-04-17 23:46:11,535 INFO   + [1950s] loc_letters_1950s_3dec0f300758_p02.jpg  (p2, 32/150)
2026-04-17 23:48:02,242 INFO   + [1950s] loc_letters_1950s_4a313d9b5373_p02.jpg  (p2, 33/150)
2026-04-17 23:48:02,626 INFO   + [1950s] loc_letters_1950s_d041bb97ccd7_p03.jpg  (p3, 34/150)
2026-04-17 23:48:03,885 INFO   + [1950s] loc_letters_1950s_466c7f4bf9ca_p01.jpg  (p1, 35/150)
2026-04-17 23:48:05,324 INFO   + [1950s] loc_letters_1950s_00ba94ed49a9_p01.jpg  (p1, 36/150)
2026-04-17 23:48:06,659 INFO   + [1950s] loc_letters_1950s_78512038dcb8_p01.jpg  (p1, 37/150)
2026-04-17 23:48:07,601 INFO   + [1950s] loc_letters_1950s_80694609a440_p01.jpg  (p1, 38/150)
2026-04-17 23:48:08,826 INFO   + [1950s] loc_letters_1950s_dc89092abda6_p01.jpg  (p1, 39/150)
2026-04-17 23:48:13,800 INFO   + [1950s] loc_letters_1950s_a77f9b8751fa_p01.jpg  (p1, 40/150)
2026-04-17 23:48:14,879 INFO   + [1950s] loc_letters_1950s_557170607955_p02.jpg  (p2, 41/150)
2026-04-17 23:48:17,255 INFO   + [1950s] loc_letters_1950s_4a7ff23896d1_p01.jpg  (p1, 42/150)
2026-04-17 23:48:20,629 INFO   + [1950s] loc_letters_1950s_73f37d33e162_p01.jpg  (p1, 43/150)
2026-04-17 23:48:22,056 INFO   + [1950s] loc_letters_1950s_662b2cfecc24_p01.jpg  (p1, 44/150)
2026-04-17 23:48:22,849 INFO   + [1950s] loc_letters_1950s_b2f1cafbdce5_p01.jpg  (p1, 45/150)
2026-04-17 23:48:24,271 INFO   + [1950s] loc_letters_1950s_9b91d66da2d4_p01.jpg  (p1, 46/150)
2026-04-17 23:48:25,198 INFO   + [1950s] loc_letters_1950s_91ca141363d3_p01.jpg  (p1, 47/150)
2026-04-17 23:49:19,835 INFO   + [1950s] loc_letters_1950s_4296d33ba427_p02.jpg  (p2, 48/150)
2026-04-17 23:49:21,170 INFO   + [1950s] loc_letters_1950s_c86164aa36a8_p01.jpg  (p1, 49/150)
2026-04-17 23:49:28,865 INFO   + [1950s] loc_letters_1950s_7342b13c2766_p01.jpg  (p1, 50/150)
2026-04-17 23:49:30,230 INFO   + [1950s] loc_letters_1950s_e940935fe860_p01.jpg  (p1, 51/150)
2026-04-17 23:49:31,788 INFO   + [1950s] loc_letters_1950s_cb8c58f1a5c9_p01.jpg  (p1, 52/150)
2026-04-17 23:49:32,504 INFO   + [1950s] loc_letters_1950s_e8627a1214fe_p01.jpg  (p1, 53/150)
2026-04-17 23:49:33,658 INFO   + [1950s] loc_letters_1950s_2716db0e7314_p01.jpg  (p1, 54/150)
2026-04-17 23:49:34,877 INFO   + [1950s] loc_letters_1950s_5e0cfaa60ac6_p01.jpg  (p1, 55/150)
2026-04-17 23:49:35,948 INFO   + [1950s] loc_letters_1950s_404cf67a43d9_p01.jpg  (p1, 56/150)
2026-04-17 23:49:37,142 INFO   + [1950s] loc_letters_1950s_32d8d54b6293_p01.jpg  (p1, 57/150)
2026-04-17 23:49:42,752 INFO   + [1950s] loc_letters_1950s_b714d78eea51_p01.jpg  (p1, 58/150)
2026-04-17 23:49:44,637 INFO   + [1950s] loc_letters_1950s_32a0224d0975_p02.jpg  (p2, 59/150)
2026-04-17 23:49:50,046 INFO   + [1950s] loc_letters_1950s_226ea21b6645_p01.jpg  (p1, 60/150)
2026-04-17 23:49:52,196 INFO   + [1950s] loc_letters_1950s_9d72e911c09f_p02.jpg  (p2, 61/150)
2026-04-17 23:49:56,209 INFO   + [1950s] loc_letters_1950s_4c2390859a5b_p01.jpg  (p1, 62/150)
2026-04-17 23:49:57,600 INFO   + [1950s] loc_letters_1950s_dcad70a93dbd_p02.jpg  (p2, 63/150)
2026-04-17 23:50:01,686 INFO   + [1950s] loc_letters_1950s_93693b040201_p01.jpg  (p1, 64/150)
2026-04-17 23:50:54,666 INFO   + [1950s] loc_letters_1950s_56172686f53b_p01.jpg  (p1, 65/150)
2026-04-17 23:52:17,871 INFO   + [1950s] loc_letters_1950s_a581237eda5a_p01.jpg  (p1, 66/150)
2026-04-17 23:52:19,044 INFO   + [1950s] loc_letters_1950s_862c820b961f_p01.jpg  (p1, 67/150)
2026-04-17 23:52:20,356 INFO   + [1950s] loc_letters_1950s_9ea2e2e08b01_p01.jpg  (p1, 68/150)
2026-04-17 23:52:22,307 INFO   + [1950s] loc_letters_1950s_c18a4451f1b8_p01.jpg  (p1, 69/150)
2026-04-17 23:52:22,974 INFO   + [1950s] loc_letters_1950s_6460d022ad56_p01.jpg  (p1, 70/150)
2026-04-17 23:52:24,010 INFO   + [1950s] loc_letters_1950s_6ed8058f5357_p01.jpg  (p1, 71/150)
2026-04-17 23:52:25,274 INFO   + [1950s] loc_letters_1950s_a0dbfcaac051_p01.jpg  (p1, 72/150)
2026-04-17 23:52:26,445 INFO   + [1950s] loc_letters_1950s_cfa40dd6b0a2_p01.jpg  (p1, 73/150)
2026-04-17 23:52:27,876 INFO   + [1950s] loc_letters_1950s_6b81242e1c04_p01.jpg  (p1, 74/150)
2026-04-17 23:52:30,791 INFO   + [1950s] loc_letters_1950s_2766a6b936a0_p01.jpg  (p1, 75/150)
2026-04-17 23:53:12,705 INFO   + [1950s] loc_letters_1950s_14267e736e1d_p02.jpg  (p2, 76/150)
2026-04-17 23:55:12,099 INFO   + [1950s] loc_letters_1950s_467b3ca5bd9a_p01.jpg  (p1, 77/150)
2026-04-17 23:55:13,627 INFO   + [1950s] loc_letters_1950s_ed151c6f5752_p02.jpg  (p2, 78/150)
2026-04-17 23:55:14,865 INFO   + [1950s] loc_letters_1950s_d095db5f0687_p01.jpg  (p1, 79/150)
2026-04-17 23:55:16,724 INFO   + [1950s] loc_letters_1950s_32f670c1ad5f_p01.jpg  (p1, 80/150)
2026-04-17 23:55:17,722 INFO   + [1950s] loc_letters_1950s_d2840bc8aafe_p01.jpg  (p1, 81/150)
2026-04-17 23:56:13,833 INFO   + [1950s] loc_letters_1950s_4058c39047c9_p01.jpg  (p1, 82/150)
2026-04-17 23:56:14,946 INFO   + [1950s] loc_letters_1950s_1c131f96a951_p01.jpg  (p1, 83/150)
2026-04-17 23:57:52,532 INFO   + [1950s] loc_letters_1950s_7306b4291b68_p01.jpg  (p1, 84/150)
2026-04-17 23:57:55,130 INFO   + [1950s] loc_letters_1950s_05bfab676a42_p01.jpg  (p1, 85/150)
2026-04-17 23:58:40,619 INFO   + [1950s] loc_letters_1950s_adbb94fd531b_p01.jpg  (p1, 86/150)
2026-04-17 23:59:37,295 INFO   + [1950s] loc_letters_1950s_3a9062c824df_p02.jpg  (p2, 87/150)
2026-04-17 23:59:41,600 INFO   + [1950s] loc_letters_1950s_c4ecac8c95eb_p01.jpg  (p1, 88/150)
2026-04-18 00:00:23,499 INFO   + [1950s] loc_letters_1950s_44a1b897751c_p03.jpg  (p3, 89/150)
2026-04-18 00:00:32,369 INFO   + [1950s] loc_letters_1950s_70965ba313c4_p01.jpg  (p1, 90/150)
2026-04-18 00:00:33,856 INFO   + [1950s] loc_letters_1950s_bf6851a5ffe1_p02.jpg  (p2, 91/150)
2026-04-18 00:00:37,633 INFO   + [1950s] loc_letters_1950s_81c5c0b8f647_p01.jpg  (p1, 92/150)
2026-04-18 00:00:38,964 INFO   + [1950s] loc_letters_1950s_db4ef1f47aa8_p02.jpg  (p2, 93/150)
2026-04-18 00:00:40,804 INFO   + [1950s] loc_letters_1950s_27289a4a341e_p03.jpg  (p3, 94/150)
2026-04-18 00:00:41,836 INFO   + [1950s] loc_letters_1950s_cdd9bdb70045_p01.jpg  (p1, 95/150)
2026-04-18 00:00:43,148 INFO   + [1950s] loc_letters_1950s_3daaaf2097b4_p01.jpg  (p1, 96/150)
2026-04-18 00:00:44,668 INFO   + [1950s] loc_letters_1950s_85b164194f93_p01.jpg  (p1, 97/150)
2026-04-18 00:00:46,032 INFO   + [1950s] loc_letters_1950s_d547c147e598_p01.jpg  (p1, 98/150)
2026-04-18 00:00:47,626 INFO   + [1950s] loc_letters_1950s_b7d55cbfd6e0_p01.jpg  (p1, 99/150)
2026-04-18 00:03:31,169 INFO   + [1950s] loc_letters_1950s_5d5531aede32_p01.jpg  (p1, 100/150)
2026-04-18 00:03:32,807 INFO   + [1950s] loc_letters_1950s_23bc627b488d_p02.jpg  (p2, 101/150)
2026-04-18 00:03:37,359 INFO   + [1950s] loc_letters_1950s_384bf328490f_p01.jpg  (p1, 102/150)
2026-04-18 00:03:38,463 INFO   + [1950s] loc_letters_1950s_adaed42a314c_p02.jpg  (p2, 103/150)
2026-04-18 00:04:26,629 INFO   + [1950s] loc_letters_1950s_46ee24a26eb1_p02.jpg  (p2, 104/150)
2026-04-18 00:04:32,556 INFO   + [1950s] loc_letters_1950s_1b52f33b3f37_p01.jpg  (p1, 105/150)
2026-04-18 00:04:34,897 INFO   + [1950s] loc_letters_1950s_08434dc99b2b_p02.jpg  (p2, 106/150)
2026-04-18 00:05:20,501 INFO   + [1950s] loc_letters_1950s_35f8ed2e4136_p01.jpg  (p1, 107/150)
2026-04-18 00:05:22,198 INFO   + [1950s] loc_letters_1950s_47a68b04a82b_p02.jpg  (p2, 108/150)
2026-04-18 00:06:16,252 INFO   + [1950s] loc_letters_1950s_4c394e87f9a5_p02.jpg  (p2, 109/150)
2026-04-18 00:06:17,885 INFO   + [1950s] loc_letters_1950s_04305d740f18_p03.jpg  (p3, 110/150)
2026-04-18 00:06:19,449 INFO   + [1950s] loc_letters_1950s_09996d092d05_p01.jpg  (p1, 111/150)
2026-04-18 00:06:21,140 INFO   + [1950s] loc_letters_1950s_0d0d130abdca_p01.jpg  (p1, 112/150)
2026-04-18 00:06:24,004 INFO   + [1950s] loc_letters_1950s_b713143c3699_p01.jpg  (p1, 113/150)
2026-04-18 00:07:10,478 INFO   + [1950s] loc_letters_1950s_5820e6d8ad01_p02.jpg  (p2, 114/150)
2026-04-18 00:07:53,454 INFO   + [1950s] loc_letters_1950s_ef91136f2884_p01.jpg  (p1, 115/150)
2026-04-18 00:07:56,924 INFO   + [1950s] loc_letters_1950s_60a9a5c3a564_p01.jpg  (p1, 116/150)
2026-04-18 00:08:51,934 INFO   + [1950s] loc_letters_1950s_cd7a7c57d3ef_p01.jpg  (p1, 117/150)
2026-04-18 00:11:10,589 INFO   + [1950s] loc_letters_1950s_61f86667e6f1_p01.jpg  (p1, 118/150)
2026-04-18 00:11:14,107 INFO   + [1950s] loc_letters_1950s_50ba8cec2ec2_p01.jpg  (p1, 119/150)
2026-04-18 00:11:15,105 INFO   + [1950s] loc_letters_1950s_efb0f2739c7a_p02.jpg  (p2, 120/150)
2026-04-18 00:11:19,177 INFO   + [1950s] loc_letters_1950s_dce84c37322f_p01.jpg  (p1, 121/150)
2026-04-18 00:12:40,519 INFO   + [1950s] loc_letters_1950s_a5328ad2efbf_p01.jpg  (p1, 122/150)
2026-04-18 00:13:35,212 INFO   + [1950s] loc_letters_1950s_e7a12105b117_p02.jpg  (p2, 123/150)
2026-04-18 00:13:38,431 INFO   + [1950s] loc_letters_1950s_5a00a1a49b55_p01.jpg  (p1, 124/150)
2026-04-18 00:13:39,913 INFO   + [1950s] loc_letters_1950s_a0bb18a4421b_p02.jpg  (p2, 125/150)
2026-04-18 00:13:40,720 INFO   + [1950s] loc_letters_1950s_5bc84e09330a_p03.jpg  (p3, 126/150)
2026-04-18 00:13:43,893 INFO   + [1950s] loc_letters_1950s_f546f4453c14_p01.jpg  (p1, 127/150)
2026-04-18 00:13:44,258 INFO   + [1950s] loc_letters_1950s_2703335560cf_p02.jpg  (p2, 128/150)
2026-04-18 00:13:45,183 INFO   + [1950s] loc_letters_1950s_b9118729ecff_p03.jpg  (p3, 129/150)
2026-04-18 00:13:46,500 INFO   + [1950s] loc_letters_1950s_258fc02182e5_p01.jpg  (p1, 130/150)
2026-04-18 00:13:47,464 INFO   + [1950s] loc_letters_1950s_d5104912dd82_p01.jpg  (p1, 131/150)
2026-04-18 00:14:47,829 INFO   + [1950s] loc_letters_1950s_8ff493963b89_p01.jpg  (p1, 132/150)
2026-04-18 00:16:08,635 INFO   + [1950s] loc_letters_1950s_f4f9c7b6b5ee_p01.jpg  (p1, 133/150)
2026-04-18 00:16:09,685 INFO   + [1950s] loc_letters_1950s_594962447352_p01.jpg  (p1, 134/150)
2026-04-18 00:16:10,956 INFO   + [1950s] loc_letters_1950s_7f64bf7a0b02_p01.jpg  (p1, 135/150)
2026-04-18 00:16:12,667 INFO   + [1950s] loc_letters_1950s_fdf6160d699b_p01.jpg  (p1, 136/150)
2026-04-18 00:17:06,960 INFO   + [1950s] loc_letters_1950s_3bcdae0733e0_p01.jpg  (p1, 137/150)
2026-04-18 00:17:07,888 INFO   + [1950s] loc_letters_1950s_881f51f91238_p02.jpg  (p2, 138/150)
2026-04-18 00:18:03,067 INFO   + [1950s] loc_letters_1950s_dd9e993ec369_p01.jpg  (p1, 139/150)
2026-04-18 00:18:04,406 INFO   + [1950s] loc_letters_1950s_7ca2d636fcfd_p02.jpg  (p2, 140/150)
2026-04-18 00:18:06,359 INFO   + [1950s] loc_letters_1950s_b7589fe0d82c_p01.jpg  (p1, 141/150)
2026-04-18 00:18:07,981 INFO   + [1950s] loc_letters_1950s_98763bdeb12e_p01.jpg  (p1, 142/150)
2026-04-18 00:18:09,854 INFO   + [1950s] loc_letters_1950s_04b1c6ea0fb8_p01.jpg  (p1, 143/150)
2026-04-18 00:20:08,326 INFO   + [1950s] loc_letters_1950s_a8c945d79d05_p01.jpg  (p1, 144/150)
2026-04-18 00:21:48,787 INFO   + [1950s] loc_letters_1950s_b789fac4ba49_p01.jpg  (p1, 145/150)
2026-04-18 00:21:52,886 INFO   + [1950s] loc_letters_1950s_e763e8036b63_p01.jpg  (p1, 146/150)
2026-04-18 00:21:54,350 INFO   + [1950s] loc_letters_1950s_c13d86ddfe40_p02.jpg  (p2, 147/150)
2026-04-18 00:22:41,047 INFO   + [1950s] loc_letters_1950s_5ed7ef79943b_p01.jpg  (p1, 148/150)
2026-04-18 00:22:42,169 INFO   + [1950s] loc_letters_1950s_16a6f0e050b4_p01.jpg  (p1, 149/150)
2026-04-18 00:22:44,058 INFO   + [1950s] loc_letters_1950s_b6c8509fab63_p01.jpg  (p1, 150/150)
2026-04-18 00:22:44,059 INFO 
── 1960s (1960–1969) ──
2026-04-18 00:22:44,059 INFO   [1960s] query: 'handwritten letter' + ['original-format:manuscript/mixed material', 'online-format:image']
2026-04-18 00:22:54,090 INFO   + [1960s] loc_letters_1960s_9c3845c37faa_p01.jpg  (p1, 1/150)
2026-04-18 00:22:55,827 INFO   + [1960s] loc_letters_1960s_e979060bb418_p02.jpg  (p2, 2/150)
2026-04-18 00:22:57,047 INFO   + [1960s] loc_letters_1960s_c09a36675315_p01.jpg  (p1, 3/150)
2026-04-18 00:23:01,242 INFO   + [1960s] loc_letters_1960s_71f5d30ef16e_p01.jpg  (p1, 4/150)
2026-04-18 00:23:02,318 INFO   + [1960s] loc_letters_1960s_30e488d3b848_p02.jpg  (p2, 5/150)
2026-04-18 00:23:03,537 INFO   + [1960s] loc_letters_1960s_f9e70803054f_p03.jpg  (p3, 6/150)
2026-04-18 00:23:04,214 INFO   + [1960s] loc_letters_1960s_dc420a5040b4_p01.jpg  (p1, 7/150)
2026-04-18 00:24:38,540 INFO   + [1960s] loc_letters_1960s_a2bb79223cdc_p03.jpg  (p3, 8/150)
2026-04-18 00:24:46,922 INFO   + [1960s] loc_letters_1960s_019b745995a9_p02.jpg  (p2, 9/150)
2026-04-18 00:24:47,959 INFO   + [1960s] loc_letters_1960s_078052e42db1_p03.jpg  (p3, 10/150)
2026-04-18 00:24:53,356 INFO   + [1960s] loc_letters_1960s_59da27d0dba5_p01.jpg  (p1, 11/150)
2026-04-18 00:25:51,323 INFO   + [1960s] loc_letters_1960s_e7bcf8550c46_p03.jpg  (p3, 12/150)
2026-04-18 00:25:56,904 INFO   + [1960s] loc_letters_1960s_712c7c19b809_p01.jpg  (p1, 13/150)
2026-04-18 00:25:57,458 INFO   + [1960s] loc_letters_1960s_944c5debcb24_p02.jpg  (p2, 14/150)
2026-04-18 00:25:58,501 INFO   + [1960s] loc_letters_1960s_6c31743f0215_p03.jpg  (p3, 15/150)
2026-04-18 00:27:33,808 INFO   + [1960s] loc_letters_1960s_396f9c22ed64_p03.jpg  (p3, 16/150)
2026-04-18 00:27:36,817 INFO   + [1960s] loc_letters_1960s_b11718347ab8_p01.jpg  (p1, 17/150)
2026-04-18 00:27:37,267 INFO   + [1960s] loc_letters_1960s_c04a6efe971b_p02.jpg  (p2, 18/150)
2026-04-18 00:27:38,143 INFO   + [1960s] loc_letters_1960s_e6ed340ad2c9_p03.jpg  (p3, 19/150)
2026-04-18 00:28:26,250 INFO   + [1960s] loc_letters_1960s_daefd89b0432_p02.jpg  (p2, 20/150)
2026-04-18 00:28:27,772 INFO   + [1960s] loc_letters_1960s_aa51adf70290_p03.jpg  (p3, 21/150)
2026-04-18 00:28:31,907 INFO   + [1960s] loc_letters_1960s_23e4b09ff2df_p02.jpg  (p2, 22/150)
2026-04-18 00:28:33,397 INFO   + [1960s] loc_letters_1960s_947cc0043abc_p03.jpg  (p3, 23/150)
2026-04-18 00:29:20,023 INFO   + [1960s] loc_letters_1960s_ae9b38b3c638_p01.jpg  (p1, 24/150)
2026-04-18 00:30:30,747 INFO   + [1960s] loc_letters_1960s_4b7fff4e860f_p03.jpg  (p3, 25/150)
2026-04-18 00:30:31,058 INFO   + [1960s] loc_letters_1960s_a96560344509_p01.jpg  (p1, 26/150)
2026-04-18 00:31:17,068 INFO   + [1960s] loc_letters_1960s_5b63341f736d_p01.jpg  (p1, 27/150)
2026-04-18 00:31:18,062 INFO   + [1960s] loc_letters_1960s_c5c3080b9f36_p01.jpg  (p1, 28/150)
2026-04-18 00:31:21,248 INFO   + [1960s] loc_letters_1960s_caf5b727186c_p01.jpg  (p1, 29/150)
2026-04-18 00:32:07,930 INFO   + [1960s] loc_letters_1960s_2605bd4a684e_p03.jpg  (p3, 30/150)
2026-04-18 00:32:43,661 INFO   + [1960s] loc_letters_1960s_d04cd64ac1e0_p01.jpg  (p1, 31/150)
2026-04-18 00:32:44,533 INFO   + [1960s] loc_letters_1960s_b2682e80bc81_p01.jpg  (p1, 32/150)
2026-04-18 00:37:07,913 INFO   + [1960s] loc_letters_1960s_fffb6fa15234_p01.jpg  (p1, 33/150)
2026-04-18 00:38:04,654 INFO   + [1960s] loc_letters_1960s_71b44b8d2958_p01.jpg  (p1, 34/150)
2026-04-18 00:39:52,985 INFO   + [1960s] loc_letters_1960s_26b6ea6cf9f6_p01.jpg  (p1, 35/150)
2026-04-18 00:39:53,335 INFO   + [1960s] loc_letters_1960s_5fa6dbf89404_p02.jpg  (p2, 36/150)
2026-04-18 00:39:54,987 INFO   + [1960s] loc_letters_1960s_36c5267409da_p03.jpg  (p3, 37/150)
2026-04-18 00:40:32,142 INFO   + [1960s] loc_letters_1960s_eda5631bc5b9_p01.jpg  (p1, 38/150)
2026-04-18 00:42:15,188 INFO   + [1960s] loc_letters_1960s_772f66070956_p01.jpg  (p1, 39/150)
2026-04-18 00:42:16,014 INFO   + [1960s] loc_letters_1960s_3aa7b607326f_p01.jpg  (p1, 40/150)
2026-04-18 00:43:07,145 INFO   + [1960s] loc_letters_1960s_0aee495b35e1_p01.jpg  (p1, 41/150)
2026-04-18 00:43:08,139 INFO   + [1960s] loc_letters_1960s_4ae4f6622e17_p01.jpg  (p1, 42/150)
2026-04-18 00:43:08,506 INFO   + [1960s] loc_letters_1960s_80e31820a1e2_p01.jpg  (p1, 43/150)
2026-04-18 00:43:13,325 INFO   + [1960s] loc_letters_1960s_beebdeaf02dd_p01.jpg  (p1, 44/150)
2026-04-18 00:44:05,093 INFO   + [1960s] loc_letters_1960s_cf63dda8ba2e_p03.jpg  (p3, 45/150)
2026-04-18 00:44:07,687 INFO   + [1960s] loc_letters_1960s_ba0f499b0b07_p01.jpg  (p1, 46/150)
2026-04-18 00:44:08,777 INFO   + [1960s] loc_letters_1960s_9e74371d3826_p01.jpg  (p1, 47/150)
2026-04-18 00:45:04,046 INFO   + [1960s] loc_letters_1960s_7d230044b37c_p01.jpg  (p1, 48/150)
2026-04-18 00:45:19,137 INFO   + [1960s] loc_letters_1960s_1722fb8da9f1_p01.jpg  (p1, 49/150)
2026-04-18 00:45:20,216 INFO   + [1960s] loc_letters_1960s_1630a536c7d7_p02.jpg  (p2, 50/150)
2026-04-18 00:45:24,672 INFO   + [1960s] loc_letters_1960s_89e8ecdab114_p03.jpg  (p3, 51/150)
2026-04-18 00:46:23,329 INFO   + [1960s] loc_letters_1960s_c1e23b1cfce3_p01.jpg  (p1, 52/150)
2026-04-18 00:46:27,440 INFO   + [1960s] loc_letters_1960s_23c31288c995_p01.jpg  (p1, 53/150)
2026-04-18 00:46:28,901 INFO   + [1960s] loc_letters_1960s_c87258f3a439_p02.jpg  (p2, 54/150)
2026-04-18 00:46:30,736 INFO   + [1960s] loc_letters_1960s_448a0b620509_p03.jpg  (p3, 55/150)
2026-04-18 00:46:31,378 INFO   + [1960s] loc_letters_1960s_8e12fbd997dc_p01.jpg  (p1, 56/150)
2026-04-18 00:47:18,214 INFO   + [1960s] loc_letters_1960s_030697becb72_p01.jpg  (p1, 57/150)
2026-04-18 00:48:10,278 INFO   + [1960s] loc_letters_1960s_5a1536e501b4_p03.jpg  (p3, 58/150)
2026-04-18 00:48:12,622 INFO   + [1960s] loc_letters_1960s_4f02d58ab241_p01.jpg  (p1, 59/150)
2026-04-18 00:48:17,586 INFO   + [1960s] loc_letters_1960s_82265e08f8c7_p01.jpg  (p1, 60/150)
2026-04-18 00:49:04,799 INFO   + [1960s] loc_letters_1960s_f6f18fe3a63d_p03.jpg  (p3, 61/150)
2026-04-18 00:49:50,836 INFO   + [1960s] loc_letters_1960s_08489361d4a0_p02.jpg  (p2, 62/150)
2026-04-18 00:50:48,628 INFO   + [1960s] loc_letters_1960s_bc1b8a13a5ac_p01.jpg  (p1, 63/150)
2026-04-18 00:50:48,733 INFO   + [1960s] loc_letters_1960s_5306a8912d22_p01.jpg  (p1, 64/150)
2026-04-18 00:50:54,022 INFO   + [1960s] loc_letters_1960s_59bcc3add05d_p01.jpg  (p1, 65/150)
2026-04-18 00:50:55,813 INFO   + [1960s] loc_letters_1960s_3061b7dd6464_p02.jpg  (p2, 66/150)
2026-04-18 00:50:58,163 INFO   + [1960s] loc_letters_1960s_e59895653c2f_p03.jpg  (p3, 67/150)
2026-04-18 00:50:59,070 INFO   + [1960s] loc_letters_1960s_9da497a1d357_p01.jpg  (p1, 68/150)
2026-04-18 00:51:49,373 INFO   + [1960s] loc_letters_1960s_2a43018a505b_p01.jpg  (p1, 69/150)
2026-04-18 00:52:32,206 INFO   + [1960s] loc_letters_1960s_7c960d16bee3_p01.jpg  (p1, 70/150)
2026-04-18 00:52:32,840 INFO   + [1960s] loc_letters_1960s_a4b9564be4a5_p01.jpg  (p1, 71/150)
2026-04-18 00:52:33,547 INFO   + [1960s] loc_letters_1960s_196ce71d423b_p01.jpg  (p1, 72/150)
2026-04-18 00:52:34,561 INFO   + [1960s] loc_letters_1960s_4a3a57a69598_p01.jpg  (p1, 73/150)
2026-04-18 00:52:39,246 INFO   + [1960s] loc_letters_1960s_938e091a2d26_p01.jpg  (p1, 74/150)
2026-04-18 00:52:40,319 INFO   + [1960s] loc_letters_1960s_8760246c0573_p02.jpg  (p2, 75/150)
2026-04-18 00:53:35,609 INFO   + [1960s] loc_letters_1960s_1cb220a71c2c_p01.jpg  (p1, 76/150)
2026-04-18 00:53:36,765 INFO   + [1960s] loc_letters_1960s_316568e3a8f2_p02.jpg  (p2, 77/150)
2026-04-18 00:53:38,455 INFO   + [1960s] loc_letters_1960s_3c8259f0c0b4_p03.jpg  (p3, 78/150)
2026-04-18 00:54:14,206 INFO   + [1960s] loc_letters_1960s_3ada6709fd4c_p01.jpg  (p1, 79/150)
2026-04-18 00:54:14,824 INFO   + [1960s] loc_letters_1960s_3bf182a2639b_p01.jpg  (p1, 80/150)
2026-04-18 00:54:15,547 INFO   + [1960s] loc_letters_1960s_63453c958d54_p01.jpg  (p1, 81/150)
2026-04-18 00:54:15,629 INFO   + [1960s] loc_letters_1960s_00b1c6327980_p01.jpg  (p1, 82/150)
2026-04-18 00:54:15,917 INFO   + [1960s] loc_letters_1960s_4eafa2f000fc_p01.jpg  (p1, 83/150)
2026-04-18 00:54:20,056 INFO   + [1960s] loc_letters_1960s_7ed6f2ce167a_p01.jpg  (p1, 84/150)
2026-04-18 00:54:21,338 INFO   + [1960s] loc_letters_1960s_23caf82c3869_p02.jpg  (p2, 85/150)
2026-04-18 00:55:11,697 INFO   + [1960s] loc_letters_1960s_8621bcf464c5_p01.jpg  (p1, 86/150)
2026-04-18 00:55:13,347 INFO   + [1960s] loc_letters_1960s_7d35d3251d49_p02.jpg  (p2, 87/150)
2026-04-18 00:55:15,301 INFO   + [1960s] loc_letters_1960s_0051b18376c7_p03.jpg  (p3, 88/150)
2026-04-18 00:55:39,532 INFO   + [1960s] loc_letters_1960s_4640abebe605_p02.jpg  (p2, 89/150)
2026-04-18 00:55:41,462 INFO   + [1960s] loc_letters_1960s_822b58c33c9d_p03.jpg  (p3, 90/150)
2026-04-18 00:55:47,349 INFO   + [1960s] loc_letters_1960s_4c79556f2191_p01.jpg  (p1, 91/150)
2026-04-18 00:56:58,940 INFO   + [1960s] loc_letters_1960s_010046530092_p03.jpg  (p3, 92/150)
2026-04-18 00:57:04,254 INFO   + [1960s] loc_letters_1960s_2c420d36d3fa_p01.jpg  (p1, 93/150)
2026-04-18 00:57:05,482 INFO   + [1960s] loc_letters_1960s_368b2a75af2f_p02.jpg  (p2, 94/150)
2026-04-18 00:58:04,124 INFO   + [1960s] loc_letters_1960s_11c5a0bf61e1_p01.jpg  (p1, 95/150)
2026-04-18 00:59:01,236 INFO   + [1960s] loc_letters_1960s_4cb3a3e52f6b_p01.jpg  (p1, 96/150)
2026-04-18 00:59:05,273 INFO   + [1960s] loc_letters_1960s_23b1ee153eba_p01.jpg  (p1, 97/150)
2026-04-18 00:59:06,173 INFO   + [1960s] loc_letters_1960s_f58696cc4213_p02.jpg  (p2, 98/150)
2026-04-18 00:59:08,131 INFO   + [1960s] loc_letters_1960s_809bb0d381d6_p03.jpg  (p3, 99/150)
2026-04-18 00:59:10,209 WARNING   LOC search error: 404 Client Error: Not Found for url: https://www.loc.gov/manuscripts/?c=100&dates=1960/1969&fo=json&q=handwritten+letter&sp=2
2026-04-18 00:59:10,209 INFO   [1960s] query: 'personal correspondence' + ['original-format:manuscript/mixed material', 'online-format:image']
2026-04-18 00:59:18,013 INFO   + [1960s] loc_letters_1960s_b34a7e75489a_p01.jpg  (p1, 100/150)
2026-04-18 00:59:20,243 INFO   + [1960s] loc_letters_1960s_945db5bf9239_p02.jpg  (p2, 101/150)
2026-04-18 00:59:21,890 INFO   + [1960s] loc_letters_1960s_595823ad2e3c_p03.jpg  (p3, 102/150)
2026-04-18 00:59:22,513 INFO   + [1960s] loc_letters_1960s_c4e74b1a13c8_p01.jpg  (p1, 103/150)
2026-04-18 01:00:18,763 INFO   + [1960s] loc_letters_1960s_5f886cb80f08_p02.jpg  (p2, 104/150)
2026-04-18 01:00:20,016 INFO   + [1960s] loc_letters_1960s_8ebb9b8f33e7_p03.jpg  (p3, 105/150)
2026-04-18 01:00:20,479 INFO   + [1960s] loc_letters_1960s_b47d7b4f6f52_p01.jpg  (p1, 106/150)
2026-04-18 01:01:07,111 INFO   + [1960s] loc_letters_1960s_3969d2639ec7_p03.jpg  (p3, 107/150)
2026-04-18 01:01:09,407 INFO   + [1960s] loc_letters_1960s_0c396fd13bf1_p02.jpg  (p2, 108/150)
2026-04-18 01:04:57,590 INFO   + [1960s] loc_letters_1960s_ad13643303d6_p03.jpg  (p3, 109/150)
2026-04-18 01:07:02,396 INFO   + [1960s] loc_letters_1960s_d9c52c73dd3e_p03.jpg  (p3, 110/150)
2026-04-18 01:07:12,753 INFO   + [1960s] loc_letters_1960s_40783ef53f17_p03.jpg  (p3, 111/150)
2026-04-18 01:07:24,663 INFO   + [1960s] loc_letters_1960s_b19ea8864a05_p01.jpg  (p1, 112/150)
2026-04-18 01:07:25,298 INFO   + [1960s] loc_letters_1960s_85111b9e042e_p01.jpg  (p1, 113/150)
2026-04-18 01:09:17,509 INFO   + [1960s] loc_letters_1960s_8d32ad02b5ae_p03.jpg  (p3, 114/150)
2026-04-18 01:09:21,685 INFO   + [1960s] loc_letters_1960s_81153d5c24d7_p01.jpg  (p1, 115/150)
2026-04-18 01:09:22,400 INFO   + [1960s] loc_letters_1960s_8ad1e95224b6_p01.jpg  (p1, 116/150)
2026-04-18 01:10:07,303 INFO   + [1960s] loc_letters_1960s_77ca18a23f98_p01.jpg  (p1, 117/150)
2026-04-18 01:10:08,548 INFO   + [1960s] loc_letters_1960s_54e7dfc63ae6_p01.jpg  (p1, 118/150)
2026-04-18 01:10:51,002 INFO   + [1960s] loc_letters_1960s_1e3a0f79db66_p01.jpg  (p1, 119/150)
2026-04-18 01:11:42,766 INFO   + [1960s] loc_letters_1960s_185042672644_p01.jpg  (p1, 120/150)
2026-04-18 01:11:43,340 INFO   + [1960s] loc_letters_1960s_6b78275c15a0_p01.jpg  (p1, 121/150)
2026-04-18 01:11:44,878 INFO   + [1960s] loc_letters_1960s_fbae2c31b133_p01.jpg  (p1, 122/150)
2026-04-18 01:11:46,220 INFO   + [1960s] loc_letters_1960s_95af8e10fe97_p01.jpg  (p1, 123/150)
2026-04-18 01:11:48,256 INFO   + [1960s] loc_letters_1960s_c6dd2bf05376_p01.jpg  (p1, 124/150)
2026-04-18 01:11:51,280 INFO   + [1960s] loc_letters_1960s_b809ade029d6_p01.jpg  (p1, 125/150)
2026-04-18 01:11:52,497 INFO   + [1960s] loc_letters_1960s_b5e7d389e4c1_p02.jpg  (p2, 126/150)
2026-04-18 01:12:48,882 INFO   + [1960s] loc_letters_1960s_a6c41e4e8356_p01.jpg  (p1, 127/150)
2026-04-18 01:13:55,383 INFO   + [1960s] loc_letters_1960s_1c95715094a7_p01.jpg  (p1, 128/150)
2026-04-18 01:13:56,866 INFO   + [1960s] loc_letters_1960s_eaca0ad5c6d6_p01.jpg  (p1, 129/150)
2026-04-18 01:13:58,008 INFO   + [1960s] loc_letters_1960s_2c914980d6c1_p01.jpg  (p1, 130/150)
2026-04-18 01:13:58,880 INFO   + [1960s] loc_letters_1960s_be357cb0d87f_p01.jpg  (p1, 131/150)
2026-04-18 01:14:00,227 INFO   + [1960s] loc_letters_1960s_b57d5642b218_p01.jpg  (p1, 132/150)
2026-04-18 01:14:01,397 INFO   + [1960s] loc_letters_1960s_5353994d75cd_p01.jpg  (p1, 133/150)
2026-04-18 01:14:02,423 INFO   + [1960s] loc_letters_1960s_0aa7d4cdfa45_p01.jpg  (p1, 134/150)
2026-04-18 01:14:03,525 INFO   + [1960s] loc_letters_1960s_4cbe3107c2ff_p01.jpg  (p1, 135/150)
2026-04-18 01:14:49,059 INFO   + [1960s] loc_letters_1960s_592ef1a99088_p01.jpg  (p1, 136/150)
2026-04-18 01:14:50,121 INFO   + [1960s] loc_letters_1960s_6336916720cb_p01.jpg  (p1, 137/150)
2026-04-18 01:14:52,907 INFO   + [1960s] loc_letters_1960s_58e3e089d132_p01.jpg  (p1, 138/150)
2026-04-18 01:14:54,092 INFO   + [1960s] loc_letters_1960s_1b3adfc0f033_p01.jpg  (p1, 139/150)
2026-04-18 01:14:56,303 INFO   + [1960s] loc_letters_1960s_27140161968b_p01.jpg  (p1, 140/150)
2026-04-18 01:15:49,219 INFO   + [1960s] loc_letters_1960s_7bf2fcaae4eb_p01.jpg  (p1, 141/150)
2026-04-18 01:19:06,363 INFO   + [1960s] loc_letters_1960s_314d6a63f9bb_p01.jpg  (p1, 142/150)
2026-04-18 01:20:23,849 INFO   + [1960s] loc_letters_1960s_e1d42fb88984_p01.jpg  (p1, 143/150)
2026-04-18 01:20:24,921 INFO   + [1960s] loc_letters_1960s_a98ad4aff67f_p02.jpg  (p2, 144/150)
2026-04-18 01:20:29,013 INFO   + [1960s] loc_letters_1960s_b7cc28acd5e6_p01.jpg  (p1, 145/150)
2026-04-18 01:22:09,377 INFO   + [1960s] loc_letters_1960s_11f3ef33271c_p01.jpg  (p1, 146/150)
2026-04-18 01:22:10,631 INFO   + [1960s] loc_letters_1960s_cd6b657bb4bb_p01.jpg  (p1, 147/150)
2026-04-18 01:23:03,166 INFO   + [1960s] loc_letters_1960s_3f07932455f5_p01.jpg  (p1, 148/150)
2026-04-18 01:23:04,840 INFO   + [1960s] loc_letters_1960s_5d7027064fe4_p01.jpg  (p1, 149/150)
2026-04-18 01:23:06,067 INFO   + [1960s] loc_letters_1960s_65a31a91d937_p01.jpg  (p1, 150/150)
2026-04-18 01:23:06,068 INFO 
── Summary ──────────────────────────────────────────────────
2026-04-18 01:23:06,068 INFO   pre1950s   DONE
2026-04-18 01:23:06,069 INFO   1950s      DONE
2026-04-18 01:23:06,069 INFO   1960s      DONE
2026-04-18 01:23:06,069 INFO   Total: 450
────
2026-04-18 01:23:06,068 INFO   pre1950s   DONE
2026-04-18 01:23:06,069 INFO   1950s      DONE
2026-04-18 01:23:06,069 INFO   1960s      DONE
2026-04-18 01:23:06,069 INFO   Total: 450
