2026-04-16 22:28:08,522 INFO Loaded 596 existing hashes
2026-04-16 22:28:08,522 INFO Output: /home/ubuntu/projects/ScanGap/data/wildscans_candidates/nypl
2026-04-16 22:28:08,522 INFO Quota: 100 per decade

2026-04-16 22:28:08,523 INFO 
── pre1950s (1900–1949) ──
2026-04-16 22:28:08,523 INFO   [pre1950s] query: handwritten letter
2026-04-16 22:28:08,525 WARNING   NYPL search error: HTTPSConnectionPool(host='api.digitalcollections.nypl.org', port=443): Max retries exceeded with url: /api/v2/items/search?q=handwritten+letter&date_from=1900&date_to=1949&page=1&per_page=50 (Caused by NameResolutionError("HTTPSConnection(host='api.digitalcollections.nypl.org', port=443): Failed to resolve 'api.digitalcollections.nypl.org' ([Errno -2] Name or service not known)"))
2026-04-16 22:28:08,526 INFO   [pre1950s] query: correspondence
2026-04-16 22:28:08,528 WARNING   NYPL search error: HTTPSConnectionPool(host='api.digitalcollections.nypl.org', port=443): Max retries exceeded with url: /api/v2/items/search?q=correspondence&date_from=1900&date_to=1949&page=1&per_page=50 (Caused by NameResolutionError("HTTPSConnection(host='api.digitalcollections.nypl.org', port=443): Failed to resolve 'api.digitalcollections.nypl.org' ([Errno -2] Name or service not known)"))
2026-04-16 22:28:08,528 INFO   [pre1950s] query: manuscript
2026-04-16 22:28:08,530 WARNING   NYPL search error: HTTPSConnectionPool(host='api.digitalcollections.nypl.org', port=443): Max retries exceeded with url: /api/v2/items/search?q=manuscript&date_from=1900&date_to=1949&page=1&per_page=50 (Caused by NameResolutionError("HTTPSConnection(host='api.digitalcollections.nypl.org', port=443): Failed to resolve 'api.digitalcollections.nypl.org' ([Errno -2] Name or service not known)"))
2026-04-16 22:28:08,530 INFO   [pre1950s] query: official form
2026-04-16 22:28:08,532 WARNING   NYPL search error: HTTPSConnectionPool(host='api.digitalcollections.nypl.org', port=443): Max retries exceeded with url: /api/v2/items/search?q=official+form&date_from=1900&date_to=1949&page=1&per_page=50 (Caused by NameResolutionError("HTTPSConnection(host='api.digitalcollections.nypl.org', port=443): Failed to resolve 'api.digitalcollections.nypl.org' ([Errno -2] Name or service not known)"))
2026-04-16 22:28:08,532 INFO   [pre1950s] query: memorandum
2026-04-16 22:28:08,534 WARNING   NYPL search error: HTTPSConnectionPool(host='api.digitalcollections.nypl.org', port=443): Max retries exceeded with url: /api/v2/items/search?q=memorandum&date_from=1900&date_to=1949&page=1&per_page=50 (Caused by NameResolutionError("HTTPSConnection(host='api.digitalcollections.nypl.org', port=443): Failed to resolve 'api.digitalcollections.nypl.org' ([Errno -2] Name or service not known)"))
2026-04-16 22:28:08,534 INFO   [pre1950s] query: petition
2026-04-16 22:28:08,536 WARNING   NYPL search error: HTTPSConnectionPool(host='api.digitalcollections.nypl.org', port=443): Max retries exceeded with url: /api/v2/items/search?q=petition&date_from=1900&date_to=1949&page=1&per_page=50 (Caused by NameResolutionError("HTTPSConnection(host='api.digitalcollections.nypl.org', port=443): Failed to resolve 'api.digitalcollections.nypl.org' ([Errno -2] Name or service not known)"))
2026-04-16 22:28:08,536 INFO   [pre1950s] query: diary
2026-04-16 22:28:08,538 WARNING   NYPL search error: HTTPSConnectionPool(host='api.digitalcollections.nypl.org', port=443): Max retries exceeded with url: /api/v2/items/search?q=diary&date_from=1900&date_to=1949&page=1&per_page=50 (Caused by NameResolutionError("HTTPSConnection(host='api.digitalcollections.nypl.org', port=443): Failed to resolve 'api.digitalcollections.nypl.org' ([Errno -2] Name or service not known)"))
2026-04-16 22:28:08,538 INFO   [pre1950s] query: typed letter
2026-04-16 22:28:08,539 WARNING   NYPL search error: HTTPSConnectionPool(host='api.digitalcollections.nypl.org', port=443): Max retries exceeded with url: /api/v2/items/search?q=typed+letter&date_from=1900&date_to=1949&page=1&per_page=50 (Caused by NameResolutionError("HTTPSConnection(host='api.digitalcollections.nypl.org', port=443): Failed to resolve 'api.digitalcollections.nypl.org' ([Errno -2] Name or service not known)"))
2026-04-16 22:28:08,540 INFO 
── 1950s (1950–1959) ──
2026-04-16 22:28:08,540 INFO   [1950s] query: handwritten letter
2026-04-16 22:28:08,542 WARNING   NYPL search error: HTTPSConnectionPool(host='api.digitalcollections.nypl.org', port=443): Max retries exceeded with url: /api/v2/items/search?q=handwritten+letter&date_from=1950&date_to=1959&page=1&per_page=50 (Caused by NameResolutionError("HTTPSConnection(host='api.digitalcollections.nypl.org', port=443): Failed to resolve 'api.digitalcollections.nypl.org' ([Errno -2] Name or service not known)"))
2026-04-16 22:28:08,542 INFO   [1950s] query: correspondence
2026-04-16 22:28:08,544 WARNING   NYPL search error: HTTPSConnectionPool(host='api.digitalcollections.nypl.org', port=443): Max retries exceeded with url: /api/v2/items/search?q=correspondence&date_from=1950&date_to=1959&page=1&per_page=50 (Caused by NameResolutionError("HTTPSConnection(host='api.digitalcollections.nypl.org', port=443): Failed to resolve 'api.digitalcollections.nypl.org' ([Errno -2] Name or service not known)"))
2026-04-16 22:28:08,544 INFO   [1950s] query: manuscript
2026-04-16 22:28:08,546 WARNING   NYPL search error: HTTPSConnectionPool(host='api.digitalcollections.nypl.org', port=443): Max retries exceeded with url: /api/v2/items/search?q=manuscript&date_from=1950&date_to=1959&page=1&per_page=50 (Caused by NameResolutionError("HTTPSConnection(host='api.digitalcollections.nypl.org', port=443): Failed to resolve 'api.digitalcollections.nypl.org' ([Errno -2] Name or service not known)"))
2026-04-16 22:28:08,546 INFO   [1950s] query: official form
2026-04-16 22:28:08,548 WARNING   NYPL search error: HTTPSConnectionPool(host='api.digitalcollections.nypl.org', port=443): Max retries exceeded with url: /api/v2/items/search?q=official+form&date_from=1950&date_to=1959&page=1&per_page=50 (Caused by NameResolutionError("HTTPSConnection(host='api.digitalcollections.nypl.org', port=443): Failed to resolve 'api.digitalcollections.nypl.org' ([Errno -2] Name or service not known)"))
2026-04-16 22:28:08,548 INFO   [1950s] query: memorandum
2026-04-16 22:28:08,550 WARNING   NYPL search error: HTTPSConnectionPool(host='api.digitalcollections.nypl.org', port=443): Max retries exceeded with url: /api/v2/items/search?q=memorandum&date_from=1950&date_to=1959&page=1&per_page=50 (Caused by NameResolutionError("HTTPSConnection(host='api.digitalcollections.nypl.org', port=443): Failed to resolve 'api.digitalcollections.nypl.org' ([Errno -2] Name or service not known)"))
2026-04-16 22:28:08,550 INFO   [1950s] query: petition
2026-04-16 22:28:08,552 WARNING   NYPL search error: HTTPSConnectionPool(host='api.digitalcollections.nypl.org', port=443): Max retries exceeded with url: /api/v2/items/search?q=petition&date_from=1950&date_to=1959&page=1&per_page=50 (Caused by NameResolutionError("HTTPSConnection(host='api.digitalcollections.nypl.org', port=443): Failed to resolve 'api.digitalcollections.nypl.org' ([Errno -2] Name or service not known)"))
2026-04-16 22:28:08,552 INFO   [1950s] query: diary
2026-04-16 22:28:08,554 WARNING   NYPL search error: HTTPSConnectionPool(host='api.digitalcollections.nypl.org', port=443): Max retries exceeded with url: /api/v2/items/search?q=diary&date_from=1950&date_to=1959&page=1&per_page=50 (Caused by NameResolutionError("HTTPSConnection(host='api.digitalcollections.nypl.org', port=443): Failed to resolve 'api.digitalcollections.nypl.org' ([Errno -2] Name or service not known)"))
2026-04-16 22:28:08,554 INFO   [1950s] query: typed letter
2026-04-16 22:28:08,556 WARNING   NYPL search error: HTTPSConnectionPool(host='api.digitalcollections.nypl.org', port=443): Max retries exceeded with url: /api/v2/items/search?q=typed+letter&date_from=1950&date_to=1959&page=1&per_page=50 (Caused by NameResolutionError("HTTPSConnection(host='api.digitalcollections.nypl.org', port=443): Failed to resolve 'api.digitalcollections.nypl.org' ([Errno -2] Name or service not known)"))
2026-04-16 22:28:08,556 INFO 
── 1960s (1960–1969) ──
2026-04-16 22:28:08,556 INFO   [1960s] query: handwritten letter
2026-04-16 22:28:08,558 WARNING   NYPL search error: HTTPSConnectionPool(host='api.digitalcollections.nypl.org', port=443): Max retries exceeded with url: /api/v2/items/search?q=handwritten+letter&date_from=1960&date_to=1969&page=1&per_page=50 (Caused by NameResolutionError("HTTPSConnection(host='api.digitalcollections.nypl.org', port=443): Failed to resolve 'api.digitalcollections.nypl.org' ([Errno -2] Name or service not known)"))
2026-04-16 22:28:08,558 INFO   [1960s] query: correspondence
2026-04-16 22:28:08,560 WARNING   NYPL search error: HTTPSConnectionPool(host='api.digitalcollections.nypl.org', port=443): Max retries exceeded with url: /api/v2/items/search?q=correspondence&date_from=1960&date_to=1969&page=1&per_page=50 (Caused by NameResolutionError("HTTPSConnection(host='api.digitalcollections.nypl.org', port=443): Failed to resolve 'api.digitalcollections.nypl.org' ([Errno -2] Name or service not known)"))
2026-04-16 22:28:08,560 INFO   [1960s] query: manuscript
2026-04-16 22:28:08,562 WARNING   NYPL search error: HTTPSConnectionPool(host='api.digitalcollections.nypl.org', port=443): Max retries exceeded with url: /api/v2/items/search?q=manuscript&date_from=1960&date_to=1969&page=1&per_page=50 (Caused by NameResolutionError("HTTPSConnection(host='api.digitalcollections.nypl.org', port=443): Failed to resolve 'api.digitalcollections.nypl.org' ([Errno -2] Name or service not known)"))
2026-04-16 22:28:08,562 INFO   [1960s] query: official form
2026-04-16 22:28:08,564 WARNING   NYPL search error: HTTPSConnectionPool(host='api.digitalcollections.nypl.org', port=443): Max retries exceeded with url: /api/v2/items/search?q=official+form&date_from=1960&date_to=1969&page=1&per_page=50 (Caused by NameResolutionError("HTTPSConnection(host='api.digitalcollections.nypl.org', port=443): Failed to resolve 'api.digitalcollections.nypl.org' ([Errno -2] Name or service not known)"))
2026-04-16 22:28:08,565 INFO   [1960s] query: memorandum
2026-04-16 22:28:08,567 WARNING   NYPL search error: HTTPSConnectionPool(host='api.digitalcollections.nypl.org', port=443): Max retries exceeded with url: /api/v2/items/search?q=memorandum&date_from=1960&date_to=1969&page=1&per_page=50 (Caused by NameResolutionError("HTTPSConnection(host='api.digitalcollections.nypl.org', port=443): Failed to resolve 'api.digitalcollections.nypl.org' ([Errno -2] Name or service not known)"))
2026-04-16 22:28:08,567 INFO   [1960s] query: petition
2026-04-16 22:28:08,569 WARNING   NYPL search error: HTTPSConnectionPool(host='api.digitalcollections.nypl.org', port=443): Max retries exceeded with url: /api/v2/items/search?q=petition&date_from=1960&date_to=1969&page=1&per_page=50 (Caused by NameResolutionError("HTTPSConnection(host='api.digitalcollections.nypl.org', port=443): Failed to resolve 'api.digitalcollections.nypl.org' ([Errno -2] Name or service not known)"))
2026-04-16 22:28:08,570 INFO   [1960s] query: diary
2026-04-16 22:28:08,574 WARNING   NYPL search error: HTTPSConnectionPool(host='api.digitalcollections.nypl.org', port=443): Max retries exceeded with url: /api/v2/items/search?q=diary&date_from=1960&date_to=1969&page=1&per_page=50 (Caused by NameResolutionError("HTTPSConnection(host='api.digitalcollections.nypl.org', port=443): Failed to resolve 'api.digitalcollections.nypl.org' ([Errno -2] Name or service not known)"))
2026-04-16 22:28:08,574 INFO   [1960s] query: typed letter
2026-04-16 22:28:08,578 WARNING   NYPL search error: HTTPSConnectionPool(host='api.digitalcollections.nypl.org', port=443): Max retries exceeded with url: /api/v2/items/search?q=typed+letter&date_from=1960&date_to=1969&page=1&per_page=50 (Caused by NameResolutionError("HTTPSConnection(host='api.digitalcollections.nypl.org', port=443): Failed to resolve 'api.digitalcollections.nypl.org' ([Errno -2] Name or service not known)"))
2026-04-16 22:28:08,580 INFO 
── 1970s (1970–1979) ──
2026-04-16 22:28:08,580 INFO   [1970s] query: handwritten letter
2026-04-16 22:28:08,581 WARNING   NYPL search error: HTTPSConnectionPool(host='api.digitalcollections.nypl.org', port=443): Max retries exceeded with url: /api/v2/items/search?q=handwritten+letter&date_from=1970&date_to=1979&page=1&per_page=50 (Caused by NameResolutionError("HTTPSConnection(host='api.digitalcollections.nypl.org', port=443): Failed to resolve 'api.digitalcollections.nypl.org' ([Errno -2] Name or service not known)"))
2026-04-16 22:28:08,581 INFO   [1970s] query: correspondence
2026-04-16 22:28:08,583 WARNING   NYPL search error: HTTPSConnectionPool(host='api.digitalcollections.nypl.org', port=443): Max retries exceeded with url: /api/v2/items/search?q=correspondence&date_from=1970&date_to=1979&page=1&per_page=50 (Caused by NameResolutionError("HTTPSConnection(host='api.digitalcollections.nypl.org', port=443): Failed to resolve 'api.digitalcollections.nypl.org' ([Errno -2] Name or service not known)"))
2026-04-16 22:28:08,583 INFO   [1970s] query: manuscript
2026-04-16 22:28:08,585 WARNING   NYPL search error: HTTPSConnectionPool(host='api.digitalcollections.nypl.org', port=443): Max retries exceeded with url: /api/v2/items/search?q=manuscript&date_from=1970&date_to=1979&page=1&per_page=50 (Caused by NameResolutionError("HTTPSConnection(host='api.digitalcollections.nypl.org', port=443): Failed to resolve 'api.digitalcollections.nypl.org' ([Errno -2] Name or service not known)"))
2026-04-16 22:28:08,585 INFO   [1970s] query: official form
2026-04-16 22:28:08,587 WARNING   NYPL search error: HTTPSConnectionPool(host='api.digitalcollections.nypl.org', port=443): Max retries exceeded with url: /api/v2/items/search?q=official+form&date_from=1970&date_to=1979&page=1&per_page=50 (Caused by NameResolutionError("HTTPSConnection(host='api.digitalcollections.nypl.org', port=443): Failed to resolve 'api.digitalcollections.nypl.org' ([Errno -2] Name or service not known)"))
2026-04-16 22:28:08,587 INFO   [1970s] query: memorandum
2026-04-16 22:28:13,594 WARNING   NYPL search error: HTTPSConnectionPool(host='api.digitalcollections.nypl.org', port=443): Max retries exceeded with url: /api/v2/items/search?q=memorandum&date_from=1970&date_to=1979&page=1&per_page=50 (Caused by NameResolutionError("HTTPSConnection(host='api.digitalcollections.nypl.org', port=443): Failed to resolve 'api.digitalcollections.nypl.org' ([Errno -2] Name or service not known)"))
2026-04-16 22:28:13,595 INFO   [1970s] query: petition
2026-04-16 22:28:13,597 WARNING   NYPL search error: HTTPSConnectionPool(host='api.digitalcollections.nypl.org', port=443): Max retries exceeded with url: /api/v2/items/search?q=petition&date_from=1970&date_to=1979&page=1&per_page=50 (Caused by NameResolutionError("HTTPSConnection(host='api.digitalcollections.nypl.org', port=443): Failed to resolve 'api.digitalcollections.nypl.org' ([Errno -2] Name or service not known)"))
2026-04-16 22:28:13,598 INFO   [1970s] query: diary
2026-04-16 22:28:13,600 WARNING   NYPL search error: HTTPSConnectionPool(host='api.digitalcollections.nypl.org', port=443): Max retries exceeded with url: /api/v2/items/search?q=diary&date_from=1970&date_to=1979&page=1&per_page=50 (Caused by NameResolutionError("HTTPSConnection(host='api.digitalcollections.nypl.org', port=443): Failed to resolve 'api.digitalcollections.nypl.org' ([Errno -2] Name or service not known)"))
2026-04-16 22:28:13,600 INFO   [1970s] query: typed letter
2026-04-16 22:28:13,603 WARNING   NYPL search error: HTTPSConnectionPool(host='api.digitalcollections.nypl.org', port=443): Max retries exceeded with url: /api/v2/items/search?q=typed+letter&date_from=1970&date_to=1979&page=1&per_page=50 (Caused by NameResolutionError("HTTPSConnection(host='api.digitalcollections.nypl.org', port=443): Failed to resolve 'api.digitalcollections.nypl.org' ([Errno -2] Name or service not known)"))
2026-04-16 22:28:13,603 INFO 
── 1980s (1980–1989) ──
2026-04-16 22:28:13,603 INFO   [1980s] query: handwritten letter
2026-04-16 22:28:13,605 WARNING   NYPL search error: HTTPSConnectionPool(host='api.digitalcollections.nypl.org', port=443): Max retries exceeded with url: /api/v2/items/search?q=handwritten+letter&date_from=1980&date_to=1989&page=1&per_page=50 (Caused by NameResolutionError("HTTPSConnection(host='api.digitalcollections.nypl.org', port=443): Failed to resolve 'api.digitalcollections.nypl.org' ([Errno -2] Name or service not known)"))
2026-04-16 22:28:13,606 INFO   [1980s] query: correspondence
2026-04-16 22:28:13,608 WARNING   NYPL search error: HTTPSConnectionPool(host='api.digitalcollections.nypl.org', port=443): Max retries exceeded with url: /api/v2/items/search?q=correspondence&date_from=1980&date_to=1989&page=1&per_page=50 (Caused by NameResolutionError("HTTPSConnection(host='api.digitalcollections.nypl.org', port=443): Failed to resolve 'api.digitalcollections.nypl.org' ([Errno -2] Name or service not known)"))
2026-04-16 22:28:13,608 INFO   [1980s] query: manuscript
2026-04-16 22:28:13,610 WARNING   NYPL search error: HTTPSConnectionPool(host='api.digitalcollections.nypl.org', port=443): Max retries exceeded with url: /api/v2/items/search?q=manuscript&date_from=1980&date_to=1989&page=1&per_page=50 (Caused by NameResolutionError("HTTPSConnection(host='api.digitalcollections.nypl.org', port=443): Failed to resolve 'api.digitalcollections.nypl.org' ([Errno -2] Name or service not known)"))
2026-04-16 22:28:13,610 INFO   [1980s] query: official form
2026-04-16 22:28:13,612 WARNING   NYPL search error: HTTPSConnectionPool(host='api.digitalcollections.nypl.org', port=443): Max retries exceeded with url: /api/v2/items/search?q=official+form&date_from=1980&date_to=1989&page=1&per_page=50 (Caused by NameResolutionError("HTTPSConnection(host='api.digitalcollections.nypl.org', port=443): Failed to resolve 'api.digitalcollections.nypl.org' ([Errno -2] Name or service not known)"))
2026-04-16 22:28:13,612 INFO   [1980s] query: memorandum
2026-04-16 22:28:13,614 WARNING   NYPL search error: HTTPSConnectionPool(host='api.digitalcollections.nypl.org', port=443): Max retries exceeded with url: /api/v2/items/search?q=memorandum&date_from=1980&date_to=1989&page=1&per_page=50 (Caused by NameResolutionError("HTTPSConnection(host='api.digitalcollections.nypl.org', port=443): Failed to resolve 'api.digitalcollections.nypl.org' ([Errno -2] Name or service not known)"))
2026-04-16 22:28:13,614 INFO   [1980s] query: petition
2026-04-16 22:28:13,616 WARNING   NYPL search error: HTTPSConnectionPool(host='api.digitalcollections.nypl.org', port=443): Max retries exceeded with url: /api/v2/items/search?q=petition&date_from=1980&date_to=1989&page=1&per_page=50 (Caused by NameResolutionError("HTTPSConnection(host='api.digitalcollections.nypl.org', port=443): Failed to resolve 'api.digitalcollections.nypl.org' ([Errno -2] Name or service not known)"))
2026-04-16 22:28:13,616 INFO   [1980s] query: diary
2026-04-16 22:28:13,619 WARNING   NYPL search error: HTTPSConnectionPool(host='api.digitalcollections.nypl.org', port=443): Max retries exceeded with url: /api/v2/items/search?q=diary&date_from=1980&date_to=1989&page=1&per_page=50 (Caused by NameResolutionError("HTTPSConnection(host='api.digitalcollections.nypl.org', port=443): Failed to resolve 'api.digitalcollections.nypl.org' ([Errno -2] Name or service not known)"))
2026-04-16 22:28:13,619 INFO   [1980s] query: typed letter
2026-04-16 22:28:13,621 WARNING   NYPL search error: HTTPSConnectionPool(host='api.digitalcollections.nypl.org', port=443): Max retries exceeded with url: /api/v2/items/search?q=typed+letter&date_from=1980&date_to=1989&page=1&per_page=50 (Caused by NameResolutionError("HTTPSConnection(host='api.digitalcollections.nypl.org', port=443): Failed to resolve 'api.digitalcollections.nypl.org' ([Errno -2] Name or service not known)"))
2026-04-16 22:28:13,622 INFO 
── 1990s (1990–1999) ──
2026-04-16 22:28:13,622 INFO   [1990s] query: handwritten letter
2026-04-16 22:28:13,624 WARNING   NYPL search error: HTTPSConnectionPool(host='api.digitalcollections.nypl.org', port=443): Max retries exceeded with url: /api/v2/items/search?q=handwritten+letter&date_from=1990&date_to=1999&page=1&per_page=50 (Caused by NameResolutionError("HTTPSConnection(host='api.digitalcollections.nypl.org', port=443): Failed to resolve 'api.digitalcollections.nypl.org' ([Errno -2] Name or service not known)"))
2026-04-16 22:28:13,624 INFO   [1990s] query: correspondence
2026-04-16 22:28:13,626 WARNING   NYPL search error: HTTPSConnectionPool(host='api.digitalcollections.nypl.org', port=443): Max retries exceeded with url: /api/v2/items/search?q=correspondence&date_from=1990&date_to=1999&page=1&per_page=50 (Caused by NameResolutionError("HTTPSConnection(host='api.digitalcollections.nypl.org', port=443): Failed to resolve 'api.digitalcollections.nypl.org' ([Errno -2] Name or service not known)"))
2026-04-16 22:28:13,626 INFO   [1990s] query: manuscript
2026-04-16 22:28:13,628 WARNING   NYPL search error: HTTPSConnectionPool(host='api.digitalcollections.nypl.org', port=443): Max retries exceeded with url: /api/v2/items/search?q=manuscript&date_from=1990&date_to=1999&page=1&per_page=50 (Caused by NameResolutionError("HTTPSConnection(host='api.digitalcollections.nypl.org', port=443): Failed to resolve 'api.digitalcollections.nypl.org' ([Errno -2] Name or service not known)"))
2026-04-16 22:28:13,628 INFO   [1990s] query: official form
2026-04-16 22:28:13,630 WARNING   NYPL search error: HTTPSConnectionPool(host='api.digitalcollections.nypl.org', port=443): Max retries exceeded with url: /api/v2/items/search?q=official+form&date_from=1990&date_to=1999&page=1&per_page=50 (Caused by NameResolutionError("HTTPSConnection(host='api.digitalcollections.nypl.org', port=443): Failed to resolve 'api.digitalcollections.nypl.org' ([Errno -2] Name or service not known)"))
2026-04-16 22:28:13,631 INFO   [1990s] query: memorandum
2026-04-16 22:28:13,632 WARNING   NYPL search error: HTTPSConnectionPool(host='api.digitalcollections.nypl.org', port=443): Max retries exceeded with url: /api/v2/items/search?q=memorandum&date_from=1990&date_to=1999&page=1&per_page=50 (Caused by NameResolutionError("HTTPSConnection(host='api.digitalcollections.nypl.org', port=443): Failed to resolve 'api.digitalcollections.nypl.org' ([Errno -2] Name or service not known)"))
2026-04-16 22:28:13,633 INFO   [1990s] query: petition
2026-04-16 22:28:13,635 WARNING   NYPL search error: HTTPSConnectionPool(host='api.digitalcollections.nypl.org', port=443): Max retries exceeded with url: /api/v2/items/search?q=petition&date_from=1990&date_to=1999&page=1&per_page=50 (Caused by NameResolutionError("HTTPSConnection(host='api.digitalcollections.nypl.org', port=443): Failed to resolve 'api.digitalcollections.nypl.org' ([Errno -2] Name or service not known)"))
2026-04-16 22:28:13,635 INFO   [1990s] query: diary
2026-04-16 22:28:13,637 WARNING   NYPL search error: HTTPSConnectionPool(host='api.digitalcollections.nypl.org', port=443): Max retries exceeded with url: /api/v2/items/search?q=diary&date_from=1990&date_to=1999&page=1&per_page=50 (Caused by NameResolutionError("HTTPSConnection(host='api.digitalcollections.nypl.org', port=443): Failed to resolve 'api.digitalcollections.nypl.org' ([Errno -2] Name or service not known)"))
2026-04-16 22:28:13,637 INFO   [1990s] query: typed letter
2026-04-16 22:28:13,639 WARNING   NYPL search error: HTTPSConnectionPool(host='api.digitalcollections.nypl.org', port=443): Max retries exceeded with url: /api/v2/items/search?q=typed+letter&date_from=1990&date_to=1999&page=1&per_page=50 (Caused by NameResolutionError("HTTPSConnection(host='api.digitalcollections.nypl.org', port=443): Failed to resolve 'api.digitalcollections.nypl.org' ([Errno -2] Name or service not known)"))
2026-04-16 22:28:13,640 INFO 
── 2000s (2000–2009) ──
2026-04-16 22:28:13,640 INFO   [2000s] query: handwritten letter
2026-04-16 22:28:13,642 WARNING   NYPL search error: HTTPSConnectionPool(host='api.digitalcollections.nypl.org', port=443): Max retries exceeded with url: /api/v2/items/search?q=handwritten+letter&date_from=2000&date_to=2009&page=1&per_page=50 (Caused by NameResolutionError("HTTPSConnection(host='api.digitalcollections.nypl.org', port=443): Failed to resolve 'api.digitalcollections.nypl.org' ([Errno -2] Name or service not known)"))
2026-04-16 22:28:13,642 INFO   [2000s] query: correspondence
2026-04-16 22:28:13,644 WARNING   NYPL search error: HTTPSConnectionPool(host='api.digitalcollections.nypl.org', port=443): Max retries exceeded with url: /api/v2/items/search?q=correspondence&date_from=2000&date_to=2009&page=1&per_page=50 (Caused by NameResolutionError("HTTPSConnection(host='api.digitalcollections.nypl.org', port=443): Failed to resolve 'api.digitalcollections.nypl.org' ([Errno -2] Name or service not known)"))
2026-04-16 22:28:13,644 INFO   [2000s] query: manuscript
2026-04-16 22:28:13,646 WARNING   NYPL search error: HTTPSConnectionPool(host='api.digitalcollections.nypl.org', port=443): Max retries exceeded with url: /api/v2/items/search?q=manuscript&date_from=2000&date_to=2009&page=1&per_page=50 (Caused by NameResolutionError("HTTPSConnection(host='api.digitalcollections.nypl.org', port=443): Failed to resolve 'api.digitalcollections.nypl.org' ([Errno -2] Name or service not known)"))
2026-04-16 22:28:13,647 INFO   [2000s] query: official form
2026-04-16 22:28:13,648 WARNING   NYPL search error: HTTPSConnectionPool(host='api.digitalcollections.nypl.org', port=443): Max retries exceeded with url: /api/v2/items/search?q=official+form&date_from=2000&date_to=2009&page=1&per_page=50 (Caused by NameResolutionError("HTTPSConnection(host='api.digitalcollections.nypl.org', port=443): Failed to resolve 'api.digitalcollections.nypl.org' ([Errno -2] Name or service not known)"))
2026-04-16 22:28:13,649 INFO   [2000s] query: memorandum
2026-04-16 22:28:13,651 WARNING   NYPL search error: HTTPSConnectionPool(host='api.digitalcollections.nypl.org', port=443): Max retries exceeded with url: /api/v2/items/search?q=memorandum&date_from=2000&date_to=2009&page=1&per_page=50 (Caused by NameResolutionError("HTTPSConnection(host='api.digitalcollections.nypl.org', port=443): Failed to resolve 'api.digitalcollections.nypl.org' ([Errno -2] Name or service not known)"))
2026-04-16 22:28:13,651 INFO   [2000s] query: petition
2026-04-16 22:28:13,653 WARNING   NYPL search error: HTTPSConnectionPool(host='api.digitalcollections.nypl.org', port=443): Max retries exceeded with url: /api/v2/items/search?q=petition&date_from=2000&date_to=2009&page=1&per_page=50 (Caused by NameResolutionError("HTTPSConnection(host='api.digitalcollections.nypl.org', port=443): Failed to resolve 'api.digitalcollections.nypl.org' ([Errno -2] Name or service not known)"))
2026-04-16 22:28:13,653 INFO   [2000s] query: diary
2026-04-16 22:28:13,655 WARNING   NYPL search error: HTTPSConnectionPool(host='api.digitalcollections.nypl.org', port=443): Max retries exceeded with url: /api/v2/items/search?q=diary&date_from=2000&date_to=2009&page=1&per_page=50 (Caused by NameResolutionError("HTTPSConnection(host='api.digitalcollections.nypl.org', port=443): Failed to resolve 'api.digitalcollections.nypl.org' ([Errno -2] Name or service not known)"))
2026-04-16 22:28:13,655 INFO   [2000s] query: typed letter
2026-04-16 22:28:13,657 WARNING   NYPL search error: HTTPSConnectionPool(host='api.digitalcollections.nypl.org', port=443): Max retries exceeded with url: /api/v2/items/search?q=typed+letter&date_from=2000&date_to=2009&page=1&per_page=50 (Caused by NameResolutionError("HTTPSConnection(host='api.digitalcollections.nypl.org', port=443): Failed to resolve 'api.digitalcollections.nypl.org' ([Errno -2] Name or service not known)"))
2026-04-16 22:28:13,658 INFO 
── Summary ──────────────────────────────────────────────────
2026-04-16 22:28:13,658 INFO   pre1950s   0/100
2026-04-16 22:28:13,658 INFO   1950s      0/100
2026-04-16 22:28:13,658 INFO   1960s      0/100
2026-04-16 22:28:13,658 INFO   1970s      0/100
2026-04-16 22:28:13,658 INFO   1980s      0/100
2026-04-16 22:28:13,658 INFO   1990s      0/100
2026-04-16 22:28:13,659 INFO   2000s      0/100
2026-04-16 22:28:13,659 INFO   Total: 0
2026-04-16 22:33:38,775 INFO Loaded 596 existing hashes
2026-04-16 22:33:38,775 INFO Output: /home/ubuntu/projects/ScanGap/data/wildscans_candidates/nypl
2026-04-16 22:33:38,775 INFO Quota: 100 per decade

2026-04-16 22:33:38,775 INFO 
── pre1950s ──
2026-04-16 22:33:38,775 INFO   [pre1950s] query: handwritten manuscript
2026-04-16 22:33:41,582 INFO   + [pre1950s] nypl_pre1950s_cc33fd02a208.jpg  (1/100)
2026-04-16 22:33:42,837 INFO   + [pre1950s] nypl_pre1950s_96450127ca3f.jpg  (2/100)
2026-04-16 22:33:44,200 INFO   + [pre1950s] nypl_pre1950s_539be9ad4a1b.jpg  (3/100)
2026-04-16 22:33:45,571 INFO   + [pre1950s] nypl_pre1950s_e5b3e8314764.jpg  (4/100)
2026-04-16 22:33:46,776 INFO   + [pre1950s] nypl_pre1950s_45dd4745b377.jpg  (5/100)
2026-04-16 22:33:47,972 INFO   + [pre1950s] nypl_pre1950s_efd042a9a8c8.jpg  (6/100)
2026-04-16 22:33:50,490 INFO   + [pre1950s] nypl_pre1950s_01ccdce258ba.jpg  (7/100)
2026-04-16 22:33:51,772 INFO   + [pre1950s] nypl_pre1950s_a1d30fe157e4.jpg  (8/100)
2026-04-16 22:33:52,906 INFO   + [pre1950s] nypl_pre1950s_a9813ac8493f.jpg  (9/100)
2026-04-16 22:33:54,150 INFO   + [pre1950s] nypl_pre1950s_c2e15cc016a8.jpg  (10/100)
2026-04-16 22:33:55,343 INFO   + [pre1950s] nypl_pre1950s_041ae14e4cb4.jpg  (11/100)
2026-04-16 22:33:56,558 INFO   + [pre1950s] nypl_pre1950s_829dc2f6a551.jpg  (12/100)
2026-04-16 22:33:57,771 INFO   + [pre1950s] nypl_pre1950s_8998481cb2a8.jpg  (13/100)
2026-04-16 22:33:58,991 INFO   + [pre1950s] nypl_pre1950s_9b0b2d5b4ba5.jpg  (14/100)
2026-04-16 22:34:00,305 INFO   + [pre1950s] nypl_pre1950s_1e72a6f663f6.jpg  (15/100)
2026-04-16 22:34:01,484 INFO   + [pre1950s] nypl_pre1950s_8921779e9dfd.jpg  (16/100)
2026-04-16 22:34:02,721 INFO   + [pre1950s] nypl_pre1950s_78011fee0f7b.jpg  (17/100)
2026-04-16 22:34:04,140 INFO   + [pre1950s] nypl_pre1950s_709a7a03fc45.jpg  (18/100)
2026-04-16 22:34:05,320 INFO   + [pre1950s] nypl_pre1950s_fc99cc25406d.jpg  (19/100)
2026-04-16 22:34:07,194 INFO   + [pre1950s] nypl_pre1950s_a531cae2ed4e.jpg  (20/100)
2026-04-16 22:34:08,343 INFO   + [pre1950s] nypl_pre1950s_a291daa753c0.jpg  (21/100)
2026-04-16 22:34:09,558 INFO   + [pre1950s] nypl_pre1950s_4392839950e6.jpg  (22/100)
2026-04-16 22:34:10,836 INFO   + [pre1950s] nypl_pre1950s_5cfdcfbc2a97.jpg  (23/100)
2026-04-16 22:34:11,955 INFO   + [pre1950s] nypl_pre1950s_aecdefae0514.jpg  (24/100)
2026-04-16 22:34:13,141 INFO   + [pre1950s] nypl_pre1950s_c159a884676e.jpg  (25/100)
2026-04-16 22:34:14,242 INFO   + [pre1950s] nypl_pre1950s_9bdef7a4acbb.jpg  (26/100)
2026-04-16 22:34:15,360 INFO   + [pre1950s] nypl_pre1950s_0859915534ff.jpg  (27/100)
2026-04-16 22:34:16,561 INFO   + [pre1950s] nypl_pre1950s_163659e16ca3.jpg  (28/100)
2026-04-16 22:34:17,748 INFO   + [pre1950s] nypl_pre1950s_06e664a7ae68.jpg  (29/100)
2026-04-16 22:34:18,912 INFO   + [pre1950s] nypl_pre1950s_4bc13debf4d6.jpg  (30/100)
2026-04-16 22:34:20,048 INFO   + [pre1950s] nypl_pre1950s_04627984aced.jpg  (31/100)
2026-04-16 22:34:21,193 INFO   + [pre1950s] nypl_pre1950s_817fdf180c50.jpg  (32/100)
2026-04-16 22:34:22,355 INFO   + [pre1950s] nypl_pre1950s_91a34c91c71f.jpg  (33/100)
2026-04-16 22:34:23,433 INFO   + [pre1950s] nypl_pre1950s_5f0a9c76a892.jpg  (34/100)
2026-04-16 22:34:24,627 INFO   + [pre1950s] nypl_pre1950s_2a527553c9fa.jpg  (35/100)
2026-04-16 22:34:25,850 INFO   + [pre1950s] nypl_pre1950s_61cbcc83791f.jpg  (36/100)
2026-04-16 22:34:27,010 INFO   + [pre1950s] nypl_pre1950s_ec2e62af11d2.jpg  (37/100)
2026-04-16 22:34:28,041 INFO   + [pre1950s] nypl_pre1950s_4ea6cdda27fb.jpg  (38/100)
2026-04-16 22:34:29,241 INFO   + [pre1950s] nypl_pre1950s_10f275532f5c.jpg  (39/100)
2026-04-16 22:34:34,928 INFO   + [pre1950s] nypl_pre1950s_82c7b4d17b5b.jpg  (40/100)
2026-04-16 22:34:36,196 INFO   + [pre1950s] nypl_pre1950s_06e090e13606.jpg  (41/100)
2026-04-16 22:34:38,502 INFO   + [pre1950s] nypl_pre1950s_2ed8d36b8247.jpg  (42/100)
2026-04-16 22:34:39,673 INFO   + [pre1950s] nypl_pre1950s_6e3a3863988c.jpg  (43/100)
2026-04-16 22:34:40,474 INFO   + [pre1950s] nypl_pre1950s_77a8518ee61e.jpg  (44/100)
2026-04-16 22:34:41,475 INFO   + [pre1950s] nypl_pre1950s_18e1f8bd5eb8.jpg  (45/100)
2026-04-16 22:34:42,768 INFO   + [pre1950s] nypl_pre1950s_7c4749f217d2.jpg  (46/100)
2026-04-16 22:34:43,564 INFO   + [pre1950s] nypl_pre1950s_f7bef422f9c1.jpg  (47/100)
2026-04-16 22:34:44,458 INFO   + [pre1950s] nypl_pre1950s_ed92ac9b1751.jpg  (48/100)
2026-04-16 22:34:45,906 INFO   + [pre1950s] nypl_pre1950s_663d16a26d85.jpg  (49/100)
2026-04-16 22:34:47,401 INFO   + [pre1950s] nypl_pre1950s_c158f4df1367.jpg  (50/100)
2026-04-16 22:34:48,350 INFO   + [pre1950s] nypl_pre1950s_d9c1c3a149cb.jpg  (51/100)
2026-04-16 22:34:49,327 INFO   + [pre1950s] nypl_pre1950s_b8dca9ab7641.jpg  (52/100)
2026-04-16 22:34:50,252 INFO   + [pre1950s] nypl_pre1950s_d3cfcaf84137.jpg  (53/100)
2026-04-16 22:34:51,474 INFO   + [pre1950s] nypl_pre1950s_242e8e5bd98d.jpg  (54/100)
2026-04-16 22:34:52,700 INFO   + [pre1950s] nypl_pre1950s_e3d5e58b5382.jpg  (55/100)
2026-04-16 22:34:53,804 INFO   + [pre1950s] nypl_pre1950s_dd44d73284ff.jpg  (56/100)
2026-04-16 22:34:55,202 INFO   + [pre1950s] nypl_pre1950s_a3433a6063a1.jpg  (57/100)
2026-04-16 22:34:56,554 INFO   + [pre1950s] nypl_pre1950s_bc83142767c6.jpg  (58/100)
2026-04-16 22:34:59,059 INFO   + [pre1950s] nypl_pre1950s_78a35de4f979.jpg  (59/100)
2026-04-16 22:35:00,177 INFO   + [pre1950s] nypl_pre1950s_b6ac0017b37d.jpg  (60/100)
2026-04-16 22:35:00,952 INFO   + [pre1950s] nypl_pre1950s_c294d5178e1c.jpg  (61/100)
2026-04-16 22:35:02,204 INFO   + [pre1950s] nypl_pre1950s_415fea0df88a.jpg  (62/100)
2026-04-16 22:35:03,084 INFO   + [pre1950s] nypl_pre1950s_09c07c69f009.jpg  (63/100)
2026-04-16 22:35:03,955 INFO   + [pre1950s] nypl_pre1950s_f4cccf0b2bc2.jpg  (64/100)
2026-04-16 22:35:04,809 INFO   + [pre1950s] nypl_pre1950s_3893befd06c8.jpg  (65/100)
2026-04-16 22:35:05,793 INFO   + [pre1950s] nypl_pre1950s_6a0602fb68f6.jpg  (66/100)
2026-04-16 22:35:06,959 INFO   + [pre1950s] nypl_pre1950s_aa89a6d847ff.jpg  (67/100)
2026-04-16 22:35:07,884 INFO   + [pre1950s] nypl_pre1950s_76699c115fc5.jpg  (68/100)
2026-04-16 22:35:11,845 INFO   + [pre1950s] nypl_pre1950s_39cbb3842d03.jpg  (69/100)
2026-04-16 22:35:12,752 INFO   + [pre1950s] nypl_pre1950s_562baa2230a5.jpg  (70/100)
2026-04-16 22:35:13,963 INFO   + [pre1950s] nypl_pre1950s_e51be6f7f731.jpg  (71/100)
2026-04-16 22:35:15,188 INFO   + [pre1950s] nypl_pre1950s_eea2b02cb700.jpg  (72/100)
2026-04-16 22:35:16,395 INFO   + [pre1950s] nypl_pre1950s_55bd84994862.jpg  (73/100)
2026-04-16 22:35:17,627 INFO   + [pre1950s] nypl_pre1950s_6b6669d69121.jpg  (74/100)
2026-04-16 22:35:19,026 INFO   + [pre1950s] nypl_pre1950s_21574f6e7fc6.jpg  (75/100)
2026-04-16 22:35:19,892 INFO   + [pre1950s] nypl_pre1950s_2608202d4ee1.jpg  (76/100)
2026-04-16 22:35:21,191 INFO   + [pre1950s] nypl_pre1950s_20a21dac5354.jpg  (77/100)
2026-04-16 22:35:22,021 INFO   + [pre1950s] nypl_pre1950s_88e49d5a05c5.jpg  (78/100)
2026-04-16 22:35:22,833 INFO   + [pre1950s] nypl_pre1950s_6a6834c2c011.jpg  (79/100)
2026-04-16 22:35:23,837 INFO   + [pre1950s] nypl_pre1950s_af321422f496.jpg  (80/100)
2026-04-16 22:35:26,060 INFO   + [pre1950s] nypl_pre1950s_a48d99c3f9ef.jpg  (81/100)
2026-04-16 22:35:27,171 INFO   + [pre1950s] nypl_pre1950s_cc588e0a1c75.jpg  (82/100)
2026-04-16 22:35:27,965 INFO   + [pre1950s] nypl_pre1950s_8c1a5d42e2f0.jpg  (83/100)
2026-04-16 22:35:29,106 INFO   + [pre1950s] nypl_pre1950s_225df3425c62.jpg  (84/100)
2026-04-16 22:35:29,976 INFO   + [pre1950s] nypl_pre1950s_9710161ba2ac.jpg  (85/100)
2026-04-16 22:35:31,283 INFO   + [pre1950s] nypl_pre1950s_7f199bc7312c.jpg  (86/100)
2026-04-16 22:35:32,640 INFO   + [pre1950s] nypl_pre1950s_cd5de372d1ac.jpg  (87/100)
2026-04-16 22:35:33,801 INFO   + [pre1950s] nypl_pre1950s_a66554c48f98.jpg  (88/100)
2026-04-16 22:35:34,912 INFO   + [pre1950s] nypl_pre1950s_78eb539a1def.jpg  (89/100)
2026-04-16 22:35:36,097 INFO   + [pre1950s] nypl_pre1950s_f27607213e57.jpg  (90/100)
2026-04-16 22:35:37,245 INFO   + [pre1950s] nypl_pre1950s_cb7a6f7806bc.jpg  (91/100)
2026-04-16 22:35:38,378 INFO   + [pre1950s] nypl_pre1950s_5a6cf6f511d0.jpg  (92/100)
2026-04-16 22:35:39,647 INFO   + [pre1950s] nypl_pre1950s_6993191779c3.jpg  (93/100)
2026-04-16 22:35:40,819 INFO   + [pre1950s] nypl_pre1950s_8af266993c8b.jpg  (94/100)
2026-04-16 22:35:43,419 INFO   + [pre1950s] nypl_pre1950s_7e388327dd57.jpg  (95/100)
2026-04-16 22:35:44,488 INFO   + [pre1950s] nypl_pre1950s_e7aa86fc528c.jpg  (96/100)
2026-04-16 22:35:45,273 INFO   + [pre1950s] nypl_pre1950s_71e82f7aa11f.jpg  (97/100)
2026-04-16 22:35:46,172 INFO   + [pre1950s] nypl_pre1950s_5fc94f3c0ea6.jpg  (98/100)
2026-04-16 22:35:47,250 INFO   + [pre1950s] nypl_pre1950s_a9b5c7e88bbc.jpg  (99/100)
2026-04-16 22:35:48,336 INFO   + [pre1950s] nypl_pre1950s_d1132ccc25cc.jpg  (100/100)
2026-04-16 22:35:48,337 INFO 
── 1950s ──
2026-04-16 22:35:48,337 INFO   [1950s] query: handwritten manuscript
2026-04-16 22:35:50,948 INFO   + [1950s] nypl_1950s_8b0fbbeed7ef.jpg  (1/100)
2026-04-16 22:35:52,160 INFO   + [1950s] nypl_1950s_b44272f6410d.jpg  (2/100)
2026-04-16 22:35:53,967 INFO   + [1950s] nypl_1950s_7393606e8d6a.jpg  (3/100)
2026-04-16 22:35:54,800 INFO   + [1950s] nypl_1950s_7fbda602d307.jpg  (4/100)
2026-04-16 22:35:57,566 INFO   + [1950s] nypl_1950s_6fb2a8db7e61.jpg  (5/100)
2026-04-16 22:35:59,901 INFO   + [1950s] nypl_1950s_a92fea504620.jpg  (6/100)
2026-04-16 22:36:08,133 INFO   + [1950s] nypl_1950s_421f7fc7b404.jpg  (7/100)
2026-04-16 22:36:09,416 INFO   + [1950s] nypl_1950s_53ac66515c7d.jpg  (8/100)
2026-04-16 22:36:10,709 INFO   + [1950s] nypl_1950s_d44c035814b3.jpg  (9/100)
2026-04-16 22:36:11,515 INFO   + [1950s] nypl_1950s_faea05639450.jpg  (10/100)
2026-04-16 22:36:13,343 INFO   + [1950s] nypl_1950s_0e5a4dfd10b6.jpg  (11/100)
2026-04-16 22:36:15,008 INFO   + [1950s] nypl_1950s_2908b6ac9846.jpg  (12/100)
2026-04-16 22:36:16,091 INFO   + [1950s] nypl_1950s_c58cd34a0f31.jpg  (13/100)
2026-04-16 22:36:17,333 INFO   + [1950s] nypl_1950s_2159b15e1743.jpg  (14/100)
2026-04-16 22:36:19,285 INFO   + [1950s] nypl_1950s_3a191e02ed9b.jpg  (15/100)
2026-04-16 22:36:20,617 INFO   + [1950s] nypl_1950s_032b042bf08a.jpg  (16/100)
2026-04-16 22:36:21,489 INFO   + [1950s] nypl_1950s_b36fa94e73f7.jpg  (17/100)
2026-04-16 22:36:22,300 INFO   + [1950s] nypl_1950s_253f09999886.jpg  (18/100)
2026-04-16 22:36:23,028 INFO   + [1950s] nypl_1950s_162c04a03e5b.jpg  (19/100)
2026-04-16 22:36:23,886 INFO   + [1950s] nypl_1950s_acdef8a41050.jpg  (20/100)
2026-04-16 22:36:24,747 INFO   + [1950s] nypl_1950s_3de4d3e39823.jpg  (21/100)
2026-04-16 22:36:25,601 INFO   + [1950s] nypl_1950s_f301bd472854.jpg  (22/100)
2026-04-16 22:36:26,414 INFO   + [1950s] nypl_1950s_225554540391.jpg  (23/100)
2026-04-16 22:36:27,171 INFO   + [1950s] nypl_1950s_4adde590226f.jpg  (24/100)
2026-04-16 22:36:27,953 INFO   + [1950s] nypl_1950s_76ea3d652c4f.jpg  (25/100)
2026-04-16 22:36:28,754 INFO   + [1950s] nypl_1950s_c79f2c3beb55.jpg  (26/100)
2026-04-16 22:36:29,621 INFO   + [1950s] nypl_1950s_21ddc26bc04b.jpg  (27/100)
2026-04-16 22:36:30,513 INFO   + [1950s] nypl_1950s_a3510ef10db3.jpg  (28/100)
2026-04-16 22:36:31,807 INFO   + [1950s] nypl_1950s_1a2fc23d7481.jpg  (29/100)
2026-04-16 22:36:33,501 INFO   + [1950s] nypl_1950s_120f284b0e79.jpg  (30/100)
2026-04-16 22:36:35,674 INFO   + [1950s] nypl_1950s_31b1eb190024.jpg  (31/100)
2026-04-16 22:36:36,731 INFO   + [1950s] nypl_1950s_a0bc5db4e18a.jpg  (32/100)
2026-04-16 22:36:37,949 INFO   + [1950s] nypl_1950s_d5b25e6123d4.jpg  (33/100)
2026-04-16 22:36:39,055 INFO   + [1950s] nypl_1950s_efc20aa1df56.jpg  (34/100)
2026-04-16 22:36:40,114 INFO   + [1950s] nypl_1950s_986525b2b747.jpg  (35/100)
2026-04-16 22:36:41,256 INFO   + [1950s] nypl_1950s_d5ca1b4bc529.jpg  (36/100)
2026-04-16 22:36:42,238 INFO   + [1950s] nypl_1950s_bf368b4cd016.jpg  (37/100)
2026-04-16 22:36:43,347 INFO   + [1950s] nypl_1950s_664e830db314.jpg  (38/100)
2026-04-16 22:36:45,568 INFO   + [1950s] nypl_1950s_9b37ca8cf5ac.jpg  (39/100)
2026-04-16 22:36:46,648 INFO   + [1950s] nypl_1950s_1298badbca0b.jpg  (40/100)
2026-04-16 22:36:47,732 INFO   + [1950s] nypl_1950s_96a511fec758.jpg  (41/100)
2026-04-16 22:36:48,878 INFO   + [1950s] nypl_1950s_ffdbe1757f89.jpg  (42/100)
2026-04-16 22:36:49,935 INFO   + [1950s] nypl_1950s_64df82cf649d.jpg  (43/100)
2026-04-16 22:36:51,050 INFO   + [1950s] nypl_1950s_22d7510c8297.jpg  (44/100)
2026-04-16 22:36:52,140 INFO   + [1950s] nypl_1950s_c72e7dbd4b34.jpg  (45/100)
2026-04-16 22:36:53,238 INFO   + [1950s] nypl_1950s_431aa23467e0.jpg  (46/100)
2026-04-16 22:36:54,453 INFO   + [1950s] nypl_1950s_811ca67e59f7.jpg  (47/100)
2026-04-16 22:36:55,526 INFO   + [1950s] nypl_1950s_d1e3adc692f3.jpg  (48/100)
2026-04-16 22:36:56,554 INFO   + [1950s] nypl_1950s_bf2e5aa5883a.jpg  (49/100)
2026-04-16 22:36:57,581 INFO   + [1950s] nypl_1950s_daccf3425d6e.jpg  (50/100)
2026-04-16 22:36:58,775 INFO   + [1950s] nypl_1950s_081540fd2056.jpg  (51/100)
2026-04-16 22:37:02,554 INFO   + [1950s] nypl_1950s_9458a6e9136d.jpg  (52/100)
2026-04-16 22:37:03,700 INFO   + [1950s] nypl_1950s_9e34794034c0.jpg  (53/100)
2026-04-16 22:37:04,826 INFO   + [1950s] nypl_1950s_4d2de416fa5b.jpg  (54/100)
2026-04-16 22:37:05,870 INFO   + [1950s] nypl_1950s_eeecee579fed.jpg  (55/100)
2026-04-16 22:37:06,950 INFO   + [1950s] nypl_1950s_1549f159c4e9.jpg  (56/100)
2026-04-16 22:37:09,002 INFO   + [1950s] nypl_1950s_899e26c43534.jpg  (57/100)
2026-04-16 22:37:10,090 INFO   + [1950s] nypl_1950s_a2065b5ea841.jpg  (58/100)
2026-04-16 22:37:11,140 INFO   + [1950s] nypl_1950s_b75dd24e5185.jpg  (59/100)
2026-04-16 22:37:12,258 INFO   + [1950s] nypl_1950s_cc6f63c6926d.jpg  (60/100)
2026-04-16 22:37:13,291 INFO   + [1950s] nypl_1950s_23ef2cd58d89.jpg  (61/100)
2026-04-16 22:37:16,806 INFO   + [1950s] nypl_1950s_b316578ea2c9.jpg  (62/100)
2026-04-16 22:37:17,841 INFO   + [1950s] nypl_1950s_5aad0ef06ad6.jpg  (63/100)
2026-04-16 22:37:24,430 INFO   + [1950s] nypl_1950s_787f2a3dd344.jpg  (64/100)
2026-04-16 22:37:25,449 INFO   + [1950s] nypl_1950s_5043e250b52d.jpg  (65/100)
2026-04-16 22:37:26,610 INFO   + [1950s] nypl_1950s_e1d0482b75d2.jpg  (66/100)
2026-04-16 22:37:27,774 INFO   + [1950s] nypl_1950s_998f8c0024d0.jpg  (67/100)
2026-04-16 22:37:28,931 INFO   + [1950s] nypl_1950s_5d4ae865a101.jpg  (68/100)
2026-04-16 22:37:32,284 INFO   + [1950s] nypl_1950s_860752d362ac.jpg  (69/100)
2026-04-16 22:37:33,454 INFO   + [1950s] nypl_1950s_1e42892dd800.jpg  (70/100)
2026-04-16 22:37:34,564 INFO   + [1950s] nypl_1950s_af1f6f423117.jpg  (71/100)
2026-04-16 22:37:35,716 INFO   + [1950s] nypl_1950s_0835e5ddd13c.jpg  (72/100)
2026-04-16 22:37:36,939 INFO   + [1950s] nypl_1950s_105ab8401a15.jpg  (73/100)
2026-04-16 22:37:37,999 INFO   + [1950s] nypl_1950s_fa48a55fd7f4.jpg  (74/100)
2026-04-16 22:37:39,018 INFO   + [1950s] nypl_1950s_711540e34601.jpg  (75/100)
2026-04-16 22:37:41,352 INFO   + [1950s] nypl_1950s_d2996a6b5b91.jpg  (76/100)
2026-04-16 22:37:42,395 INFO   + [1950s] nypl_1950s_654d11f51482.jpg  (77/100)
2026-04-16 22:37:43,530 INFO   + [1950s] nypl_1950s_6b8bd1a21e64.jpg  (78/100)
2026-04-16 22:38:16,301 INFO   + [1950s] nypl_1950s_3a1684fdb7b8.jpg  (79/100)
2026-04-16 22:38:17,408 INFO   + [1950s] nypl_1950s_b8c220d57426.jpg  (80/100)
2026-04-16 22:38:19,660 INFO   + [1950s] nypl_1950s_c7bd76976804.jpg  (81/100)
2026-04-16 22:38:20,695 INFO   + [1950s] nypl_1950s_5a66ff895002.jpg  (82/100)
2026-04-16 22:38:24,177 INFO   + [1950s] nypl_1950s_461a91bcca81.jpg  (83/100)
2026-04-16 22:38:26,656 INFO   + [1950s] nypl_1950s_34dd8d620c92.jpg  (84/100)
2026-04-16 22:38:27,791 INFO   + [1950s] nypl_1950s_8fac8990d47d.jpg  (85/100)
2026-04-16 22:39:11,609 INFO   + [1950s] nypl_1950s_3b34818ea324.jpg  (86/100)
2026-04-16 22:39:12,976 INFO   + [1950s] nypl_1950s_7dfb87eec4d7.jpg  (87/100)
2026-04-16 22:39:13,778 INFO   + [1950s] nypl_1950s_bfbcb650d704.jpg  (88/100)
2026-04-16 22:39:14,961 INFO   + [1950s] nypl_1950s_632fd1c47c88.jpg  (89/100)
2026-04-16 22:39:16,773 INFO   + [1950s] nypl_1950s_f422e9f2b2ca.jpg  (90/100)
2026-04-16 22:39:17,806 INFO   + [1950s] nypl_1950s_217fe258a479.jpg  (91/100)
2026-04-16 22:39:19,733 INFO   + [1950s] nypl_1950s_0073e3b53f7d.jpg  (92/100)
2026-04-16 22:39:21,271 INFO   + [1950s] nypl_1950s_5b29561bb51a.jpg  (93/100)
2026-04-16 22:39:23,239 INFO   + [1950s] nypl_1950s_02c3e5b4ba56.jpg  (94/100)
2026-04-16 22:39:25,087 INFO   + [1950s] nypl_1950s_4fb4dda33356.jpg  (95/100)
2026-04-16 22:39:26,039 INFO   + [1950s] nypl_1950s_8c14723b2d5a.jpg  (96/100)
2026-04-16 22:39:28,310 INFO   + [1950s] nypl_1950s_ab6828defa19.jpg  (97/100)
2026-04-16 22:39:29,322 INFO   + [1950s] nypl_1950s_3db7e296b581.jpg  (98/100)
2026-04-16 22:39:30,017 INFO   + [1950s] nypl_1950s_ce02c2d5009d.jpg  (99/100)
2026-04-16 22:39:31,015 INFO   + [1950s] nypl_1950s_54221de4c2c0.jpg  (100/100)
2026-04-16 22:39:31,016 INFO 
── 1960s ──
2026-04-16 22:39:31,016 INFO   [1960s] query: handwritten manuscript
2026-04-16 22:39:33,458 INFO   + [1960s] nypl_1960s_f7eedd675455.jpg  (1/100)
2026-04-16 22:39:34,521 INFO   + [1960s] nypl_1960s_c8a8aac8d06c.jpg  (2/100)
2026-04-16 22:39:46,943 INFO   + [1960s] nypl_1960s_526ab1662503.jpg  (3/100)
2026-04-16 22:39:48,108 INFO   + [1960s] nypl_1960s_fef09d9060f3.jpg  (4/100)
2026-04-16 22:39:49,415 INFO   + [1960s] nypl_1960s_5df37a957a2c.jpg  (5/100)
2026-04-16 22:39:59,963 INFO   + [1960s] nypl_1960s_c78d01fcfbb3.jpg  (6/100)
2026-04-16 22:40:01,151 INFO   + [1960s] nypl_1960s_6372ed7490b8.jpg  (7/100)
2026-04-16 22:40:03,268 INFO   + [1960s] nypl_1960s_35571ee0b74d.jpg  (8/100)
