2026-04-17 22:36:14,880 INFO   WildDocBench hashes: 596
2026-04-17 22:36:14,880 INFO Loaded 596 total known hashes

2026-04-17 22:36:14,880 INFO Output:  /home/ubuntu/projects/ScanGap/data/wildscans_candidates/nara_letters
2026-04-17 22:36:14,880 INFO Period:  1900–1969 (pre1950s · 1950s · 1960s)
2026-04-17 22:36:14,880 INFO Quota:   150 per decade

2026-04-17 22:36:14,880 INFO 
── pre1950s (1900–1949) ──
2026-04-17 22:36:14,880 INFO   [pre1950s] query: 'personal letter correspondence'
2026-04-17 22:36:19,149 INFO   + [pre1950s] nara_letters_pre1950s_ab66c17e8816.jpg  (1/150)
2026-04-17 22:36:20,167 INFO   + [pre1950s] nara_letters_pre1950s_cf87512b73c2.jpg  (2/150)
2026-04-17 22:36:21,168 INFO   + [pre1950s] nara_letters_pre1950s_476889eb758f.jpg  (3/150)
2026-04-17 22:36:22,198 INFO   + [pre1950s] nara_letters_pre1950s_f01961558ac9.jpg  (4/150)
2026-04-17 22:36:23,209 INFO   + [pre1950s] nara_letters_pre1950s_7a96a60d22ea.jpg  (5/150)
2026-04-17 22:36:24,057 INFO   + [pre1950s] nara_letters_pre1950s_a23608a5161d.jpg  (6/150)
2026-04-17 22:36:25,039 INFO   + [pre1950s] nara_letters_pre1950s_939399dbe63a.jpg  (7/150)
2026-04-17 22:36:26,046 INFO   + [pre1950s] nara_letters_pre1950s_1f3e1b3953fa.jpg  (8/150)
2026-04-17 22:36:27,127 INFO   + [pre1950s] nara_letters_pre1950s_1134edf8ebc8.jpg  (9/150)
2026-04-17 22:36:28,132 INFO   + [pre1950s] nara_letters_pre1950s_4ca5234a9658.jpg  (10/150)
2026-04-17 22:36:29,118 INFO   + [pre1950s] nara_letters_pre1950s_6d69ad750104.jpg  (11/150)
2026-04-17 22:36:30,137 INFO   + [pre1950s] nara_letters_pre1950s_02d199d5e296.jpg  (12/150)
2026-04-17 22:36:31,097 INFO   + [pre1950s] nara_letters_pre1950s_b8064b770c51.jpg  (13/150)
2026-04-17 22:36:32,071 INFO   + [pre1950s] nara_letters_pre1950s_3aba92cc7e0f.jpg  (14/150)
2026-04-17 22:36:33,041 INFO   + [pre1950s] nara_letters_pre1950s_1f3f7d0c85ad.jpg  (15/150)
2026-04-17 22:36:34,096 INFO   + [pre1950s] nara_letters_pre1950s_6a65fd6a0f4c.jpg  (16/150)
2026-04-17 22:36:35,060 INFO   + [pre1950s] nara_letters_pre1950s_443eeb6fc871.jpg  (17/150)
2026-04-17 22:36:36,079 INFO   + [pre1950s] nara_letters_pre1950s_ca1f353db211.jpg  (18/150)
2026-04-17 22:36:37,068 INFO   + [pre1950s] nara_letters_pre1950s_8318ca89c5a3.jpg  (19/150)
2026-04-17 22:36:38,174 INFO   + [pre1950s] nara_letters_pre1950s_e38722bda2c9.jpg  (20/150)
2026-04-17 22:36:39,150 INFO   + [pre1950s] nara_letters_pre1950s_4290bdf9e69f.jpg  (21/150)
2026-04-17 22:36:40,136 INFO   + [pre1950s] nara_letters_pre1950s_908de27e1a91.jpg  (22/150)
2026-04-17 22:36:41,120 INFO   + [pre1950s] nara_letters_pre1950s_79a072b25817.jpg  (23/150)
2026-04-17 22:36:43,093 INFO   + [pre1950s] nara_letters_pre1950s_dd5ff4e4de33.jpg  (24/150)
2026-04-17 22:36:44,064 INFO   + [pre1950s] nara_letters_pre1950s_3640417dfc22.jpg  (25/150)
2026-04-17 22:36:45,141 INFO   + [pre1950s] nara_letters_pre1950s_114776f976a1.jpg  (26/150)
2026-04-17 22:36:46,156 INFO   + [pre1950s] nara_letters_pre1950s_bef56cc3f467.jpg  (27/150)
2026-04-17 22:36:47,114 INFO   + [pre1950s] nara_letters_pre1950s_dce1f754a32d.jpg  (28/150)
2026-04-17 22:36:48,149 INFO   + [pre1950s] nara_letters_pre1950s_617f5d97068a.jpg  (29/150)
2026-04-17 22:36:49,137 INFO   + [pre1950s] nara_letters_pre1950s_43821812ca38.jpg  (30/150)
2026-04-17 22:36:51,046 INFO   + [pre1950s] nara_letters_pre1950s_381a44d3f4f0.jpg  (31/150)
2026-04-17 22:36:52,069 INFO   + [pre1950s] nara_letters_pre1950s_8e7a1777fa71.jpg  (32/150)
2026-04-17 22:36:53,026 INFO   + [pre1950s] nara_letters_pre1950s_8b8149a2ac0f.jpg  (33/150)
2026-04-17 22:36:54,998 INFO   + [pre1950s] nara_letters_pre1950s_0c978c2ecd85.jpg  (34/150)
2026-04-17 22:36:55,989 INFO   + [pre1950s] nara_letters_pre1950s_31f311586c6c.jpg  (35/150)
2026-04-17 22:36:57,005 INFO   + [pre1950s] nara_letters_pre1950s_10ae78f7e95e.jpg  (36/150)
2026-04-17 22:36:57,964 INFO   + [pre1950s] nara_letters_pre1950s_d13d0db0d821.jpg  (37/150)
2026-04-17 22:36:58,970 INFO   + [pre1950s] nara_letters_pre1950s_b6f1a9680c44.jpg  (38/150)
2026-04-17 22:36:59,945 INFO   + [pre1950s] nara_letters_pre1950s_e5c29a74e97e.jpg  (39/150)
2026-04-17 22:37:03,925 INFO   + [pre1950s] nara_letters_pre1950s_9c2b51dfddc7.jpg  (40/150)
2026-04-17 22:37:04,864 INFO   + [pre1950s] nara_letters_pre1950s_64c1fe563b93.jpg  (41/150)
2026-04-17 22:37:55,375 INFO   + [pre1950s] nara_letters_pre1950s_f42f4278b40b.jpg  (42/150)
2026-04-17 22:37:56,350 INFO   + [pre1950s] nara_letters_pre1950s_ed88cba274bb.jpg  (43/150)
2026-04-17 22:37:57,322 INFO   + [pre1950s] nara_letters_pre1950s_a30afc98831a.jpg  (44/150)
2026-04-17 22:37:58,380 INFO   + [pre1950s] nara_letters_pre1950s_6a978d9e780a.jpg  (45/150)
2026-04-17 22:38:00,328 INFO   + [pre1950s] nara_letters_pre1950s_377ba170948a.jpg  (46/150)
2026-04-17 22:38:01,899 INFO   + [pre1950s] nara_letters_pre1950s_7b4714800e93.jpg  (47/150)
2026-04-17 22:38:02,920 INFO   + [pre1950s] nara_letters_pre1950s_81dcd7e2208e.jpg  (48/150)
2026-04-17 22:38:04,914 INFO   + [pre1950s] nara_letters_pre1950s_77d4996153aa.jpg  (49/150)
2026-04-17 22:38:06,063 INFO   + [pre1950s] nara_letters_pre1950s_6234e9432ebd.jpg  (50/150)
2026-04-17 22:38:09,512 INFO   + [pre1950s] nara_letters_pre1950s_318eb0c8965f.jpg  (51/150)
2026-04-17 22:38:10,469 INFO   + [pre1950s] nara_letters_pre1950s_18c31faa001c.jpg  (52/150)
2026-04-17 22:38:11,480 INFO   + [pre1950s] nara_letters_pre1950s_ecf64945ce0b.jpg  (53/150)
2026-04-17 22:38:12,425 INFO   + [pre1950s] nara_letters_pre1950s_7128b305045f.jpg  (54/150)
2026-04-17 22:38:15,427 INFO   + [pre1950s] nara_letters_pre1950s_876349af169d.jpg  (55/150)
2026-04-17 22:38:18,504 INFO   + [pre1950s] nara_letters_pre1950s_3fc56600ed20.jpg  (56/150)
2026-04-17 22:38:20,686 INFO   + [pre1950s] nara_letters_pre1950s_bc7a3f6f1915.jpg  (57/150)
2026-04-17 22:38:21,682 INFO   + [pre1950s] nara_letters_pre1950s_e49207377af2.jpg  (58/150)
2026-04-17 22:38:22,665 INFO   + [pre1950s] nara_letters_pre1950s_47d690dc3684.jpg  (59/150)
2026-04-17 22:38:23,649 INFO   + [pre1950s] nara_letters_pre1950s_baca4ca2f0ab.jpg  (60/150)
2026-04-17 22:38:24,711 INFO   + [pre1950s] nara_letters_pre1950s_3cf3df320878.jpg  (61/150)
2026-04-17 22:38:25,677 INFO   + [pre1950s] nara_letters_pre1950s_9f2e600ec686.jpg  (62/150)
2026-04-17 22:38:26,640 INFO   + [pre1950s] nara_letters_pre1950s_e7a5b91049bb.jpg  (63/150)
2026-04-17 22:38:27,602 INFO   + [pre1950s] nara_letters_pre1950s_842931ada367.jpg  (64/150)
2026-04-17 22:38:28,562 INFO   + [pre1950s] nara_letters_pre1950s_e7afe95fbf44.jpg  (65/150)
2026-04-17 22:38:31,628 INFO   + [pre1950s] nara_letters_pre1950s_8881251353f1.jpg  (66/150)
2026-04-17 22:38:32,613 INFO   + [pre1950s] nara_letters_pre1950s_d9df29783c2e.jpg  (67/150)
2026-04-17 22:38:34,589 INFO   + [pre1950s] nara_letters_pre1950s_7ab839ce6f15.jpg  (68/150)
2026-04-17 22:38:35,567 INFO   + [pre1950s] nara_letters_pre1950s_ab76edd1c25e.jpg  (69/150)
2026-04-17 22:38:36,545 INFO   + [pre1950s] nara_letters_pre1950s_1ec08bab4c52.jpg  (70/150)
2026-04-17 22:38:37,489 INFO   + [pre1950s] nara_letters_pre1950s_888ed05fb6aa.jpg  (71/150)
2026-04-17 22:38:38,611 INFO   + [pre1950s] nara_letters_pre1950s_12305aaec5e9.jpg  (72/150)
2026-04-17 22:38:39,581 INFO   + [pre1950s] nara_letters_pre1950s_a8ad738eb606.jpg  (73/150)
2026-04-17 22:38:40,709 INFO   + [pre1950s] nara_letters_pre1950s_1efb27bb4881.jpg  (74/150)
2026-04-17 22:38:41,691 INFO   + [pre1950s] nara_letters_pre1950s_e5cfcd553545.jpg  (75/150)
2026-04-17 22:38:43,677 INFO   + [pre1950s] nara_letters_pre1950s_96df436eb37e.jpg  (76/150)
2026-04-17 22:38:44,712 INFO   + [pre1950s] nara_letters_pre1950s_6d9caf251d38.jpg  (77/150)
2026-04-17 22:38:45,723 INFO   + [pre1950s] nara_letters_pre1950s_5352a034cb7f.jpg  (78/150)
2026-04-17 22:38:46,780 INFO   + [pre1950s] nara_letters_pre1950s_cf74f75e582f.jpg  (79/150)
2026-04-17 22:38:47,771 INFO   + [pre1950s] nara_letters_pre1950s_46eb52bba752.jpg  (80/150)
2026-04-17 22:38:48,881 INFO   + [pre1950s] nara_letters_pre1950s_5b6c7923af18.jpg  (81/150)
2026-04-17 22:38:50,953 INFO   + [pre1950s] nara_letters_pre1950s_678ef742d2c8.jpg  (82/150)
2026-04-17 22:38:51,997 INFO   + [pre1950s] nara_letters_pre1950s_548061ecc2c5.jpg  (83/150)
2026-04-17 22:38:52,982 INFO   + [pre1950s] nara_letters_pre1950s_f57654d547ab.jpg  (84/150)
2026-04-17 22:38:54,993 INFO   + [pre1950s] nara_letters_pre1950s_5498cb82d733.jpg  (85/150)
2026-04-17 22:38:57,080 INFO   + [pre1950s] nara_letters_pre1950s_9c1100c3d716.jpg  (86/150)
2026-04-17 22:38:58,114 INFO   + [pre1950s] nara_letters_pre1950s_84af31f26948.jpg  (87/150)
2026-04-17 22:39:01,236 INFO   + [pre1950s] nara_letters_pre1950s_8be5d02851a3.jpg  (88/150)
2026-04-17 22:39:02,222 INFO   + [pre1950s] nara_letters_pre1950s_46f8616f9bb8.jpg  (89/150)
2026-04-17 22:39:03,202 INFO   + [pre1950s] nara_letters_pre1950s_597536224367.jpg  (90/150)
2026-04-17 22:39:05,223 INFO   + [pre1950s] nara_letters_pre1950s_a17d6cdfc179.jpg  (91/150)
2026-04-17 22:39:06,226 INFO   + [pre1950s] nara_letters_pre1950s_fdd37ea1a5fe.jpg  (92/150)
2026-04-17 22:39:07,231 INFO   + [pre1950s] nara_letters_pre1950s_f513c69b0bac.jpg  (93/150)
2026-04-17 22:39:09,241 INFO   + [pre1950s] nara_letters_pre1950s_e86ec057994f.jpg  (94/150)
2026-04-17 22:39:10,297 INFO   + [pre1950s] nara_letters_pre1950s_6c4483c4c6e5.jpg  (95/150)
2026-04-17 22:39:11,262 INFO   + [pre1950s] nara_letters_pre1950s_404f3f1559f8.jpg  (96/150)
2026-04-17 22:39:12,241 INFO   + [pre1950s] nara_letters_pre1950s_347a96e06f7d.jpg  (97/150)
2026-04-17 22:39:13,215 INFO   + [pre1950s] nara_letters_pre1950s_e39a04e8bbd4.jpg  (98/150)
2026-04-17 22:39:14,211 INFO   + [pre1950s] nara_letters_pre1950s_3b9b5a35dfc1.jpg  (99/150)
2026-04-17 22:39:15,228 INFO   + [pre1950s] nara_letters_pre1950s_b1da8f6be91e.jpg  (100/150)
2026-04-17 22:40:26,519 INFO   + [pre1950s] nara_letters_pre1950s_22932a5a57d8.jpg  (101/150)
2026-04-17 22:40:27,584 INFO   + [pre1950s] nara_letters_pre1950s_b079fc37c7f9.jpg  (102/150)
2026-04-17 22:40:28,580 INFO   + [pre1950s] nara_letters_pre1950s_77ec9baf5b27.jpg  (103/150)
2026-04-17 22:40:29,544 INFO   + [pre1950s] nara_letters_pre1950s_223f9121a465.jpg  (104/150)
2026-04-17 22:40:30,670 INFO   + [pre1950s] nara_letters_pre1950s_2b1a262b1857.jpg  (105/150)
2026-04-17 22:40:32,658 INFO   + [pre1950s] nara_letters_pre1950s_8551ad360cb2.jpg  (106/150)
2026-04-17 22:40:33,617 INFO   + [pre1950s] nara_letters_pre1950s_24e5afa8f8c0.jpg  (107/150)
2026-04-17 22:40:36,521 INFO   + [pre1950s] nara_letters_pre1950s_c8b60b184932.jpg  (108/150)
2026-04-17 22:40:37,483 INFO   + [pre1950s] nara_letters_pre1950s_5c8ecaa5b989.jpg  (109/150)
2026-04-17 22:40:39,439 INFO   + [pre1950s] nara_letters_pre1950s_b991f6fe2bb3.jpg  (110/150)
2026-04-17 22:40:40,436 INFO   + [pre1950s] nara_letters_pre1950s_1f36e6b6878a.jpg  (111/150)
2026-04-17 22:40:41,481 INFO   + [pre1950s] nara_letters_pre1950s_ab9d07fd102a.jpg  (112/150)
2026-04-17 22:40:42,463 INFO   + [pre1950s] nara_letters_pre1950s_074507188983.jpg  (113/150)
2026-04-17 22:40:43,501 INFO   + [pre1950s] nara_letters_pre1950s_16bc11689898.jpg  (114/150)
2026-04-17 22:40:45,441 INFO   + [pre1950s] nara_letters_pre1950s_d00e26288616.jpg  (115/150)
2026-04-17 22:40:46,346 INFO   + [pre1950s] nara_letters_pre1950s_ba8044176e67.jpg  (116/150)
2026-04-17 22:40:47,202 INFO   + [pre1950s] nara_letters_pre1950s_949377f9e24e.jpg  (117/150)
2026-04-17 22:40:47,953 INFO   + [pre1950s] nara_letters_pre1950s_7b9eff117fe3.jpg  (118/150)
2026-04-17 22:40:48,825 INFO   + [pre1950s] nara_letters_pre1950s_e2a3e38b1591.jpg  (119/150)
2026-04-17 22:41:16,349 INFO   + [pre1950s] nara_letters_pre1950s_f54cd22031ba.jpg  (120/150)
2026-04-17 22:41:17,223 INFO   + [pre1950s] nara_letters_pre1950s_d2203438b320.jpg  (121/150)
2026-04-17 22:41:18,179 INFO   + [pre1950s] nara_letters_pre1950s_222ca4e1925e.jpg  (122/150)
2026-04-17 22:41:19,106 INFO   + [pre1950s] nara_letters_pre1950s_f5a03cc83bfe.jpg  (123/150)
2026-04-17 22:41:20,929 INFO   + [pre1950s] nara_letters_pre1950s_f982389869ca.jpg  (124/150)
2026-04-17 22:41:21,769 INFO   + [pre1950s] nara_letters_pre1950s_19cfe03cbf88.jpg  (125/150)
2026-04-17 22:41:22,732 INFO   + [pre1950s] nara_letters_pre1950s_0e0e8a386804.jpg  (126/150)
2026-04-17 22:41:23,472 INFO   + [pre1950s] nara_letters_pre1950s_2d70ed78ea52.jpg  (127/150)
2026-04-17 22:41:24,441 INFO   + [pre1950s] nara_letters_pre1950s_e13722978806.jpg  (128/150)
2026-04-17 22:41:25,308 INFO   + [pre1950s] nara_letters_pre1950s_5e4d8b2340ad.jpg  (129/150)
2026-04-17 22:41:26,337 INFO   + [pre1950s] nara_letters_pre1950s_58de37400940.jpg  (130/150)
2026-04-17 22:41:27,339 INFO   + [pre1950s] nara_letters_pre1950s_774d2d53f5d0.jpg  (131/150)
2026-04-17 22:41:28,354 INFO   + [pre1950s] nara_letters_pre1950s_cfb40ea42dc4.jpg  (132/150)
2026-04-17 22:41:31,021 INFO   + [pre1950s] nara_letters_pre1950s_dabc0353db1a.jpg  (133/150)
2026-04-17 22:41:31,896 INFO   + [pre1950s] nara_letters_pre1950s_be68f34ec451.jpg  (134/150)
2026-04-17 22:41:32,895 INFO   + [pre1950s] nara_letters_pre1950s_aa1d5e1afa52.jpg  (135/150)
2026-04-17 22:41:33,774 INFO   + [pre1950s] nara_letters_pre1950s_850ad90a31d5.jpg  (136/150)
2026-04-17 22:41:34,691 INFO   + [pre1950s] nara_letters_pre1950s_7b2eb3d7097e.jpg  (137/150)
2026-04-17 22:41:35,556 INFO   + [pre1950s] nara_letters_pre1950s_3fc1f7e42627.jpg  (138/150)
2026-04-17 22:41:36,431 INFO   + [pre1950s] nara_letters_pre1950s_b4920b3258dc.jpg  (139/150)
2026-04-17 22:41:37,203 INFO   + [pre1950s] nara_letters_pre1950s_8a0079c4b0d9.jpg  (140/150)
2026-04-17 22:41:37,998 INFO   + [pre1950s] nara_letters_pre1950s_8e3c45c8fe42.jpg  (141/150)
2026-04-17 22:41:38,974 INFO   + [pre1950s] nara_letters_pre1950s_e1f065bc32cd.jpg  (142/150)
2026-04-17 22:41:39,839 INFO   + [pre1950s] nara_letters_pre1950s_a7cccb0c9ceb.jpg  (143/150)
2026-04-17 22:41:40,774 INFO   + [pre1950s] nara_letters_pre1950s_472dd5def62d.jpg  (144/150)
2026-04-17 22:41:41,685 INFO   + [pre1950s] nara_letters_pre1950s_1d3ea4989ab9.jpg  (145/150)
2026-04-17 22:41:42,703 INFO   + [pre1950s] nara_letters_pre1950s_9b83454478e5.jpg  (146/150)
2026-04-17 22:41:43,573 INFO   + [pre1950s] nara_letters_pre1950s_eb6132997fce.jpg  (147/150)
2026-04-17 22:41:44,623 INFO   + [pre1950s] nara_letters_pre1950s_45bd05f04759.jpg  (148/150)
2026-04-17 22:41:46,563 INFO   + [pre1950s] nara_letters_pre1950s_e017c0edfa0e.jpg  (149/150)
2026-04-17 22:41:47,320 INFO   + [pre1950s] nara_letters_pre1950s_fd10d9c1fee3.jpg  (150/150)
2026-04-17 22:41:47,321 INFO 
── 1950s (1950–1959) ──
2026-04-17 22:41:47,322 INFO   [1950s] query: 'personal letter correspondence'
2026-04-17 22:48:58,923 INFO   + [1950s] nara_letters_1950s_d70e3bcacfe4.jpg  (1/150)
2026-04-17 22:48:59,815 INFO   + [1950s] nara_letters_1950s_9a7dea3114d6.jpg  (2/150)
2026-04-17 22:49:00,555 INFO   + [1950s] nara_letters_1950s_135d4bf58baa.jpg  (3/150)
2026-04-17 22:49:02,569 INFO   + [1950s] nara_letters_1950s_45b50ea13f73.jpg  (4/150)
2026-04-17 22:49:03,489 INFO   + [1950s] nara_letters_1950s_4237a0a580aa.jpg  (5/150)
2026-04-17 22:49:04,379 INFO   + [1950s] nara_letters_1950s_e4479cd97231.jpg  (6/150)
2026-04-17 22:49:05,268 INFO   + [1950s] nara_letters_1950s_695ddce06b49.jpg  (7/150)
2026-04-17 22:49:05,964 INFO   + [1950s] nara_letters_1950s_bd7523bfc8f0.jpg  (8/150)
2026-04-17 22:49:31,944 INFO   + [1950s] nara_letters_1950s_ad8b134fcfef.jpg  (9/150)
2026-04-17 22:49:32,835 INFO   + [1950s] nara_letters_1950s_dfd4a3ecd207.jpg  (10/150)
2026-04-17 22:49:33,793 INFO   + [1950s] nara_letters_1950s_d31deb96e124.jpg  (11/150)
2026-04-17 22:49:34,792 INFO   + [1950s] nara_letters_1950s_9caf235b8860.jpg  (12/150)
2026-04-17 22:50:04,857 INFO   + [1950s] nara_letters_1950s_e91f11f60ac6.jpg  (13/150)
2026-04-17 22:50:05,819 INFO   + [1950s] nara_letters_1950s_faaaf5a99785.jpg  (14/150)
2026-04-17 22:50:06,699 INFO   + [1950s] nara_letters_1950s_fe4fd9a676dd.jpg  (15/150)
2026-04-17 22:50:07,546 INFO   + [1950s] nara_letters_1950s_7d23acc45d4d.jpg  (16/150)
2026-04-17 22:50:08,329 INFO   + [1950s] nara_letters_1950s_4c80253d8b11.jpg  (17/150)
2026-04-17 22:50:09,161 INFO   + [1950s] nara_letters_1950s_cdb5ca350f54.jpg  (18/150)
2026-04-17 22:50:09,918 INFO   + [1950s] nara_letters_1950s_7388c4ab60ec.jpg  (19/150)
2026-04-17 22:50:10,791 INFO   + [1950s] nara_letters_1950s_c98a8c2ac1a6.jpg  (20/150)
2026-04-17 22:50:11,681 INFO   + [1950s] nara_letters_1950s_8e50c172fdf0.jpg  (21/150)
2026-04-17 22:50:12,560 INFO   + [1950s] nara_letters_1950s_8a0f206a03ef.jpg  (22/150)
2026-04-17 22:50:13,444 INFO   + [1950s] nara_letters_1950s_57df2e31b166.jpg  (23/150)
2026-04-17 22:50:28,495 INFO   + [1950s] nara_letters_1950s_182ad38703f6.jpg  (24/150)
2026-04-17 22:50:29,461 INFO   + [1950s] nara_letters_1950s_708aaf1d37c1.jpg  (25/150)
2026-04-17 22:50:30,367 INFO   + [1950s] nara_letters_1950s_e4e50558009b.jpg  (26/150)
2026-04-17 22:50:31,221 INFO   + [1950s] nara_letters_1950s_d36ba9da18ee.jpg  (27/150)
2026-04-17 22:50:31,971 INFO   + [1950s] nara_letters_1950s_489b451d28a9.jpg  (28/150)
2026-04-17 22:50:32,622 INFO   + [1950s] nara_letters_1950s_ca1198697d19.jpg  (29/150)
2026-04-17 22:50:33,492 INFO   + [1950s] nara_letters_1950s_43b2ca075228.jpg  (30/150)
2026-04-17 22:50:34,395 INFO   + [1950s] nara_letters_1950s_b5b931cce74f.jpg  (31/150)
2026-04-17 22:50:35,389 INFO   + [1950s] nara_letters_1950s_aeb2cae6b370.jpg  (32/150)
2026-04-17 22:50:36,359 INFO   + [1950s] nara_letters_1950s_15df705c9301.jpg  (33/150)
2026-04-17 22:50:37,202 INFO   + [1950s] nara_letters_1950s_496336372b82.jpg  (34/150)
2026-04-17 22:50:38,141 INFO   + [1950s] nara_letters_1950s_add97f151f3f.jpg  (35/150)
2026-04-17 22:50:38,973 INFO   + [1950s] nara_letters_1950s_62ac89e1624a.jpg  (36/150)
2026-04-17 22:50:39,837 INFO   + [1950s] nara_letters_1950s_cd4710b470d1.jpg  (37/150)
2026-04-17 22:50:41,730 INFO   + [1950s] nara_letters_1950s_f68138b34853.jpg  (38/150)
2026-04-17 22:50:42,591 INFO   + [1950s] nara_letters_1950s_22c3b4f023bf.jpg  (39/150)
2026-04-17 22:50:43,602 INFO   + [1950s] nara_letters_1950s_6f77bded0057.jpg  (40/150)
2026-04-17 22:50:44,444 INFO   + [1950s] nara_letters_1950s_f6e71f7988c4.jpg  (41/150)
2026-04-17 22:50:45,330 INFO   + [1950s] nara_letters_1950s_ca797a926a73.jpg  (42/150)
2026-04-17 22:50:46,325 INFO   + [1950s] nara_letters_1950s_1f7e0ea88b64.jpg  (43/150)
2026-04-17 22:50:47,949 INFO   + [1950s] nara_letters_1950s_0446be3cddf2.jpg  (44/150)
2026-04-17 22:50:48,900 INFO   + [1950s] nara_letters_1950s_d5299065ae4d.jpg  (45/150)
2026-04-17 22:50:49,845 INFO   + [1950s] nara_letters_1950s_d05294b75334.jpg  (46/150)
2026-04-17 22:50:50,798 INFO   + [1950s] nara_letters_1950s_e7df770d859c.jpg  (47/150)
2026-04-17 22:50:51,664 INFO   + [1950s] nara_letters_1950s_edced37545eb.jpg  (48/150)
2026-04-17 22:50:52,463 INFO   + [1950s] nara_letters_1950s_c6f940d7b4cd.jpg  (49/150)
2026-04-17 22:50:54,355 INFO   + [1950s] nara_letters_1950s_188dc5944257.jpg  (50/150)
2026-04-17 22:50:55,199 INFO   + [1950s] nara_letters_1950s_db997d8d8d1e.jpg  (51/150)
2026-04-17 22:50:56,895 INFO   + [1950s] nara_letters_1950s_49ab5a6a321e.jpg  (52/150)
2026-04-17 22:50:57,636 INFO   + [1950s] nara_letters_1950s_6ae1b8167465.jpg  (53/150)
2026-04-17 22:50:58,355 INFO   + [1950s] nara_letters_1950s_25a234e52378.jpg  (54/150)
2026-04-17 22:50:59,241 INFO   + [1950s] nara_letters_1950s_ad9096ab7cfe.jpg  (55/150)
2026-04-17 22:51:00,126 INFO   + [1950s] nara_letters_1950s_ec919eb2c465.jpg  (56/150)
2026-04-17 22:51:01,034 INFO   + [1950s] nara_letters_1950s_5e9c4eae02e2.jpg  (57/150)
2026-04-17 22:51:02,019 INFO   + [1950s] nara_letters_1950s_8f8a75709a64.jpg  (58/150)
2026-04-17 22:51:03,737 INFO   + [1950s] nara_letters_1950s_41db5a8f6f43.jpg  (59/150)
2026-04-17 22:51:05,497 INFO   + [1950s] nara_letters_1950s_c1f699852f7d.jpg  (60/150)
2026-04-17 22:51:06,441 INFO   + [1950s] nara_letters_1950s_50d7a7712cff.jpg  (61/150)
2026-04-17 22:51:08,174 INFO   + [1950s] nara_letters_1950s_9d355b7bc9d3.jpg  (62/150)
2026-04-17 22:51:09,946 INFO   + [1950s] nara_letters_1950s_63ccea9cbad9.jpg  (63/150)
2026-04-17 22:51:10,887 INFO   + [1950s] nara_letters_1950s_e5a5d1cb9ce5.jpg  (64/150)
2026-04-17 22:51:11,748 INFO   + [1950s] nara_letters_1950s_3a090b9df555.jpg  (65/150)
2026-04-17 22:51:12,691 INFO   + [1950s] nara_letters_1950s_d2298139a565.jpg  (66/150)
2026-04-17 22:51:14,431 INFO   + [1950s] nara_letters_1950s_4a6ac862a1af.jpg  (67/150)
2026-04-17 22:51:15,391 INFO   + [1950s] nara_letters_1950s_bcc360bdc4d6.jpg  (68/150)
2026-04-17 22:51:16,437 INFO   + [1950s] nara_letters_1950s_57aa39fcbb60.jpg  (69/150)
2026-04-17 22:51:36,527 INFO   + [1950s] nara_letters_1950s_971e2526f3c2.jpg  (70/150)
2026-04-17 22:51:37,399 INFO   + [1950s] nara_letters_1950s_ac639f769f78.jpg  (71/150)
2026-04-17 22:51:38,376 INFO   + [1950s] nara_letters_1950s_6d6ec7d78ea8.jpg  (72/150)
2026-04-17 22:51:39,387 INFO   + [1950s] nara_letters_1950s_13ef30f3c2ff.jpg  (73/150)
2026-04-17 22:51:40,376 INFO   + [1950s] nara_letters_1950s_2182f7dcbdba.jpg  (74/150)
2026-04-17 22:51:41,366 INFO   + [1950s] nara_letters_1950s_e9d144d05ccb.jpg  (75/150)
2026-04-17 22:51:42,365 INFO   + [1950s] nara_letters_1950s_8de935067ea9.jpg  (76/150)
2026-04-17 22:51:44,270 INFO   + [1950s] nara_letters_1950s_ea87c040f224.jpg  (77/150)
2026-04-17 22:51:45,205 INFO   + [1950s] nara_letters_1950s_2afbfff63ad0.jpg  (78/150)
2026-04-17 22:51:46,186 INFO   + [1950s] nara_letters_1950s_5126117efb38.jpg  (79/150)
2026-04-17 22:51:47,153 INFO   + [1950s] nara_letters_1950s_1b097f6d7059.jpg  (80/150)
2026-04-17 22:51:48,148 INFO   + [1950s] nara_letters_1950s_40c58928d657.jpg  (81/150)
2026-04-17 22:51:48,998 INFO   + [1950s] nara_letters_1950s_f8ec53e7204a.jpg  (82/150)
2026-04-17 22:51:49,851 INFO   + [1950s] nara_letters_1950s_8e951801b2b6.jpg  (83/150)
2026-04-17 22:51:50,754 INFO   + [1950s] nara_letters_1950s_48231e9db0e1.jpg  (84/150)
2026-04-17 22:51:54,075 INFO   + [1950s] nara_letters_1950s_fe602a7b4fe5.jpg  (85/150)
2026-04-17 22:51:57,396 INFO   + [1950s] nara_letters_1950s_b5167b475c7c.jpg  (86/150)
2026-04-17 22:52:01,169 INFO   + [1950s] nara_letters_1950s_6e06e17f2834.jpg  (87/150)
2026-04-17 22:52:05,131 INFO   + [1950s] nara_letters_1950s_54eb3c875a7c.jpg  (88/150)
2026-04-17 22:52:07,088 INFO   + [1950s] nara_letters_1950s_a1b0712a36d8.jpg  (89/150)
2026-04-17 22:52:08,063 INFO   + [1950s] nara_letters_1950s_e3ad470a4666.jpg  (90/150)
2026-04-17 22:52:09,033 INFO   + [1950s] nara_letters_1950s_f2a5624cc7b0.jpg  (91/150)
2026-04-17 22:52:11,054 INFO   + [1950s] nara_letters_1950s_2fdf31dc9354.jpg  (92/150)
2026-04-17 22:52:13,059 INFO   + [1950s] nara_letters_1950s_bbb5831bf931.jpg  (93/150)
2026-04-17 22:52:15,037 INFO   + [1950s] nara_letters_1950s_aed145af95d6.jpg  (94/150)
2026-04-17 22:52:32,081 INFO   + [1950s] nara_letters_1950s_4d292cc1e504.jpg  (95/150)
2026-04-17 22:52:33,125 INFO   + [1950s] nara_letters_1950s_2e4fbee61d8e.jpg  (96/150)
2026-04-17 22:52:45,552 INFO   + [1950s] nara_letters_1950s_ab4e020aa938.jpg  (97/150)
2026-04-17 22:52:46,560 INFO   + [1950s] nara_letters_1950s_6f40feaa8c72.jpg  (98/150)
2026-04-17 22:52:47,580 INFO   + [1950s] nara_letters_1950s_ae9e5ea79c3e.jpg  (99/150)
2026-04-17 22:52:48,572 INFO   + [1950s] nara_letters_1950s_e912e38df21f.jpg  (100/150)
2026-04-17 22:52:49,561 INFO   + [1950s] nara_letters_1950s_e65a14bb3edf.jpg  (101/150)
2026-04-17 22:52:50,524 INFO   + [1950s] nara_letters_1950s_939f9488eedd.jpg  (102/150)
2026-04-17 22:52:51,405 INFO   + [1950s] nara_letters_1950s_b46376bcaecf.jpg  (103/150)
2026-04-17 22:52:52,385 INFO   + [1950s] nara_letters_1950s_016825b82b36.jpg  (104/150)
2026-04-17 22:52:53,286 INFO   + [1950s] nara_letters_1950s_437ea0fd681f.jpg  (105/150)
2026-04-17 22:52:54,244 INFO   + [1950s] nara_letters_1950s_fcef97b51eab.jpg  (106/150)
2026-04-17 22:53:06,905 INFO   + [1950s] nara_letters_1950s_e0261c2f9604.jpg  (107/150)
2026-04-17 22:53:07,835 INFO   + [1950s] nara_letters_1950s_cbe73a7be87e.jpg  (108/150)
2026-04-17 22:53:08,692 INFO   + [1950s] nara_letters_1950s_b8138d4827ba.jpg  (109/150)
2026-04-17 22:53:09,567 INFO   + [1950s] nara_letters_1950s_01f2c31d7dd3.jpg  (110/150)
2026-04-17 22:53:10,496 INFO   + [1950s] nara_letters_1950s_4270960f7761.jpg  (111/150)
2026-04-17 22:53:11,408 INFO   + [1950s] nara_letters_1950s_11b0904aee18.jpg  (112/150)
2026-04-17 22:53:12,251 INFO   + [1950s] nara_letters_1950s_f8aa410ad381.jpg  (113/150)
2026-04-17 22:53:12,994 INFO   + [1950s] nara_letters_1950s_719bf0009567.jpg  (114/150)
2026-04-17 22:53:27,180 INFO   + [1950s] nara_letters_1950s_a0ac16dff5b6.jpg  (115/150)
2026-04-17 22:53:28,073 INFO   + [1950s] nara_letters_1950s_39ea9893c03e.jpg  (116/150)
2026-04-17 22:53:28,950 INFO   + [1950s] nara_letters_1950s_4827eb025566.jpg  (117/150)
2026-04-17 22:53:29,968 INFO   + [1950s] nara_letters_1950s_4c3ae16a3822.jpg  (118/150)
2026-04-17 22:53:31,801 INFO   + [1950s] nara_letters_1950s_d7f9dc13dd19.jpg  (119/150)
2026-04-17 22:53:32,596 INFO   + [1950s] nara_letters_1950s_81b846444f6a.jpg  (120/150)
2026-04-17 22:53:33,437 INFO   + [1950s] nara_letters_1950s_85e0a39ba99c.jpg  (121/150)
2026-04-17 22:53:34,319 INFO   + [1950s] nara_letters_1950s_42e1e5356bd7.jpg  (122/150)
2026-04-17 22:53:35,341 INFO   + [1950s] nara_letters_1950s_6d6f5998743f.jpg  (123/150)
2026-04-17 22:53:36,335 INFO   + [1950s] nara_letters_1950s_161e8bfd752a.jpg  (124/150)
2026-04-17 22:53:38,379 INFO   + [1950s] nara_letters_1950s_7de95c3e9e75.jpg  (125/150)
2026-04-17 22:53:39,357 INFO   + [1950s] nara_letters_1950s_ee1ca274ff69.jpg  (126/150)
2026-04-17 22:53:40,326 INFO   + [1950s] nara_letters_1950s_7567a8e53f67.jpg  (127/150)
2026-04-17 22:53:41,199 INFO   + [1950s] nara_letters_1950s_b996296d1be9.jpg  (128/150)
2026-04-17 22:53:42,146 INFO   + [1950s] nara_letters_1950s_89ccc83ee3e4.jpg  (129/150)
2026-04-17 22:53:44,851 INFO   + [1950s] nara_letters_1950s_44af83620669.jpg  (130/150)
2026-04-17 22:53:45,767 INFO   + [1950s] nara_letters_1950s_488f571056bb.jpg  (131/150)
2026-04-17 22:53:48,668 INFO   + [1950s] nara_letters_1950s_08e8b2cc979a.jpg  (132/150)
2026-04-17 22:53:52,351 INFO   + [1950s] nara_letters_1950s_8971b5c27d4b.jpg  (133/150)
2026-04-17 22:54:04,392 INFO   + [1950s] nara_letters_1950s_765f6a0eb185.jpg  (134/150)
2026-04-17 22:54:05,245 INFO   + [1950s] nara_letters_1950s_cfad986a0a72.jpg  (135/150)
2026-04-17 22:54:06,229 INFO   + [1950s] nara_letters_1950s_86ebf640d191.jpg  (136/150)
2026-04-17 22:54:15,711 INFO   + [1950s] nara_letters_1950s_f7d4c91f6218.jpg  (137/150)
2026-04-17 22:54:16,650 INFO   + [1950s] nara_letters_1950s_b375691c5e25.jpg  (138/150)
2026-04-17 22:54:17,517 INFO   + [1950s] nara_letters_1950s_96ab4c2afcf5.jpg  (139/150)
2026-04-17 22:54:21,292 INFO   + [1950s] nara_letters_1950s_1a05bc6a7607.jpg  (140/150)
2026-04-17 22:54:26,740 INFO   + [1950s] nara_letters_1950s_506deb0c4859.jpg  (141/150)
2026-04-17 22:54:34,206 INFO   + [1950s] nara_letters_1950s_a76d4bcc3a7a.jpg  (142/150)
2026-04-17 22:54:35,947 INFO   + [1950s] nara_letters_1950s_2f5aa1a9efa6.jpg  (143/150)
2026-04-17 22:54:36,883 INFO   + [1950s] nara_letters_1950s_5f3d2b08e3d1.jpg  (144/150)
2026-04-17 22:54:37,795 INFO   + [1950s] nara_letters_1950s_5c4c72c0f918.jpg  (145/150)
2026-04-17 22:54:38,790 INFO   + [1950s] nara_letters_1950s_30dc6df9d6e1.jpg  (146/150)
2026-04-17 22:54:39,696 INFO   + [1950s] nara_letters_1950s_a55ff876d466.jpg  (147/150)
2026-04-17 22:54:40,619 INFO   + [1950s] nara_letters_1950s_85493c73bb9c.jpg  (148/150)
2026-04-17 22:54:41,484 INFO   + [1950s] nara_letters_1950s_d3813c259422.jpg  (149/150)
2026-04-17 22:54:42,535 INFO   + [1950s] nara_letters_1950s_eb11a9736f68.jpg  (150/150)
2026-04-17 22:54:42,537 INFO 
── 1960s (1960–1969) ──
2026-04-17 22:54:42,537 INFO   [1960s] query: 'personal letter correspondence'
2026-04-17 23:06:56,310 INFO   + [1960s] nara_letters_1960s_e72142a61e19.jpg  (1/150)
2026-04-17 23:06:57,351 INFO   + [1960s] nara_letters_1960s_1d07eca72536.jpg  (2/150)
2026-04-17 23:06:58,340 INFO   + [1960s] nara_letters_1960s_4e965b30f389.jpg  (3/150)
2026-04-17 23:06:59,159 INFO   + [1960s] nara_letters_1960s_d35479cc1692.jpg  (4/150)
2026-04-17 23:07:00,030 INFO   + [1960s] nara_letters_1960s_a64f1e7c7dc3.jpg  (5/150)
2026-04-17 23:07:00,900 INFO   + [1960s] nara_letters_1960s_ef4b1b3b5787.jpg  (6/150)
2026-04-17 23:07:01,784 INFO   + [1960s] nara_letters_1960s_265a19e7082a.jpg  (7/150)
2026-04-17 23:07:02,523 INFO   + [1960s] nara_letters_1960s_e96525364c62.jpg  (8/150)
2026-04-17 23:07:03,300 INFO   + [1960s] nara_letters_1960s_5f39ecd7e562.jpg  (9/150)
2026-04-17 23:07:04,184 INFO   + [1960s] nara_letters_1960s_07e31aec2486.jpg  (10/150)
2026-04-17 23:07:05,079 INFO   + [1960s] nara_letters_1960s_e65e887b3390.jpg  (11/150)
2026-04-17 23:07:06,865 INFO   + [1960s] nara_letters_1960s_89e9fbefba49.jpg  (12/150)
2026-04-17 23:07:08,376 INFO   + [1960s] nara_letters_1960s_14883d3af0b2.jpg  (13/150)
2026-04-17 23:07:13,250 INFO   + [1960s] nara_letters_1960s_50b5eddf73c9.jpg  (14/150)
2026-04-17 23:07:14,162 INFO   + [1960s] nara_letters_1960s_8798c79ad758.jpg  (15/150)
2026-04-17 23:07:15,148 INFO   + [1960s] nara_letters_1960s_f176e4ce0754.jpg  (16/150)
2026-04-17 23:07:16,041 INFO   + [1960s] nara_letters_1960s_1b873e25c4de.jpg  (17/150)
2026-04-17 23:07:18,978 INFO   + [1960s] nara_letters_1960s_8bf266c712b7.jpg  (18/150)
2026-04-17 23:07:19,850 INFO   + [1960s] nara_letters_1960s_e9d0a12d7955.jpg  (19/150)
2026-04-17 23:07:21,696 INFO   + [1960s] nara_letters_1960s_39a9f7a6031b.jpg  (20/150)
2026-04-17 23:07:24,558 INFO   + [1960s] nara_letters_1960s_03ecf723cb9f.jpg  (21/150)
2026-04-17 23:07:25,415 INFO   + [1960s] nara_letters_1960s_903e8f688c66.jpg  (22/150)
2026-04-17 23:07:27,265 INFO   + [1960s] nara_letters_1960s_ce181d778b35.jpg  (23/150)
2026-04-17 23:07:28,042 INFO   + [1960s] nara_letters_1960s_02b46aec5433.jpg  (24/150)
2026-04-17 23:07:29,744 INFO   + [1960s] nara_letters_1960s_6f75a71d342d.jpg  (25/150)
2026-04-17 23:08:32,201 INFO   + [1960s] nara_letters_1960s_a3fea9c5511e.jpg  (26/150)
2026-04-17 23:08:33,103 INFO   + [1960s] nara_letters_1960s_d5ebc3e18188.jpg  (27/150)
2026-04-17 23:08:33,909 INFO   + [1960s] nara_letters_1960s_6bc6820486a5.jpg  (28/150)
2026-04-17 23:08:34,836 INFO   + [1960s] nara_letters_1960s_775631f9d936.jpg  (29/150)
2026-04-17 23:08:35,716 INFO   + [1960s] nara_letters_1960s_61de506e83f8.jpg  (30/150)
2026-04-17 23:08:37,449 INFO   + [1960s] nara_letters_1960s_5cf0dfb3ca9f.jpg  (31/150)
2026-04-17 23:08:38,362 INFO   + [1960s] nara_letters_1960s_dfa4b72d996f.jpg  (32/150)
2026-04-17 23:08:39,104 INFO   + [1960s] nara_letters_1960s_da994a80f9ac.jpg  (33/150)
2026-04-17 23:08:39,891 INFO   + [1960s] nara_letters_1960s_2d250d328ff7.jpg  (34/150)
2026-04-17 23:08:41,712 INFO   + [1960s] nara_letters_1960s_4a96c1f921b6.jpg  (35/150)
2026-04-17 23:08:42,619 INFO   + [1960s] nara_letters_1960s_2f060d82d57b.jpg  (36/150)
2026-04-17 23:08:43,634 INFO   + [1960s] nara_letters_1960s_8ff850f8c43a.jpg  (37/150)
2026-04-17 23:08:45,621 INFO   + [1960s] nara_letters_1960s_f30d28dfcc75.jpg  (38/150)
2026-04-17 23:08:46,646 INFO   + [1960s] nara_letters_1960s_7c6f8f019e76.jpg  (39/150)
2026-04-17 23:08:51,768 INFO   + [1960s] nara_letters_1960s_aad0199b4786.jpg  (40/150)
2026-04-17 23:08:53,841 INFO   + [1960s] nara_letters_1960s_b9fe4564a062.jpg  (41/150)
2026-04-17 23:08:55,814 INFO   + [1960s] nara_letters_1960s_4661394d9357.jpg  (42/150)
2026-04-17 23:10:31,720 INFO   + [1960s] nara_letters_1960s_3e465a85f819.jpg  (43/150)
2026-04-17 23:10:45,664 INFO   + [1960s] nara_letters_1960s_a6398c02d2b2.jpg  (44/150)
2026-04-17 23:11:31,727 INFO   + [1960s] nara_letters_1960s_adce609c82f0.jpg  (45/150)
2026-04-17 23:11:32,829 INFO   + [1960s] nara_letters_1960s_98bb2e7d7b2b.jpg  (46/150)
2026-04-17 23:11:35,913 INFO   + [1960s] nara_letters_1960s_167038322633.jpg  (47/150)
2026-04-17 23:11:43,095 INFO   + [1960s] nara_letters_1960s_67ab7cac611d.jpg  (48/150)
2026-04-17 23:11:44,116 INFO   + [1960s] nara_letters_1960s_45214031ed88.jpg  (49/150)
2026-04-17 23:11:51,640 INFO   + [1960s] nara_letters_1960s_b7e4844afb6e.jpg  (50/150)
2026-04-17 23:11:57,631 INFO   + [1960s] nara_letters_1960s_e9c7e873222c.jpg  (51/150)
2026-04-17 23:12:02,846 INFO   + [1960s] nara_letters_1960s_65fe4a2dbf79.jpg  (52/150)
2026-04-17 23:12:19,848 INFO   + [1960s] nara_letters_1960s_286dabc25661.jpg  (53/150)
2026-04-17 23:12:23,957 INFO   + [1960s] nara_letters_1960s_a9ed5a852a89.jpg  (54/150)
2026-04-17 23:12:24,998 INFO   + [1960s] nara_letters_1960s_989702d31342.jpg  (55/150)
2026-04-17 23:12:34,235 INFO   + [1960s] nara_letters_1960s_e92b38562832.jpg  (56/150)
2026-04-17 23:12:35,282 INFO   + [1960s] nara_letters_1960s_5e4f86033323.jpg  (57/150)
2026-04-17 23:12:37,412 INFO   + [1960s] nara_letters_1960s_07dc3fae107a.jpg  (58/150)
2026-04-17 23:12:41,904 INFO   + [1960s] nara_letters_1960s_27bf733a9082.jpg  (59/150)
2026-04-17 23:12:55,950 INFO   + [1960s] nara_letters_1960s_c17090b67f51.jpg  (60/150)
2026-04-17 23:12:58,824 INFO   + [1960s] nara_letters_1960s_dbcf418584b9.jpg  (61/150)
2026-04-17 23:13:00,947 INFO   + [1960s] nara_letters_1960s_066c1d608de7.jpg  (62/150)
2026-04-17 23:13:05,075 INFO   + [1960s] nara_letters_1960s_db560c610b0c.jpg  (63/150)
2026-04-17 23:13:05,958 INFO   + [1960s] nara_letters_1960s_9de83f787ba7.jpg  (64/150)
2026-04-17 23:13:08,857 INFO   + [1960s] nara_letters_1960s_c1f1954f002e.jpg  (65/150)
2026-04-17 23:13:09,820 INFO   + [1960s] nara_letters_1960s_0b184dd3191a.jpg  (66/150)
2026-04-17 23:13:12,762 INFO   + [1960s] nara_letters_1960s_966a39a8bbda.jpg  (67/150)
2026-04-17 23:14:17,051 INFO   + [1960s] nara_letters_1960s_443319f44961.jpg  (68/150)
2026-04-17 23:14:25,404 INFO   + [1960s] nara_letters_1960s_32236916be19.jpg  (69/150)
2026-04-17 23:14:40,241 INFO   + [1960s] nara_letters_1960s_18c5692ff6cb.jpg  (70/150)
2026-04-17 23:14:42,294 INFO   + [1960s] nara_letters_1960s_7f543cd9c59f.jpg  (71/150)
2026-04-17 23:14:52,467 INFO   + [1960s] nara_letters_1960s_eec5a8a32f7f.jpg  (72/150)
2026-04-17 23:14:54,577 INFO   + [1960s] nara_letters_1960s_b62105ba641b.jpg  (73/150)
2026-04-17 23:14:59,796 INFO   + [1960s] nara_letters_1960s_8abbeae8635e.jpg  (74/150)
2026-04-17 23:15:01,787 INFO   + [1960s] nara_letters_1960s_a2be6f64e525.jpg  (75/150)
2026-04-17 23:15:02,786 INFO   + [1960s] nara_letters_1960s_69ec438873a7.jpg  (76/150)
2026-04-17 23:15:04,885 INFO   + [1960s] nara_letters_1960s_1432c5660231.jpg  (77/150)
2026-04-17 23:15:11,044 INFO   + [1960s] nara_letters_1960s_944bd06d5600.jpg  (78/150)
2026-04-17 23:15:12,127 INFO   + [1960s] nara_letters_1960s_d46900af19fb.jpg  (79/150)
2026-04-17 23:15:13,140 INFO   + [1960s] nara_letters_1960s_c2c43777482c.jpg  (80/150)
2026-04-17 23:15:14,169 INFO   + [1960s] nara_letters_1960s_51b71fbbff98.jpg  (81/150)
2026-04-17 23:15:15,160 INFO   + [1960s] nara_letters_1960s_68e5ee3de539.jpg  (82/150)
2026-04-17 23:15:16,177 INFO   + [1960s] nara_letters_1960s_70c8e965ceba.jpg  (83/150)
2026-04-17 23:15:17,230 INFO   + [1960s] nara_letters_1960s_cd85e839e881.jpg  (84/150)
2026-04-17 23:15:18,180 INFO   + [1960s] nara_letters_1960s_d7c245fe8e77.jpg  (85/150)
2026-04-17 23:15:19,141 INFO   + [1960s] nara_letters_1960s_cee0ec746559.jpg  (86/150)
2026-04-17 23:15:20,111 INFO   + [1960s] nara_letters_1960s_646c81383001.jpg  (87/150)
2026-04-17 23:15:21,124 INFO   + [1960s] nara_letters_1960s_27ddb95c9c05.jpg  (88/150)
2026-04-17 23:15:23,077 INFO   + [1960s] nara_letters_1960s_06b00835c713.jpg  (89/150)
2026-04-17 23:15:24,094 INFO   + [1960s] nara_letters_1960s_3998462b6722.jpg  (90/150)
2026-04-17 23:15:25,082 INFO   + [1960s] nara_letters_1960s_09fcf30c43c4.jpg  (91/150)
2026-04-17 23:15:26,069 INFO   + [1960s] nara_letters_1960s_e11813c1f89d.jpg  (92/150)
2026-04-17 23:15:27,029 INFO   + [1960s] nara_letters_1960s_8a67a93d6fd6.jpg  (93/150)
2026-04-17 23:15:27,978 INFO   + [1960s] nara_letters_1960s_caa939afc267.jpg  (94/150)
2026-04-17 23:15:30,023 INFO   + [1960s] nara_letters_1960s_0e3958fb685e.jpg  (95/150)
2026-04-17 23:15:31,006 INFO   + [1960s] nara_letters_1960s_d06396c5e327.jpg  (96/150)
2026-04-17 23:15:31,995 INFO   + [1960s] nara_letters_1960s_ea87aa61d795.jpg  (97/150)
2026-04-17 23:15:34,911 INFO   + [1960s] nara_letters_1960s_7b5a2c7e20fc.jpg  (98/150)
2026-04-17 23:15:36,790 INFO   + [1960s] nara_letters_1960s_0ac527cc09a3.jpg  (99/150)
2026-04-17 23:15:37,829 INFO   + [1960s] nara_letters_1960s_0c7f3aa0b884.jpg  (100/150)
2026-04-17 23:15:39,752 INFO   + [1960s] nara_letters_1960s_2adee4e16d98.jpg  (101/150)
2026-04-17 23:15:40,746 INFO   + [1960s] nara_letters_1960s_95d76d6277f1.jpg  (102/150)
2026-04-17 23:15:41,719 INFO   + [1960s] nara_letters_1960s_b3f43fd46073.jpg  (103/150)
2026-04-17 23:15:42,695 INFO   + [1960s] nara_letters_1960s_c64f2ba197b8.jpg  (104/150)
2026-04-17 23:15:43,642 INFO   + [1960s] nara_letters_1960s_1f6d9f37b27f.jpg  (105/150)
2026-04-17 23:15:44,623 INFO   + [1960s] nara_letters_1960s_9564c4d1be40.jpg  (106/150)
2026-04-17 23:15:45,620 INFO   + [1960s] nara_letters_1960s_9a519904c66a.jpg  (107/150)
2026-04-17 23:15:46,664 INFO   + [1960s] nara_letters_1960s_694b570d41bb.jpg  (108/150)
2026-04-17 23:15:47,711 INFO   + [1960s] nara_letters_1960s_d6a340f4259c.jpg  (109/150)
2026-04-17 23:15:48,584 INFO   + [1960s] nara_letters_1960s_ba62e8f2386f.jpg  (110/150)
2026-04-17 23:15:49,595 INFO   + [1960s] nara_letters_1960s_0072b250da0e.jpg  (111/150)
2026-04-17 23:15:50,624 INFO   + [1960s] nara_letters_1960s_81995eab2372.jpg  (112/150)
2026-04-17 23:15:51,610 INFO   + [1960s] nara_letters_1960s_a23c2789d05c.jpg  (113/150)
2026-04-17 23:15:52,597 INFO   + [1960s] nara_letters_1960s_164aeb51454e.jpg  (114/150)
2026-04-17 23:15:53,546 INFO   + [1960s] nara_letters_1960s_b1a4ff03e928.jpg  (115/150)
2026-04-17 23:15:54,512 INFO   + [1960s] nara_letters_1960s_7dbb14b5ad0b.jpg  (116/150)
2026-04-17 23:16:42,566 INFO   + [1960s] nara_letters_1960s_dd97a60db6de.jpg  (117/150)
2026-04-17 23:16:43,544 INFO   + [1960s] nara_letters_1960s_51db9ab81c58.jpg  (118/150)
2026-04-17 23:16:44,548 INFO   + [1960s] nara_letters_1960s_b008bae8d772.jpg  (119/150)
2026-04-17 23:17:31,185 INFO   + [1960s] nara_letters_1960s_063ee0e0b120.jpg  (120/150)
2026-04-17 23:17:34,096 INFO   + [1960s] nara_letters_1960s_69b086ebec6e.jpg  (121/150)
2026-04-17 23:17:35,091 INFO   + [1960s] nara_letters_1960s_93febda25c92.jpg  (122/150)
2026-04-17 23:17:39,054 INFO   + [1960s] nara_letters_1960s_d53c3c10a8a5.jpg  (123/150)
2026-04-17 23:17:42,073 INFO   + [1960s] nara_letters_1960s_581fb1030f53.jpg  (124/150)
2026-04-17 23:17:44,163 INFO   + [1960s] nara_letters_1960s_a6409cedfbb9.jpg  (125/150)
2026-04-17 23:17:45,279 INFO   + [1960s] nara_letters_1960s_8796e0d99fad.jpg  (126/150)
2026-04-17 23:17:51,252 INFO   + [1960s] nara_letters_1960s_ff315bdc8164.jpg  (127/150)
2026-04-17 23:17:52,321 INFO   + [1960s] nara_letters_1960s_312087eef807.jpg  (128/150)
2026-04-17 23:17:53,325 INFO   + [1960s] nara_letters_1960s_a6f34f44dea4.jpg  (129/150)
2026-04-17 23:17:59,117 INFO   + [1960s] nara_letters_1960s_06ab679a3382.jpg  (130/150)
2026-04-17 23:18:00,077 INFO   + [1960s] nara_letters_1960s_8da157d9a0a6.jpg  (131/150)
2026-04-17 23:18:07,245 INFO   + [1960s] nara_letters_1960s_b37b30fa3093.jpg  (132/150)
2026-04-17 23:18:08,272 INFO   + [1960s] nara_letters_1960s_78a061022832.jpg  (133/150)
2026-04-17 23:18:12,358 INFO   + [1960s] nara_letters_1960s_c451622217a4.jpg  (134/150)
2026-04-17 23:18:19,546 INFO   + [1960s] nara_letters_1960s_ba36d569c0b8.jpg  (135/150)
2026-04-17 23:18:22,686 INFO   + [1960s] nara_letters_1960s_3d7369906e59.jpg  (136/150)
2026-04-17 23:18:24,801 INFO   + [1960s] nara_letters_1960s_daaedb05bc4b.jpg  (137/150)
2026-04-17 23:18:26,809 INFO   + [1960s] nara_letters_1960s_133c7a12b2c1.jpg  (138/150)
2026-04-17 23:18:29,334 INFO   + [1960s] nara_letters_1960s_f29ac6bef491.jpg  (139/150)
2026-04-17 23:19:25,636 INFO   + [1960s] nara_letters_1960s_ae1a84a3e46a.jpg  (140/150)
2026-04-17 23:19:31,506 INFO   + [1960s] nara_letters_1960s_dfcd6556701d.jpg  (141/150)
2026-04-17 23:20:14,306 INFO   + [1960s] nara_letters_1960s_87708ad12a2a.jpg  (142/150)
2026-04-17 23:20:15,357 INFO   + [1960s] nara_letters_1960s_94f75232f2cc.jpg  (143/150)
2026-04-17 23:20:17,202 INFO   + [1960s] nara_letters_1960s_5c05360694e6.jpg  (144/150)
2026-04-17 23:20:18,088 INFO   + [1960s] nara_letters_1960s_4baf13dd1fff.jpg  (145/150)
2026-04-17 23:20:19,052 INFO   + [1960s] nara_letters_1960s_ae82dcf73b50.jpg  (146/150)
2026-04-17 23:20:20,789 INFO   + [1960s] nara_letters_1960s_bab5670119ba.jpg  (147/150)
2026-04-17 23:20:21,760 INFO   + [1960s] nara_letters_1960s_efe161a0986a.jpg  (148/150)
2026-04-17 23:20:44,938 INFO   + [1960s] nara_letters_1960s_fe6f199c63ac.jpg  (149/150)
2026-04-17 23:20:45,840 INFO   + [1960s] nara_letters_1960s_6a90a38b2a4d.jpg  (150/150)
2026-04-17 23:20:45,845 INFO 
── Summary ──────────────────────────────────────────────────
2026-04-17 23:20:45,845 INFO   pre1950s   DONE
2026-04-17 23:20:45,845 INFO   1950s      DONE
2026-04-17 23:20:45,845 INFO   1960s      DONE
2026-04-17 23:20:45,845 INFO   Total: 450
────
2026-04-17 23:20:45,845 INFO   pre1950s   DONE
2026-04-17 23:20:45,845 INFO   1950s      DONE
2026-04-17 23:20:45,845 INFO   1960s      DONE
2026-04-17 23:20:45,845 INFO   Total: 450
