2026-04-16 23:05:48,579 INFO Loaded 596 existing hashes
2026-04-16 23:05:48,580 INFO Output: /home/ubuntu/projects/ScanGap/data/wildscans_candidates/smithsonian
2026-04-16 23:05:48,580 INFO Quota: 100 per decade

2026-04-16 23:05:48,580 INFO 
── pre1950s (1900–1949) ──
2026-04-16 23:05:48,580 INFO   [pre1950s] filter: object_type:"Letters (correspondence)"
2026-04-16 23:07:08,999 INFO   + [pre1950s] si_pre1950s_24e26ea1eb9c.jpg  (1/100)
2026-04-16 23:07:12,245 INFO   + [pre1950s] si_pre1950s_a5985274864f.jpg  (2/100)
2026-04-16 23:07:16,831 INFO   + [pre1950s] si_pre1950s_40ef9c1a8af1.jpg  (3/100)
2026-04-16 23:07:19,662 INFO   + [pre1950s] si_pre1950s_776666dc2749.jpg  (4/100)
2026-04-16 23:07:30,285 INFO   + [pre1950s] si_pre1950s_4b96ac70c8e6.jpg  (5/100)
2026-04-16 23:07:32,760 INFO   + [pre1950s] si_pre1950s_6e06fb087975.jpg  (6/100)
2026-04-16 23:07:35,307 INFO   + [pre1950s] si_pre1950s_e360f104738a.jpg  (7/100)
2026-04-16 23:07:38,444 INFO   + [pre1950s] si_pre1950s_7093fe733bc1.jpg  (8/100)
2026-04-16 23:07:40,927 INFO   + [pre1950s] si_pre1950s_7ae0fb9bcef7.jpg  (9/100)
2026-04-16 23:07:43,737 INFO   + [pre1950s] si_pre1950s_908f571c0ff0.jpg  (10/100)
2026-04-16 23:07:46,228 INFO   + [pre1950s] si_pre1950s_f94b036799eb.jpg  (11/100)
2026-04-16 23:07:49,240 INFO   + [pre1950s] si_pre1950s_fe5127cb96ad.jpg  (12/100)
2026-04-16 23:07:51,917 INFO   + [pre1950s] si_pre1950s_0d91796cc4af.jpg  (13/100)
2026-04-16 23:07:54,368 INFO   + [pre1950s] si_pre1950s_dcb4ef7cc246.jpg  (14/100)
2026-04-16 23:07:56,698 INFO   + [pre1950s] si_pre1950s_519a172078cd.jpg  (15/100)
2026-04-16 23:08:24,492 INFO   + [pre1950s] si_pre1950s_5439de309024.jpg  (16/100)
2026-04-16 23:08:27,381 INFO   + [pre1950s] si_pre1950s_83278483731f.jpg  (17/100)
2026-04-16 23:08:33,201 INFO   + [pre1950s] si_pre1950s_1ca182073122.jpg  (18/100)
2026-04-16 23:08:35,822 INFO   + [pre1950s] si_pre1950s_e62120db3d70.jpg  (19/100)
2026-04-16 23:08:38,330 INFO   + [pre1950s] si_pre1950s_0951c9f573ba.jpg  (20/100)
2026-04-16 23:08:41,016 INFO   + [pre1950s] si_pre1950s_d65b1d04ac2e.jpg  (21/100)
2026-04-16 23:08:43,624 INFO   + [pre1950s] si_pre1950s_e6ac228e6f25.jpg  (22/100)
2026-04-16 23:08:46,287 INFO   + [pre1950s] si_pre1950s_96d19b038764.jpg  (23/100)
2026-04-16 23:08:48,793 INFO   + [pre1950s] si_pre1950s_b3312eef8084.jpg  (24/100)
2026-04-16 23:08:51,535 INFO   + [pre1950s] si_pre1950s_c7da930ac3e5.jpg  (25/100)
2026-04-16 23:08:54,517 INFO   + [pre1950s] si_pre1950s_7134a8e70b01.jpg  (26/100)
2026-04-16 23:08:57,093 INFO   + [pre1950s] si_pre1950s_929f0596a391.jpg  (27/100)
2026-04-16 23:09:05,501 INFO   + [pre1950s] si_pre1950s_60d5144f3af5.jpg  (28/100)
2026-04-16 23:09:08,691 INFO   + [pre1950s] si_pre1950s_58bc0e7ffd98.jpg  (29/100)
2026-04-16 23:09:14,261 INFO   + [pre1950s] si_pre1950s_ab9e6a1fe2f5.jpg  (30/100)
2026-04-16 23:09:16,934 INFO   + [pre1950s] si_pre1950s_8c767917c2ad.jpg  (31/100)
2026-04-16 23:09:22,716 INFO   + [pre1950s] si_pre1950s_79484ce066ec.jpg  (32/100)
2026-04-16 23:09:23,820 INFO   + [pre1950s] si_pre1950s_1b377342157b.jpg  (33/100)
2026-04-16 23:09:27,129 INFO   + [pre1950s] si_pre1950s_5b504ddce70b.jpg  (34/100)
2026-04-16 23:09:30,666 INFO   + [pre1950s] si_pre1950s_da01e88dc1b0.jpg  (35/100)
2026-04-16 23:09:33,157 INFO   + [pre1950s] si_pre1950s_b0addb1cb829.jpg  (36/100)
2026-04-16 23:09:35,374 INFO   + [pre1950s] si_pre1950s_7befacd544b0.jpg  (37/100)
2026-04-16 23:09:40,102 INFO   + [pre1950s] si_pre1950s_c558744384c4.jpg  (38/100)
2026-04-16 23:09:45,667 INFO   + [pre1950s] si_pre1950s_3f0d6bd15292.jpg  (39/100)
2026-04-16 23:09:48,187 INFO   + [pre1950s] si_pre1950s_fd02622588db.jpg  (40/100)
2026-04-16 23:09:51,016 INFO   + [pre1950s] si_pre1950s_6c4c3c7c9100.jpg  (41/100)
2026-04-16 23:09:53,774 INFO   + [pre1950s] si_pre1950s_7ca0c6fff45e.jpg  (42/100)
2026-04-16 23:09:56,263 INFO   + [pre1950s] si_pre1950s_9456a92f59e5.jpg  (43/100)
2026-04-16 23:12:48,440 INFO   + [pre1950s] si_pre1950s_0139d5b241a2.jpg  (44/100)
2026-04-16 23:12:54,053 INFO   + [pre1950s] si_pre1950s_dd8ccba927e2.jpg  (45/100)
2026-04-16 23:12:57,511 INFO   + [pre1950s] si_pre1950s_eedffb1eef14.jpg  (46/100)
2026-04-16 23:13:04,501 INFO   + [pre1950s] si_pre1950s_3af071ef07fc.jpg  (47/100)
2026-04-16 23:13:06,936 INFO   + [pre1950s] si_pre1950s_f67eee86fc03.jpg  (48/100)
2026-04-16 23:13:09,541 INFO   + [pre1950s] si_pre1950s_f6d2900b19a1.jpg  (49/100)
2026-04-16 23:13:12,135 INFO   + [pre1950s] si_pre1950s_4b279d92695a.jpg  (50/100)
2026-04-16 23:13:14,935 INFO   + [pre1950s] si_pre1950s_e1d10fed2705.jpg  (51/100)
2026-04-16 23:13:20,302 INFO   + [pre1950s] si_pre1950s_8a3d0c9bb1f7.jpg  (52/100)
2026-04-16 23:13:23,043 INFO   + [pre1950s] si_pre1950s_0256430d6ff6.jpg  (53/100)
2026-04-16 23:13:25,506 INFO   + [pre1950s] si_pre1950s_01afed8d7d6e.jpg  (54/100)
2026-04-16 23:13:27,806 INFO   + [pre1950s] si_pre1950s_8e684dd3d8fa.jpg  (55/100)
2026-04-16 23:13:30,355 INFO   + [pre1950s] si_pre1950s_4c442a3a744e.jpg  (56/100)
2026-04-16 23:13:33,188 INFO   + [pre1950s] si_pre1950s_b4fd89682319.jpg  (57/100)
2026-04-16 23:13:35,741 INFO   + [pre1950s] si_pre1950s_900f999e1d0c.jpg  (58/100)
2026-04-16 23:13:38,126 INFO   + [pre1950s] si_pre1950s_0bd64103e401.jpg  (59/100)
2026-04-16 23:13:39,615 INFO   + [pre1950s] si_pre1950s_752479ac3f66.jpg  (60/100)
2026-04-16 23:13:42,803 INFO   + [pre1950s] si_pre1950s_80186341c60d.jpg  (61/100)
2026-04-16 23:13:51,773 INFO   + [pre1950s] si_pre1950s_d4f0976b0017.jpg  (62/100)
2026-04-16 23:13:54,471 INFO   + [pre1950s] si_pre1950s_3d7309431699.jpg  (63/100)
2026-04-16 23:13:57,187 INFO   + [pre1950s] si_pre1950s_1c7f15e34f0d.jpg  (64/100)
2026-04-16 23:13:59,857 INFO   + [pre1950s] si_pre1950s_779e1f50465d.jpg  (65/100)
2026-04-16 23:14:05,417 INFO   + [pre1950s] si_pre1950s_d3ab532f0154.jpg  (66/100)
2026-04-16 23:14:08,728 INFO   + [pre1950s] si_pre1950s_83171593068a.jpg  (67/100)
2026-04-16 23:15:54,389 INFO   + [pre1950s] si_pre1950s_34e39fed986a.jpg  (68/100)
2026-04-16 23:15:57,100 INFO   + [pre1950s] si_pre1950s_c3e6143056e9.jpg  (69/100)
2026-04-16 23:15:59,678 INFO   + [pre1950s] si_pre1950s_dc0104533823.jpg  (70/100)
2026-04-16 23:16:03,437 INFO   + [pre1950s] si_pre1950s_8abd47153a1c.jpg  (71/100)
2026-04-16 23:16:06,116 INFO   + [pre1950s] si_pre1950s_75d838e96560.jpg  (72/100)
2026-04-16 23:16:10,143 INFO   + [pre1950s] si_pre1950s_ae4b08eb8fa4.jpg  (73/100)
2026-04-16 23:16:13,470 INFO   + [pre1950s] si_pre1950s_80d45f6aebb7.jpg  (74/100)
2026-04-16 23:16:14,847 INFO   + [pre1950s] si_pre1950s_8c23a93a3661.jpg  (75/100)
2026-04-16 23:16:17,677 INFO   + [pre1950s] si_pre1950s_52549604b135.jpg  (76/100)
2026-04-16 23:16:20,037 INFO   + [pre1950s] si_pre1950s_4d75bcb1902c.jpg  (77/100)
2026-04-16 23:16:26,775 INFO   + [pre1950s] si_pre1950s_aa7eb3c4f482.jpg  (78/100)
2026-04-16 23:16:29,415 INFO   + [pre1950s] si_pre1950s_d887e96f8268.jpg  (79/100)
2026-04-16 23:16:32,210 INFO   + [pre1950s] si_pre1950s_91150ad26145.jpg  (80/100)
2026-04-16 23:16:34,773 INFO   + [pre1950s] si_pre1950s_f64bd863f996.jpg  (81/100)
2026-04-16 23:16:43,966 INFO   + [pre1950s] si_pre1950s_ae2a78e12a8c.jpg  (82/100)
2026-04-16 23:16:46,573 INFO   + [pre1950s] si_pre1950s_e891adb29c24.jpg  (83/100)
2026-04-16 23:16:52,019 INFO   + [pre1950s] si_pre1950s_b2b1f2b8d064.jpg  (84/100)
2026-04-16 23:17:00,416 INFO   + [pre1950s] si_pre1950s_d866a87d9cd0.jpg  (85/100)
2026-04-16 23:17:03,014 INFO   + [pre1950s] si_pre1950s_31299a753581.jpg  (86/100)
2026-04-16 23:17:06,450 INFO   + [pre1950s] si_pre1950s_8dc85c7f1780.jpg  (87/100)
2026-04-16 23:17:09,510 INFO   + [pre1950s] si_pre1950s_25446f1d3008.jpg  (88/100)
2026-04-16 23:17:12,349 INFO   + [pre1950s] si_pre1950s_cec7304fb548.jpg  (89/100)
2026-04-16 23:17:14,870 INFO   + [pre1950s] si_pre1950s_2a2d7cbf7909.jpg  (90/100)
2026-04-16 23:17:17,374 INFO   + [pre1950s] si_pre1950s_b7d1175f024c.jpg  (91/100)
2026-04-16 23:17:20,098 INFO   + [pre1950s] si_pre1950s_16e9c3a420e9.jpg  (92/100)
2026-04-16 23:17:26,964 INFO   + [pre1950s] si_pre1950s_c169b455ba18.jpg  (93/100)
2026-04-16 23:17:29,040 INFO   + [pre1950s] si_pre1950s_4a169c532ea6.jpg  (94/100)
2026-04-16 23:17:31,587 INFO   + [pre1950s] si_pre1950s_43fb5e4ad147.jpg  (95/100)
2026-04-16 23:17:35,029 INFO   + [pre1950s] si_pre1950s_1f26da12abcd.jpg  (96/100)
2026-04-16 23:17:37,400 INFO   + [pre1950s] si_pre1950s_9cffe1f53239.jpg  (97/100)
2026-04-16 23:17:38,695 INFO   + [pre1950s] si_pre1950s_c7a1c8fd64f5.jpg  (98/100)
2026-04-16 23:17:41,029 INFO   + [pre1950s] si_pre1950s_bc23bedc93ab.jpg  (99/100)
2026-04-16 23:17:43,174 INFO   + [pre1950s] si_pre1950s_ee24af7c981b.jpg  (100/100)
2026-04-16 23:17:43,176 INFO 
── 1950s (1950–1959) ──
2026-04-16 23:17:43,176 INFO   [1950s] filter: object_type:"Letters (correspondence)"
